This is Ultimate 0.2.4-dev-0e0057c
[2024-07-08 16:23:24,902 INFO  L188        SettingsManager]: Resetting all preferences to default values...
[2024-07-08 16:23:24,978 INFO  L114        SettingsManager]: Loading settings from /home/qingshi1019/UAutomizer/config/svcomp-Overflow-64bit-Automizer_Default.epf
[2024-07-08 16:23:24,984 WARN  L101        SettingsManager]: Preference file contains the following unknown settings:
[2024-07-08 16:23:24,985 WARN  L103        SettingsManager]:   * de.uni_freiburg.informatik.ultimate.core.Log level for class
[2024-07-08 16:23:25,014 INFO  L130        SettingsManager]: Preferences different from defaults after loading the file:
[2024-07-08 16:23:25,015 INFO  L151        SettingsManager]: Preferences of UltimateCore differ from their defaults:
[2024-07-08 16:23:25,016 INFO  L153        SettingsManager]:  * Log level for class=de.uni_freiburg.informatik.ultimate.lib.smtlibutils.quantifier.QuantifierPusher=ERROR;
[2024-07-08 16:23:25,016 INFO  L151        SettingsManager]: Preferences of Boogie Preprocessor differ from their defaults:
[2024-07-08 16:23:25,017 INFO  L153        SettingsManager]:  * Use memory slicer=true
[2024-07-08 16:23:25,017 INFO  L151        SettingsManager]: Preferences of Boogie Procedure Inliner differ from their defaults:
[2024-07-08 16:23:25,018 INFO  L153        SettingsManager]:  * Ignore calls to procedures called more than once=ONLY_FOR_SEQUENTIAL_PROGRAMS
[2024-07-08 16:23:25,018 INFO  L151        SettingsManager]: Preferences of BlockEncodingV2 differ from their defaults:
[2024-07-08 16:23:25,019 INFO  L153        SettingsManager]:  * Create parallel compositions if possible=false
[2024-07-08 16:23:25,019 INFO  L153        SettingsManager]:  * Use SBE=true
[2024-07-08 16:23:25,020 INFO  L151        SettingsManager]: Preferences of CACSL2BoogieTranslator differ from their defaults:
[2024-07-08 16:23:25,020 INFO  L153        SettingsManager]:  * Pointer base address is valid at dereference=IGNORE
[2024-07-08 16:23:25,021 INFO  L153        SettingsManager]:  * Overapproximate operations on floating types=true
[2024-07-08 16:23:25,021 INFO  L153        SettingsManager]:  * Check division by zero=IGNORE
[2024-07-08 16:23:25,022 INFO  L153        SettingsManager]:  * Pointer to allocated memory at dereference=IGNORE
[2024-07-08 16:23:25,022 INFO  L153        SettingsManager]:  * If two pointers are subtracted or compared they have the same base address=IGNORE
[2024-07-08 16:23:25,022 INFO  L153        SettingsManager]:  * Check array bounds for arrays that are off heap=IGNORE
[2024-07-08 16:23:25,023 INFO  L153        SettingsManager]:  * Check absence of signed integer overflows=true
[2024-07-08 16:23:25,023 INFO  L153        SettingsManager]:  * Check unreachability of reach_error function=false
[2024-07-08 16:23:25,024 INFO  L153        SettingsManager]:  * Check if freed pointer was valid=false
[2024-07-08 16:23:25,024 INFO  L153        SettingsManager]:  * Use constant arrays=true
[2024-07-08 16:23:25,025 INFO  L151        SettingsManager]: Preferences of RCFGBuilder differ from their defaults:
[2024-07-08 16:23:25,025 INFO  L153        SettingsManager]:  * Size of a code block=SequenceOfStatements
[2024-07-08 16:23:25,025 INFO  L153        SettingsManager]:  * Only consider context switches at boundaries of atomic blocks=true
[2024-07-08 16:23:25,026 INFO  L153        SettingsManager]:  * SMT solver=External_DefaultMode
[2024-07-08 16:23:25,026 INFO  L153        SettingsManager]:  * Command for external solver=z3 SMTLIB2_COMPLIANT=true -memory:2024 -smt2 -in -t:4000
[2024-07-08 16:23:25,026 INFO  L151        SettingsManager]: Preferences of TraceAbstraction differ from their defaults:
[2024-07-08 16:23:25,027 INFO  L153        SettingsManager]:  * Compute Interpolants along a Counterexample=FPandBP
[2024-07-08 16:23:25,027 INFO  L153        SettingsManager]:  * Positions where we compute the Hoare Annotation=LoopHeads
[2024-07-08 16:23:25,027 INFO  L153        SettingsManager]:  * Trace refinement strategy=CAMEL
[2024-07-08 16:23:25,028 INFO  L153        SettingsManager]:  * Command for external solver=z3 SMTLIB2_COMPLIANT=true -memory:2024 -smt2 -in
[2024-07-08 16:23:25,028 INFO  L153        SettingsManager]:  * Apply one-shot large block encoding in concurrent analysis=false
[2024-07-08 16:23:25,028 INFO  L153        SettingsManager]:  * Automaton type used in concurrency analysis=PETRI_NET
[2024-07-08 16:23:25,029 INFO  L153        SettingsManager]:  * Compute Hoare Annotation of negated interpolant automaton, abstraction and CFG=true
[2024-07-08 16:23:25,029 INFO  L153        SettingsManager]:  * Order on configurations for Petri net unfoldings=DBO
[2024-07-08 16:23:25,029 INFO  L153        SettingsManager]:  * SMT solver=External_ModelsAndUnsatCoreMode
[2024-07-08 16:23:25,030 INFO  L153        SettingsManager]:  * Looper check in Petri net analysis=SEMANTIC
WARNING: An illegal reflective access operation has occurred
WARNING: Illegal reflective access by com.sun.xml.bind.v2.runtime.reflect.opt.Injector$1 (file:/home/qingshi1019/UAutomizer/plugins/com.sun.xml.bind_2.2.0.v201505121915.jar) to method java.lang.ClassLoader.defineClass(java.lang.String,byte[],int,int)
WARNING: Please consider reporting this to the maintainers of com.sun.xml.bind.v2.runtime.reflect.opt.Injector$1
WARNING: Use --illegal-access=warn to enable warnings of further illegal reflective access operations
WARNING: All illegal access operations will be denied in a future release
Applying setting for plugin de.uni_freiburg.informatik.ultimate.plugins.generator.cacsl2boogietranslator: Entry function -> main
Applying setting for plugin de.uni_freiburg.informatik.ultimate.witnessprinter: Witness directory -> /home/qingshi1019/UAutomizer
Applying setting for plugin de.uni_freiburg.informatik.ultimate.witnessprinter: Witness filename -> witness
Applying setting for plugin de.uni_freiburg.informatik.ultimate.witnessprinter: Write witness besides input file -> false
Applying setting for plugin de.uni_freiburg.informatik.ultimate.witnessprinter: Graph data specification -> CHECK( init(main()), LTL(G ! overflow) )


Applying setting for plugin de.uni_freiburg.informatik.ultimate.witnessprinter: Graph data producer -> Automizer
Applying setting for plugin de.uni_freiburg.informatik.ultimate.witnessprinter: Graph data architecture -> 64bit
Applying setting for plugin de.uni_freiburg.informatik.ultimate.witnessprinter: Graph data programhash -> 82ff3e2f1474aa6a4e625ed17b2503478711fbe8d867c51d0b5e05e0b01e18c9
[2024-07-08 16:23:25,376 INFO  L75    nceAwareModelManager]: Repository-Root is: /tmp
[2024-07-08 16:23:25,405 INFO  L261   ainManager$Toolchain]: [Toolchain 1]: Applicable parser(s) successfully (re)initialized
[2024-07-08 16:23:25,409 INFO  L217   ainManager$Toolchain]: [Toolchain 1]: Toolchain selected.
[2024-07-08 16:23:25,411 INFO  L270        PluginConnector]: Initializing CDTParser...
[2024-07-08 16:23:25,412 INFO  L274        PluginConnector]: CDTParser initialized
[2024-07-08 16:23:25,414 INFO  L431   ainManager$Toolchain]: [Toolchain 1]: Parsing single file: /home/qingshi1019/UAutomizer/repositories/corefreqd.i
[2024-07-08 16:23:26,792 INFO  L533              CDTParser]: Created temporary CDT project at NULL
[2024-07-08 16:23:27,366 INFO  L384              CDTParser]: Found 1 translation units.
[2024-07-08 16:23:27,367 INFO  L180              CDTParser]: Scanning /home/qingshi1019/UAutomizer/repositories/corefreqd.i
[2024-07-08 16:23:27,406 INFO  L427              CDTParser]: About to delete temporary CDT project at /home/qingshi1019/UAutomizer/data/c5ac5f7d9/6e3df799c7a545df9fd35155f826b54d/FLAGb3a9ef6c1
[2024-07-08 16:23:27,432 INFO  L435              CDTParser]: Successfully deleted /home/qingshi1019/UAutomizer/data/c5ac5f7d9/6e3df799c7a545df9fd35155f826b54d
[2024-07-08 16:23:27,435 INFO  L299   ainManager$Toolchain]: ####################### [Toolchain 1] #######################
[2024-07-08 16:23:27,438 INFO  L133        ToolchainWalker]: Walking toolchain with 6 elements.
[2024-07-08 16:23:27,439 INFO  L112        PluginConnector]: ------------------------CACSL2BoogieTranslator----------------------------
[2024-07-08 16:23:27,439 INFO  L270        PluginConnector]: Initializing CACSL2BoogieTranslator...
[2024-07-08 16:23:27,446 INFO  L274        PluginConnector]: CACSL2BoogieTranslator initialized
[2024-07-08 16:23:27,447 INFO  L184        PluginConnector]: Executing the observer ACSLObjectContainerObserver from plugin CACSL2BoogieTranslator for "CDTParser AST 08.07 04:23:27" (1/1) ...
[2024-07-08 16:23:27,448 INFO  L204        PluginConnector]: Invalid model from CACSL2BoogieTranslator for observer de.uni_freiburg.informatik.ultimate.plugins.generator.cacsl2boogietranslator.ACSLObjectContainerObserver@7f0b13ec and model type de.uni_freiburg.informatik.ultimate.plugins.generator.cacsl2boogietranslator AST 08.07 04:23:27, skipping insertion in model container
[2024-07-08 16:23:27,448 INFO  L184        PluginConnector]: Executing the observer CACSL2BoogieTranslatorObserver from plugin CACSL2BoogieTranslator for "CDTParser AST 08.07 04:23:27" (1/1) ...
[2024-07-08 16:23:27,598 INFO  L177         MainTranslator]: Built tables and reachable declarations
[2024-07-08 16:23:27,848 ERROR L324         MainTranslator]: Unsupported Syntax: Undefined type _Float32
[2024-07-08 16:23:27,848 INFO  L204        PluginConnector]: Invalid model from CACSL2BoogieTranslator for observer de.uni_freiburg.informatik.ultimate.plugins.generator.cacsl2boogietranslator.CACSL2BoogieTranslatorObserver@1b34df2a and model type de.uni_freiburg.informatik.ultimate.plugins.generator.cacsl2boogietranslator AST 08.07 04:23:27, skipping insertion in model container
[2024-07-08 16:23:27,849 INFO  L131        PluginConnector]: ------------------------ END CACSL2BoogieTranslator----------------------------
[2024-07-08 16:23:27,849 INFO  L186        ToolchainWalker]: Toolchain execution was canceled (user or tool) before executing de.uni_freiburg.informatik.ultimate.boogie.procedureinliner
[2024-07-08 16:23:27,851 INFO  L158              Benchmark]: Toolchain (without parser) took 412.91ms. Allocated memory was 67.1MB in the beginning and 81.8MB in the end (delta: 14.7MB). Free memory was 39.6MB in the beginning and 50.3MB in the end (delta: -10.7MB). Peak memory consumption was 20.1MB. Max. memory is 16.1GB.
[2024-07-08 16:23:27,852 INFO  L158              Benchmark]: CDTParser took 0.29ms. Allocated memory is still 50.3MB. Free memory was 25.8MB in the beginning and 25.8MB in the end (delta: 69.9kB). There was no memory consumed. Max. memory is 16.1GB.
[2024-07-08 16:23:27,853 INFO  L158              Benchmark]: CACSL2BoogieTranslator took 409.73ms. Allocated memory was 67.1MB in the beginning and 81.8MB in the end (delta: 14.7MB). Free memory was 39.4MB in the beginning and 50.3MB in the end (delta: -10.9MB). Peak memory consumption was 20.1MB. Max. memory is 16.1GB.
[2024-07-08 16:23:27,854 INFO  L338   ainManager$Toolchain]: #######################  End [Toolchain 1] #######################
 --- Results ---
 * Results from de.uni_freiburg.informatik.ultimate.core:
  - StatisticsResult: Toolchain Benchmarks
    Benchmark results are:
 * CDTParser took 0.29ms. Allocated memory is still 50.3MB. Free memory was 25.8MB in the beginning and 25.8MB in the end (delta: 69.9kB). There was no memory consumed. Max. memory is 16.1GB.
 * CACSL2BoogieTranslator took 409.73ms. Allocated memory was 67.1MB in the beginning and 81.8MB in the end (delta: 14.7MB). Free memory was 39.4MB in the beginning and 50.3MB in the end (delta: -10.9MB). Peak memory consumption was 20.1MB. Max. memory is 16.1GB.
 * Results from de.uni_freiburg.informatik.ultimate.plugins.generator.cacsl2boogietranslator:
  - UnsupportedSyntaxResult [Line: 145]: Unsupported Syntax
    Undefined type _Float32
RESULT: Ultimate could not prove your program: Toolchain returned no result.
Received shutdown request...

### Bit-precise run ###
This is Ultimate 0.2.4-dev-0e0057c
[2024-07-08 16:23:29,903 INFO  L188        SettingsManager]: Resetting all preferences to default values...
[2024-07-08 16:23:29,973 INFO  L114        SettingsManager]: Loading settings from /home/qingshi1019/UAutomizer/config/svcomp-Overflow-64bit-Automizer_Bitvector.epf
[2024-07-08 16:23:29,979 WARN  L101        SettingsManager]: Preference file contains the following unknown settings:
[2024-07-08 16:23:29,980 WARN  L103        SettingsManager]:   * de.uni_freiburg.informatik.ultimate.core.Log level for class
[2024-07-08 16:23:29,980 WARN  L103        SettingsManager]:   * de.uni_freiburg.informatik.ultimate.plugins.generator.cacsl2boogietranslator.Checked method. Library mode if empty.
[2024-07-08 16:23:30,006 INFO  L130        SettingsManager]: Preferences different from defaults after loading the file:
[2024-07-08 16:23:30,007 INFO  L151        SettingsManager]: Preferences of UltimateCore differ from their defaults:
[2024-07-08 16:23:30,007 INFO  L153        SettingsManager]:  * Log level for class=de.uni_freiburg.informatik.ultimate.lib.smtlibutils.quantifier.QuantifierPusher=ERROR;
[2024-07-08 16:23:30,008 INFO  L151        SettingsManager]: Preferences of Boogie Preprocessor differ from their defaults:
[2024-07-08 16:23:30,008 INFO  L153        SettingsManager]:  * Use memory slicer=true
[2024-07-08 16:23:30,009 INFO  L151        SettingsManager]: Preferences of Boogie Procedure Inliner differ from their defaults:
[2024-07-08 16:23:30,009 INFO  L153        SettingsManager]:  * Ignore calls to procedures called more than once=ONLY_FOR_SEQUENTIAL_PROGRAMS
[2024-07-08 16:23:30,010 INFO  L151        SettingsManager]: Preferences of BlockEncodingV2 differ from their defaults:
[2024-07-08 16:23:30,010 INFO  L153        SettingsManager]:  * Create parallel compositions if possible=false
[2024-07-08 16:23:30,011 INFO  L153        SettingsManager]:  * Use SBE=true
[2024-07-08 16:23:30,011 INFO  L151        SettingsManager]: Preferences of CACSL2BoogieTranslator differ from their defaults:
[2024-07-08 16:23:30,011 INFO  L153        SettingsManager]:  * Pointer base address is valid at dereference=IGNORE
[2024-07-08 16:23:30,012 INFO  L153        SettingsManager]:  * Check division by zero=IGNORE
[2024-07-08 16:23:30,012 INFO  L153        SettingsManager]:  * Pointer to allocated memory at dereference=IGNORE
[2024-07-08 16:23:30,013 INFO  L153        SettingsManager]:  * If two pointers are subtracted or compared they have the same base address=IGNORE
[2024-07-08 16:23:30,013 INFO  L153        SettingsManager]:  * Check array bounds for arrays that are off heap=IGNORE
[2024-07-08 16:23:30,013 INFO  L153        SettingsManager]:  * Adapt memory model on pointer casts if necessary=true
[2024-07-08 16:23:30,014 INFO  L153        SettingsManager]:  * Use bitvectors instead of ints=true
[2024-07-08 16:23:30,014 INFO  L153        SettingsManager]:  * Check absence of signed integer overflows=true
[2024-07-08 16:23:30,014 INFO  L153        SettingsManager]:  * Memory model=HoenickeLindenmann_4ByteResolution
[2024-07-08 16:23:30,015 INFO  L153        SettingsManager]:  * Check unreachability of reach_error function=false
[2024-07-08 16:23:30,015 INFO  L153        SettingsManager]:  * Check if freed pointer was valid=false
[2024-07-08 16:23:30,016 INFO  L153        SettingsManager]:  * Use constant arrays=true
[2024-07-08 16:23:30,016 INFO  L151        SettingsManager]: Preferences of RCFGBuilder differ from their defaults:
[2024-07-08 16:23:30,016 INFO  L153        SettingsManager]:  * Size of a code block=SequenceOfStatements
[2024-07-08 16:23:30,017 INFO  L153        SettingsManager]:  * Only consider context switches at boundaries of atomic blocks=true
[2024-07-08 16:23:30,017 INFO  L153        SettingsManager]:  * SMT solver=External_DefaultMode
[2024-07-08 16:23:30,017 INFO  L153        SettingsManager]:  * Command for external solver=z3 SMTLIB2_COMPLIANT=true -memory:2024 -smt2 -in -t:4000
[2024-07-08 16:23:30,017 INFO  L151        SettingsManager]: Preferences of TraceAbstraction differ from their defaults:
[2024-07-08 16:23:30,018 INFO  L153        SettingsManager]:  * Compute Interpolants along a Counterexample=FPandBP
[2024-07-08 16:23:30,018 INFO  L153        SettingsManager]:  * Positions where we compute the Hoare Annotation=LoopHeads
[2024-07-08 16:23:30,018 INFO  L153        SettingsManager]:  * Trace refinement strategy=WOLF
[2024-07-08 16:23:30,018 INFO  L153        SettingsManager]:  * Command for external solver=cvc4 --incremental --print-success --lang smt 
[2024-07-08 16:23:30,019 INFO  L153        SettingsManager]:  * Apply one-shot large block encoding in concurrent analysis=false
[2024-07-08 16:23:30,019 INFO  L153        SettingsManager]:  * Automaton type used in concurrency analysis=PETRI_NET
[2024-07-08 16:23:30,019 INFO  L153        SettingsManager]:  * Compute Hoare Annotation of negated interpolant automaton, abstraction and CFG=true
[2024-07-08 16:23:30,020 INFO  L153        SettingsManager]:  * Order on configurations for Petri net unfoldings=DBO
[2024-07-08 16:23:30,020 INFO  L153        SettingsManager]:  * SMT solver=External_ModelsAndUnsatCoreMode
[2024-07-08 16:23:30,020 INFO  L153        SettingsManager]:  * Logic for external solver=AUFBV
[2024-07-08 16:23:30,020 INFO  L153        SettingsManager]:  * Looper check in Petri net analysis=SEMANTIC
WARNING: An illegal reflective access operation has occurred
WARNING: Illegal reflective access by com.sun.xml.bind.v2.runtime.reflect.opt.Injector$1 (file:/home/qingshi1019/UAutomizer/plugins/com.sun.xml.bind_2.2.0.v201505121915.jar) to method java.lang.ClassLoader.defineClass(java.lang.String,byte[],int,int)
WARNING: Please consider reporting this to the maintainers of com.sun.xml.bind.v2.runtime.reflect.opt.Injector$1
WARNING: Use --illegal-access=warn to enable warnings of further illegal reflective access operations
WARNING: All illegal access operations will be denied in a future release
Applying setting for plugin de.uni_freiburg.informatik.ultimate.plugins.generator.cacsl2boogietranslator: Entry function -> main
Applying setting for plugin de.uni_freiburg.informatik.ultimate.witnessprinter: Witness directory -> /home/qingshi1019/UAutomizer
Applying setting for plugin de.uni_freiburg.informatik.ultimate.witnessprinter: Witness filename -> witness
Applying setting for plugin de.uni_freiburg.informatik.ultimate.witnessprinter: Write witness besides input file -> false
Applying setting for plugin de.uni_freiburg.informatik.ultimate.witnessprinter: Graph data specification -> CHECK( init(main()), LTL(G ! overflow) )


Applying setting for plugin de.uni_freiburg.informatik.ultimate.witnessprinter: Graph data producer -> Automizer
Applying setting for plugin de.uni_freiburg.informatik.ultimate.witnessprinter: Graph data architecture -> 64bit
Applying setting for plugin de.uni_freiburg.informatik.ultimate.witnessprinter: Graph data programhash -> 82ff3e2f1474aa6a4e625ed17b2503478711fbe8d867c51d0b5e05e0b01e18c9
[2024-07-08 16:23:30,347 INFO  L75    nceAwareModelManager]: Repository-Root is: /tmp
[2024-07-08 16:23:30,373 INFO  L261   ainManager$Toolchain]: [Toolchain 1]: Applicable parser(s) successfully (re)initialized
[2024-07-08 16:23:30,376 INFO  L217   ainManager$Toolchain]: [Toolchain 1]: Toolchain selected.
[2024-07-08 16:23:30,378 INFO  L270        PluginConnector]: Initializing CDTParser...
[2024-07-08 16:23:30,378 INFO  L274        PluginConnector]: CDTParser initialized
[2024-07-08 16:23:30,380 INFO  L431   ainManager$Toolchain]: [Toolchain 1]: Parsing single file: /home/qingshi1019/UAutomizer/repositories/corefreqd.i
[2024-07-08 16:23:31,758 INFO  L533              CDTParser]: Created temporary CDT project at NULL
[2024-07-08 16:23:32,416 INFO  L384              CDTParser]: Found 1 translation units.
[2024-07-08 16:23:32,417 INFO  L180              CDTParser]: Scanning /home/qingshi1019/UAutomizer/repositories/corefreqd.i
[2024-07-08 16:23:32,482 INFO  L427              CDTParser]: About to delete temporary CDT project at /home/qingshi1019/UAutomizer/data/c799c8ca0/ac6d61e654574ff2ac00956fc4e9690f/FLAGbe55d5f7d
[2024-07-08 16:23:32,503 INFO  L435              CDTParser]: Successfully deleted /home/qingshi1019/UAutomizer/data/c799c8ca0/ac6d61e654574ff2ac00956fc4e9690f
[2024-07-08 16:23:32,507 INFO  L299   ainManager$Toolchain]: ####################### [Toolchain 1] #######################
[2024-07-08 16:23:32,509 INFO  L133        ToolchainWalker]: Walking toolchain with 6 elements.
[2024-07-08 16:23:32,512 INFO  L112        PluginConnector]: ------------------------CACSL2BoogieTranslator----------------------------
[2024-07-08 16:23:32,512 INFO  L270        PluginConnector]: Initializing CACSL2BoogieTranslator...
[2024-07-08 16:23:32,519 INFO  L274        PluginConnector]: CACSL2BoogieTranslator initialized
[2024-07-08 16:23:32,519 INFO  L184        PluginConnector]: Executing the observer ACSLObjectContainerObserver from plugin CACSL2BoogieTranslator for "CDTParser AST 08.07 04:23:32" (1/1) ...
[2024-07-08 16:23:32,521 INFO  L204        PluginConnector]: Invalid model from CACSL2BoogieTranslator for observer de.uni_freiburg.informatik.ultimate.plugins.generator.cacsl2boogietranslator.ACSLObjectContainerObserver@bbb44ce and model type de.uni_freiburg.informatik.ultimate.plugins.generator.cacsl2boogietranslator AST 08.07 04:23:32, skipping insertion in model container
[2024-07-08 16:23:32,521 INFO  L184        PluginConnector]: Executing the observer CACSL2BoogieTranslatorObserver from plugin CACSL2BoogieTranslator for "CDTParser AST 08.07 04:23:32" (1/1) ...
[2024-07-08 16:23:32,679 INFO  L177         MainTranslator]: Built tables and reachable declarations
[2024-07-08 16:23:32,936 ERROR L324         MainTranslator]: Unsupported Syntax: Undefined type _Float32
[2024-07-08 16:23:32,937 INFO  L204        PluginConnector]: Invalid model from CACSL2BoogieTranslator for observer de.uni_freiburg.informatik.ultimate.plugins.generator.cacsl2boogietranslator.CACSL2BoogieTranslatorObserver@373bdac and model type de.uni_freiburg.informatik.ultimate.plugins.generator.cacsl2boogietranslator AST 08.07 04:23:32, skipping insertion in model container
[2024-07-08 16:23:32,937 INFO  L131        PluginConnector]: ------------------------ END CACSL2BoogieTranslator----------------------------
[2024-07-08 16:23:32,938 INFO  L186        ToolchainWalker]: Toolchain execution was canceled (user or tool) before executing de.uni_freiburg.informatik.ultimate.boogie.procedureinliner
[2024-07-08 16:23:32,940 INFO  L158              Benchmark]: Toolchain (without parser) took 429.81ms. Allocated memory is still 77.6MB. Free memory was 39.1MB in the beginning and 35.3MB in the end (delta: 3.8MB). Peak memory consumption was 13.0MB. Max. memory is 16.1GB.
[2024-07-08 16:23:32,941 INFO  L158              Benchmark]: CDTParser took 0.27ms. Allocated memory is still 54.5MB. Free memory was 30.1MB in the beginning and 30.1MB in the end (delta: 52.5kB). There was no memory consumed. Max. memory is 16.1GB.
[2024-07-08 16:23:32,942 INFO  L158              Benchmark]: CACSL2BoogieTranslator took 425.77ms. Allocated memory is still 77.6MB. Free memory was 38.9MB in the beginning and 35.3MB in the end (delta: 3.6MB). Peak memory consumption was 13.0MB. Max. memory is 16.1GB.
[2024-07-08 16:23:32,943 INFO  L338   ainManager$Toolchain]: #######################  End [Toolchain 1] #######################
 --- Results ---
 * Results from de.uni_freiburg.informatik.ultimate.core:
  - StatisticsResult: Toolchain Benchmarks
    Benchmark results are:
 * CDTParser took 0.27ms. Allocated memory is still 54.5MB. Free memory was 30.1MB in the beginning and 30.1MB in the end (delta: 52.5kB). There was no memory consumed. Max. memory is 16.1GB.
 * CACSL2BoogieTranslator took 425.77ms. Allocated memory is still 77.6MB. Free memory was 38.9MB in the beginning and 35.3MB in the end (delta: 3.6MB). Peak memory consumption was 13.0MB. Max. memory is 16.1GB.
 * Results from de.uni_freiburg.informatik.ultimate.plugins.generator.cacsl2boogietranslator:
  - UnsupportedSyntaxResult [Line: 145]: Unsupported Syntax
    Undefined type _Float32
RESULT: Ultimate could not prove your program: Toolchain returned no result.
Received shutdown request...
