This is Ultimate 0.2.4-dev-0e0057c
[2024-07-08 16:24:15,474 INFO  L188        SettingsManager]: Resetting all preferences to default values...
[2024-07-08 16:24:15,545 INFO  L114        SettingsManager]: Loading settings from /home/qingshi1019/UAutomizer/config/svcomp-Overflow-64bit-Automizer_Default.epf
[2024-07-08 16:24:15,551 WARN  L101        SettingsManager]: Preference file contains the following unknown settings:
[2024-07-08 16:24:15,552 WARN  L103        SettingsManager]:   * de.uni_freiburg.informatik.ultimate.core.Log level for class
[2024-07-08 16:24:15,577 INFO  L130        SettingsManager]: Preferences different from defaults after loading the file:
[2024-07-08 16:24:15,578 INFO  L151        SettingsManager]: Preferences of UltimateCore differ from their defaults:
[2024-07-08 16:24:15,578 INFO  L153        SettingsManager]:  * Log level for class=de.uni_freiburg.informatik.ultimate.lib.smtlibutils.quantifier.QuantifierPusher=ERROR;
[2024-07-08 16:24:15,579 INFO  L151        SettingsManager]: Preferences of Boogie Preprocessor differ from their defaults:
[2024-07-08 16:24:15,579 INFO  L153        SettingsManager]:  * Use memory slicer=true
[2024-07-08 16:24:15,580 INFO  L151        SettingsManager]: Preferences of Boogie Procedure Inliner differ from their defaults:
[2024-07-08 16:24:15,580 INFO  L153        SettingsManager]:  * Ignore calls to procedures called more than once=ONLY_FOR_SEQUENTIAL_PROGRAMS
[2024-07-08 16:24:15,581 INFO  L151        SettingsManager]: Preferences of BlockEncodingV2 differ from their defaults:
[2024-07-08 16:24:15,581 INFO  L153        SettingsManager]:  * Create parallel compositions if possible=false
[2024-07-08 16:24:15,581 INFO  L153        SettingsManager]:  * Use SBE=true
[2024-07-08 16:24:15,582 INFO  L151        SettingsManager]: Preferences of CACSL2BoogieTranslator differ from their defaults:
[2024-07-08 16:24:15,582 INFO  L153        SettingsManager]:  * Pointer base address is valid at dereference=IGNORE
[2024-07-08 16:24:15,583 INFO  L153        SettingsManager]:  * Overapproximate operations on floating types=true
[2024-07-08 16:24:15,583 INFO  L153        SettingsManager]:  * Check division by zero=IGNORE
[2024-07-08 16:24:15,583 INFO  L153        SettingsManager]:  * Pointer to allocated memory at dereference=IGNORE
[2024-07-08 16:24:15,584 INFO  L153        SettingsManager]:  * If two pointers are subtracted or compared they have the same base address=IGNORE
[2024-07-08 16:24:15,584 INFO  L153        SettingsManager]:  * Check array bounds for arrays that are off heap=IGNORE
[2024-07-08 16:24:15,585 INFO  L153        SettingsManager]:  * Check absence of signed integer overflows=true
[2024-07-08 16:24:15,585 INFO  L153        SettingsManager]:  * Check unreachability of reach_error function=false
[2024-07-08 16:24:15,586 INFO  L153        SettingsManager]:  * Check if freed pointer was valid=false
[2024-07-08 16:24:15,586 INFO  L153        SettingsManager]:  * Use constant arrays=true
[2024-07-08 16:24:15,587 INFO  L151        SettingsManager]: Preferences of RCFGBuilder differ from their defaults:
[2024-07-08 16:24:15,587 INFO  L153        SettingsManager]:  * Size of a code block=SequenceOfStatements
[2024-07-08 16:24:15,588 INFO  L153        SettingsManager]:  * Only consider context switches at boundaries of atomic blocks=true
[2024-07-08 16:24:15,588 INFO  L153        SettingsManager]:  * SMT solver=External_DefaultMode
[2024-07-08 16:24:15,589 INFO  L153        SettingsManager]:  * Command for external solver=z3 SMTLIB2_COMPLIANT=true -memory:2024 -smt2 -in -t:4000
[2024-07-08 16:24:15,589 INFO  L151        SettingsManager]: Preferences of TraceAbstraction differ from their defaults:
[2024-07-08 16:24:15,590 INFO  L153        SettingsManager]:  * Compute Interpolants along a Counterexample=FPandBP
[2024-07-08 16:24:15,590 INFO  L153        SettingsManager]:  * Positions where we compute the Hoare Annotation=LoopHeads
[2024-07-08 16:24:15,591 INFO  L153        SettingsManager]:  * Trace refinement strategy=CAMEL
[2024-07-08 16:24:15,591 INFO  L153        SettingsManager]:  * Command for external solver=z3 SMTLIB2_COMPLIANT=true -memory:2024 -smt2 -in
[2024-07-08 16:24:15,592 INFO  L153        SettingsManager]:  * Apply one-shot large block encoding in concurrent analysis=false
[2024-07-08 16:24:15,592 INFO  L153        SettingsManager]:  * Automaton type used in concurrency analysis=PETRI_NET
[2024-07-08 16:24:15,600 INFO  L153        SettingsManager]:  * Compute Hoare Annotation of negated interpolant automaton, abstraction and CFG=true
[2024-07-08 16:24:15,601 INFO  L153        SettingsManager]:  * Order on configurations for Petri net unfoldings=DBO
[2024-07-08 16:24:15,601 INFO  L153        SettingsManager]:  * SMT solver=External_ModelsAndUnsatCoreMode
[2024-07-08 16:24:15,602 INFO  L153        SettingsManager]:  * Looper check in Petri net analysis=SEMANTIC
WARNING: An illegal reflective access operation has occurred
WARNING: Illegal reflective access by com.sun.xml.bind.v2.runtime.reflect.opt.Injector$1 (file:/home/qingshi1019/UAutomizer/plugins/com.sun.xml.bind_2.2.0.v201505121915.jar) to method java.lang.ClassLoader.defineClass(java.lang.String,byte[],int,int)
WARNING: Please consider reporting this to the maintainers of com.sun.xml.bind.v2.runtime.reflect.opt.Injector$1
WARNING: Use --illegal-access=warn to enable warnings of further illegal reflective access operations
WARNING: All illegal access operations will be denied in a future release
Applying setting for plugin de.uni_freiburg.informatik.ultimate.plugins.generator.cacsl2boogietranslator: Entry function -> main
Applying setting for plugin de.uni_freiburg.informatik.ultimate.witnessprinter: Witness directory -> /home/qingshi1019/UAutomizer
Applying setting for plugin de.uni_freiburg.informatik.ultimate.witnessprinter: Witness filename -> witness
Applying setting for plugin de.uni_freiburg.informatik.ultimate.witnessprinter: Write witness besides input file -> false
Applying setting for plugin de.uni_freiburg.informatik.ultimate.witnessprinter: Graph data specification -> CHECK( init(main()), LTL(G ! overflow) )


Applying setting for plugin de.uni_freiburg.informatik.ultimate.witnessprinter: Graph data producer -> Automizer
Applying setting for plugin de.uni_freiburg.informatik.ultimate.witnessprinter: Graph data architecture -> 64bit
Applying setting for plugin de.uni_freiburg.informatik.ultimate.witnessprinter: Graph data programhash -> 12d571c25d06f539b6fab93c30a99a059d159f35d064751c87878289d0f6dde0
[2024-07-08 16:24:15,940 INFO  L75    nceAwareModelManager]: Repository-Root is: /tmp
[2024-07-08 16:24:15,964 INFO  L261   ainManager$Toolchain]: [Toolchain 1]: Applicable parser(s) successfully (re)initialized
[2024-07-08 16:24:15,968 INFO  L217   ainManager$Toolchain]: [Toolchain 1]: Toolchain selected.
[2024-07-08 16:24:15,970 INFO  L270        PluginConnector]: Initializing CDTParser...
[2024-07-08 16:24:15,970 INFO  L274        PluginConnector]: CDTParser initialized
[2024-07-08 16:24:15,973 INFO  L431   ainManager$Toolchain]: [Toolchain 1]: Parsing single file: /home/qingshi1019/UAutomizer/repositories/kona-main.i
[2024-07-08 16:24:17,449 INFO  L533              CDTParser]: Created temporary CDT project at NULL
[2024-07-08 16:24:17,940 INFO  L384              CDTParser]: Found 1 translation units.
[2024-07-08 16:24:17,940 INFO  L180              CDTParser]: Scanning /home/qingshi1019/UAutomizer/repositories/kona-main.i
[2024-07-08 16:24:17,979 INFO  L427              CDTParser]: About to delete temporary CDT project at /home/qingshi1019/UAutomizer/data/00c4ee6b2/a74551f9c5f8401d95d8c9eb2c234599/FLAG7fbbead37
[2024-07-08 16:24:18,004 INFO  L435              CDTParser]: Successfully deleted /home/qingshi1019/UAutomizer/data/00c4ee6b2/a74551f9c5f8401d95d8c9eb2c234599
[2024-07-08 16:24:18,007 INFO  L299   ainManager$Toolchain]: ####################### [Toolchain 1] #######################
[2024-07-08 16:24:18,009 INFO  L133        ToolchainWalker]: Walking toolchain with 6 elements.
[2024-07-08 16:24:18,011 INFO  L112        PluginConnector]: ------------------------CACSL2BoogieTranslator----------------------------
[2024-07-08 16:24:18,011 INFO  L270        PluginConnector]: Initializing CACSL2BoogieTranslator...
[2024-07-08 16:24:18,017 INFO  L274        PluginConnector]: CACSL2BoogieTranslator initialized
[2024-07-08 16:24:18,018 INFO  L184        PluginConnector]: Executing the observer ACSLObjectContainerObserver from plugin CACSL2BoogieTranslator for "CDTParser AST 08.07 04:24:18" (1/1) ...
[2024-07-08 16:24:18,020 INFO  L204        PluginConnector]: Invalid model from CACSL2BoogieTranslator for observer de.uni_freiburg.informatik.ultimate.plugins.generator.cacsl2boogietranslator.ACSLObjectContainerObserver@1acc951f and model type de.uni_freiburg.informatik.ultimate.plugins.generator.cacsl2boogietranslator AST 08.07 04:24:18, skipping insertion in model container
[2024-07-08 16:24:18,020 INFO  L184        PluginConnector]: Executing the observer CACSL2BoogieTranslatorObserver from plugin CACSL2BoogieTranslator for "CDTParser AST 08.07 04:24:18" (1/1) ...
[2024-07-08 16:24:18,145 INFO  L177         MainTranslator]: Built tables and reachable declarations
[2024-07-08 16:24:19,435 WARN  L638        FunctionHandler]: implicit declaration of function __builtin___sprintf_chk
[2024-07-08 16:24:19,436 WARN  L638        FunctionHandler]: implicit declaration of function __builtin_va_arg_pack
[2024-07-08 16:24:19,436 WARN  L638        FunctionHandler]: implicit declaration of function __builtin___vsprintf_chk
[2024-07-08 16:24:19,443 WARN  L638        FunctionHandler]: implicit declaration of function __builtin___snprintf_chk
[2024-07-08 16:24:19,444 WARN  L638        FunctionHandler]: implicit declaration of function __builtin___vsnprintf_chk
[2024-07-08 16:24:20,489 WARN  L638        FunctionHandler]: implicit declaration of function __builtin___memmove_chk
[2024-07-08 16:24:20,490 WARN  L638        FunctionHandler]: implicit declaration of function __builtin___memset_chk
[2024-07-08 16:24:20,505 WARN  L638        FunctionHandler]: implicit declaration of function __builtin___memcpy_chk
[2024-07-08 16:24:20,510 WARN  L638        FunctionHandler]: implicit declaration of function __builtin___strcpy_chk
[2024-07-08 16:24:20,510 WARN  L638        FunctionHandler]: implicit declaration of function __builtin___stpcpy_chk
[2024-07-08 16:24:20,511 WARN  L638        FunctionHandler]: implicit declaration of function __builtin___strncpy_chk
[2024-07-08 16:24:20,511 WARN  L638        FunctionHandler]: implicit declaration of function __builtin___stpncpy_chk
[2024-07-08 16:24:20,512 WARN  L638        FunctionHandler]: implicit declaration of function __builtin___strcat_chk
[2024-07-08 16:24:20,513 WARN  L638        FunctionHandler]: implicit declaration of function __builtin___strncat_chk
[2024-07-08 16:24:21,020 WARN  L638        FunctionHandler]: implicit declaration of function __builtin_va_arg_pack_len
[2024-07-08 16:24:21,478 ERROR L324         MainTranslator]: Unsupported Syntax: identifier is not declared (neither a variable nor a function name): argv in file /home/qingshi1019/UAutomizer/repositories/kona-main.i
[2024-07-08 16:24:21,479 INFO  L204        PluginConnector]: Invalid model from CACSL2BoogieTranslator for observer de.uni_freiburg.informatik.ultimate.plugins.generator.cacsl2boogietranslator.CACSL2BoogieTranslatorObserver@281f7c7f and model type de.uni_freiburg.informatik.ultimate.plugins.generator.cacsl2boogietranslator AST 08.07 04:24:21, skipping insertion in model container
[2024-07-08 16:24:21,479 INFO  L131        PluginConnector]: ------------------------ END CACSL2BoogieTranslator----------------------------
[2024-07-08 16:24:21,480 INFO  L186        ToolchainWalker]: Toolchain execution was canceled (user or tool) before executing de.uni_freiburg.informatik.ultimate.boogie.procedureinliner
[2024-07-08 16:24:21,482 INFO  L158              Benchmark]: Toolchain (without parser) took 3472.37ms. Allocated memory was 65.0MB in the beginning and 81.8MB in the end (delta: 16.8MB). Free memory was 31.3MB in the beginning and 32.2MB in the end (delta: -932.2kB). Peak memory consumption was 17.9MB. Max. memory is 16.1GB.
[2024-07-08 16:24:21,482 INFO  L158              Benchmark]: CDTParser took 0.32ms. Allocated memory is still 48.2MB. Free memory was 24.4MB in the beginning and 24.3MB in the end (delta: 42.0kB). There was no memory consumed. Max. memory is 16.1GB.
[2024-07-08 16:24:21,483 INFO  L158              Benchmark]: CACSL2BoogieTranslator took 3469.14ms. Allocated memory was 65.0MB in the beginning and 81.8MB in the end (delta: 16.8MB). Free memory was 31.2MB in the beginning and 32.2MB in the end (delta: -1.1MB). Peak memory consumption was 17.9MB. Max. memory is 16.1GB.
[2024-07-08 16:24:21,485 INFO  L338   ainManager$Toolchain]: #######################  End [Toolchain 1] #######################
 --- Results ---
 * Results from de.uni_freiburg.informatik.ultimate.core:
  - StatisticsResult: Toolchain Benchmarks
    Benchmark results are:
 * CDTParser took 0.32ms. Allocated memory is still 48.2MB. Free memory was 24.4MB in the beginning and 24.3MB in the end (delta: 42.0kB). There was no memory consumed. Max. memory is 16.1GB.
 * CACSL2BoogieTranslator took 3469.14ms. Allocated memory was 65.0MB in the beginning and 81.8MB in the end (delta: 16.8MB). Free memory was 31.2MB in the beginning and 32.2MB in the end (delta: -1.1MB). Peak memory consumption was 17.9MB. Max. memory is 16.1GB.
 * Results from de.uni_freiburg.informatik.ultimate.plugins.generator.cacsl2boogietranslator:
  - UnsupportedSyntaxResult [Line: 8111]: Unsupported Syntax
    identifier is not declared (neither a variable nor a function name): argv in file /home/qingshi1019/UAutomizer/repositories/kona-main.i
RESULT: Ultimate could not prove your program: Toolchain returned no result.
Received shutdown request...

### Bit-precise run ###
This is Ultimate 0.2.4-dev-0e0057c
[2024-07-08 16:24:23,376 INFO  L188        SettingsManager]: Resetting all preferences to default values...
[2024-07-08 16:24:23,441 INFO  L114        SettingsManager]: Loading settings from /home/qingshi1019/UAutomizer/config/svcomp-Overflow-64bit-Automizer_Bitvector.epf
[2024-07-08 16:24:23,446 WARN  L101        SettingsManager]: Preference file contains the following unknown settings:
[2024-07-08 16:24:23,446 WARN  L103        SettingsManager]:   * de.uni_freiburg.informatik.ultimate.core.Log level for class
[2024-07-08 16:24:23,447 WARN  L103        SettingsManager]:   * de.uni_freiburg.informatik.ultimate.plugins.generator.cacsl2boogietranslator.Checked method. Library mode if empty.
[2024-07-08 16:24:23,483 INFO  L130        SettingsManager]: Preferences different from defaults after loading the file:
[2024-07-08 16:24:23,484 INFO  L151        SettingsManager]: Preferences of UltimateCore differ from their defaults:
[2024-07-08 16:24:23,485 INFO  L153        SettingsManager]:  * Log level for class=de.uni_freiburg.informatik.ultimate.lib.smtlibutils.quantifier.QuantifierPusher=ERROR;
[2024-07-08 16:24:23,486 INFO  L151        SettingsManager]: Preferences of Boogie Preprocessor differ from their defaults:
[2024-07-08 16:24:23,487 INFO  L153        SettingsManager]:  * Use memory slicer=true
[2024-07-08 16:24:23,487 INFO  L151        SettingsManager]: Preferences of Boogie Procedure Inliner differ from their defaults:
[2024-07-08 16:24:23,488 INFO  L153        SettingsManager]:  * Ignore calls to procedures called more than once=ONLY_FOR_SEQUENTIAL_PROGRAMS
[2024-07-08 16:24:23,489 INFO  L151        SettingsManager]: Preferences of BlockEncodingV2 differ from their defaults:
[2024-07-08 16:24:23,490 INFO  L153        SettingsManager]:  * Create parallel compositions if possible=false
[2024-07-08 16:24:23,490 INFO  L153        SettingsManager]:  * Use SBE=true
[2024-07-08 16:24:23,491 INFO  L151        SettingsManager]: Preferences of CACSL2BoogieTranslator differ from their defaults:
[2024-07-08 16:24:23,492 INFO  L153        SettingsManager]:  * Pointer base address is valid at dereference=IGNORE
[2024-07-08 16:24:23,492 INFO  L153        SettingsManager]:  * Check division by zero=IGNORE
[2024-07-08 16:24:23,493 INFO  L153        SettingsManager]:  * Pointer to allocated memory at dereference=IGNORE
[2024-07-08 16:24:23,493 INFO  L153        SettingsManager]:  * If two pointers are subtracted or compared they have the same base address=IGNORE
[2024-07-08 16:24:23,494 INFO  L153        SettingsManager]:  * Check array bounds for arrays that are off heap=IGNORE
[2024-07-08 16:24:23,495 INFO  L153        SettingsManager]:  * Adapt memory model on pointer casts if necessary=true
[2024-07-08 16:24:23,495 INFO  L153        SettingsManager]:  * Use bitvectors instead of ints=true
[2024-07-08 16:24:23,496 INFO  L153        SettingsManager]:  * Check absence of signed integer overflows=true
[2024-07-08 16:24:23,496 INFO  L153        SettingsManager]:  * Memory model=HoenickeLindenmann_4ByteResolution
[2024-07-08 16:24:23,497 INFO  L153        SettingsManager]:  * Check unreachability of reach_error function=false
[2024-07-08 16:24:23,497 INFO  L153        SettingsManager]:  * Check if freed pointer was valid=false
[2024-07-08 16:24:23,498 INFO  L153        SettingsManager]:  * Use constant arrays=true
[2024-07-08 16:24:23,498 INFO  L151        SettingsManager]: Preferences of RCFGBuilder differ from their defaults:
[2024-07-08 16:24:23,499 INFO  L153        SettingsManager]:  * Size of a code block=SequenceOfStatements
[2024-07-08 16:24:23,500 INFO  L153        SettingsManager]:  * Only consider context switches at boundaries of atomic blocks=true
[2024-07-08 16:24:23,500 INFO  L153        SettingsManager]:  * SMT solver=External_DefaultMode
[2024-07-08 16:24:23,500 INFO  L153        SettingsManager]:  * Command for external solver=z3 SMTLIB2_COMPLIANT=true -memory:2024 -smt2 -in -t:4000
[2024-07-08 16:24:23,501 INFO  L151        SettingsManager]: Preferences of TraceAbstraction differ from their defaults:
[2024-07-08 16:24:23,501 INFO  L153        SettingsManager]:  * Compute Interpolants along a Counterexample=FPandBP
[2024-07-08 16:24:23,502 INFO  L153        SettingsManager]:  * Positions where we compute the Hoare Annotation=LoopHeads
[2024-07-08 16:24:23,502 INFO  L153        SettingsManager]:  * Trace refinement strategy=WOLF
[2024-07-08 16:24:23,503 INFO  L153        SettingsManager]:  * Command for external solver=cvc4 --incremental --print-success --lang smt 
[2024-07-08 16:24:23,503 INFO  L153        SettingsManager]:  * Apply one-shot large block encoding in concurrent analysis=false
[2024-07-08 16:24:23,503 INFO  L153        SettingsManager]:  * Automaton type used in concurrency analysis=PETRI_NET
[2024-07-08 16:24:23,504 INFO  L153        SettingsManager]:  * Compute Hoare Annotation of negated interpolant automaton, abstraction and CFG=true
[2024-07-08 16:24:23,504 INFO  L153        SettingsManager]:  * Order on configurations for Petri net unfoldings=DBO
[2024-07-08 16:24:23,504 INFO  L153        SettingsManager]:  * SMT solver=External_ModelsAndUnsatCoreMode
[2024-07-08 16:24:23,505 INFO  L153        SettingsManager]:  * Logic for external solver=AUFBV
[2024-07-08 16:24:23,505 INFO  L153        SettingsManager]:  * Looper check in Petri net analysis=SEMANTIC
WARNING: An illegal reflective access operation has occurred
WARNING: Illegal reflective access by com.sun.xml.bind.v2.runtime.reflect.opt.Injector$1 (file:/home/qingshi1019/UAutomizer/plugins/com.sun.xml.bind_2.2.0.v201505121915.jar) to method java.lang.ClassLoader.defineClass(java.lang.String,byte[],int,int)
WARNING: Please consider reporting this to the maintainers of com.sun.xml.bind.v2.runtime.reflect.opt.Injector$1
WARNING: Use --illegal-access=warn to enable warnings of further illegal reflective access operations
WARNING: All illegal access operations will be denied in a future release
Applying setting for plugin de.uni_freiburg.informatik.ultimate.plugins.generator.cacsl2boogietranslator: Entry function -> main
Applying setting for plugin de.uni_freiburg.informatik.ultimate.witnessprinter: Witness directory -> /home/qingshi1019/UAutomizer
Applying setting for plugin de.uni_freiburg.informatik.ultimate.witnessprinter: Witness filename -> witness
Applying setting for plugin de.uni_freiburg.informatik.ultimate.witnessprinter: Write witness besides input file -> false
Applying setting for plugin de.uni_freiburg.informatik.ultimate.witnessprinter: Graph data specification -> CHECK( init(main()), LTL(G ! overflow) )


Applying setting for plugin de.uni_freiburg.informatik.ultimate.witnessprinter: Graph data producer -> Automizer
Applying setting for plugin de.uni_freiburg.informatik.ultimate.witnessprinter: Graph data architecture -> 64bit
Applying setting for plugin de.uni_freiburg.informatik.ultimate.witnessprinter: Graph data programhash -> 12d571c25d06f539b6fab93c30a99a059d159f35d064751c87878289d0f6dde0
[2024-07-08 16:24:23,873 INFO  L75    nceAwareModelManager]: Repository-Root is: /tmp
[2024-07-08 16:24:23,896 INFO  L261   ainManager$Toolchain]: [Toolchain 1]: Applicable parser(s) successfully (re)initialized
[2024-07-08 16:24:23,899 INFO  L217   ainManager$Toolchain]: [Toolchain 1]: Toolchain selected.
[2024-07-08 16:24:23,900 INFO  L270        PluginConnector]: Initializing CDTParser...
[2024-07-08 16:24:23,900 INFO  L274        PluginConnector]: CDTParser initialized
[2024-07-08 16:24:23,902 INFO  L431   ainManager$Toolchain]: [Toolchain 1]: Parsing single file: /home/qingshi1019/UAutomizer/repositories/kona-main.i
[2024-07-08 16:24:25,296 INFO  L533              CDTParser]: Created temporary CDT project at NULL
[2024-07-08 16:24:25,797 INFO  L384              CDTParser]: Found 1 translation units.
[2024-07-08 16:24:25,798 INFO  L180              CDTParser]: Scanning /home/qingshi1019/UAutomizer/repositories/kona-main.i
[2024-07-08 16:24:25,841 INFO  L427              CDTParser]: About to delete temporary CDT project at /home/qingshi1019/UAutomizer/data/a77179d42/b6219e345596409fbe590c8eb772a1f2/FLAGb5ba4c078
[2024-07-08 16:24:25,865 INFO  L435              CDTParser]: Successfully deleted /home/qingshi1019/UAutomizer/data/a77179d42/b6219e345596409fbe590c8eb772a1f2
[2024-07-08 16:24:25,868 INFO  L299   ainManager$Toolchain]: ####################### [Toolchain 1] #######################
[2024-07-08 16:24:25,870 INFO  L133        ToolchainWalker]: Walking toolchain with 6 elements.
[2024-07-08 16:24:25,872 INFO  L112        PluginConnector]: ------------------------CACSL2BoogieTranslator----------------------------
[2024-07-08 16:24:25,872 INFO  L270        PluginConnector]: Initializing CACSL2BoogieTranslator...
[2024-07-08 16:24:25,878 INFO  L274        PluginConnector]: CACSL2BoogieTranslator initialized
[2024-07-08 16:24:25,879 INFO  L184        PluginConnector]: Executing the observer ACSLObjectContainerObserver from plugin CACSL2BoogieTranslator for "CDTParser AST 08.07 04:24:25" (1/1) ...
[2024-07-08 16:24:25,881 INFO  L204        PluginConnector]: Invalid model from CACSL2BoogieTranslator for observer de.uni_freiburg.informatik.ultimate.plugins.generator.cacsl2boogietranslator.ACSLObjectContainerObserver@b401e1 and model type de.uni_freiburg.informatik.ultimate.plugins.generator.cacsl2boogietranslator AST 08.07 04:24:25, skipping insertion in model container
[2024-07-08 16:24:25,881 INFO  L184        PluginConnector]: Executing the observer CACSL2BoogieTranslatorObserver from plugin CACSL2BoogieTranslator for "CDTParser AST 08.07 04:24:25" (1/1) ...
[2024-07-08 16:24:26,008 INFO  L177         MainTranslator]: Built tables and reachable declarations
[2024-07-08 16:24:27,117 WARN  L638        FunctionHandler]: implicit declaration of function __builtin___sprintf_chk
[2024-07-08 16:24:27,118 WARN  L638        FunctionHandler]: implicit declaration of function __builtin_va_arg_pack
[2024-07-08 16:24:27,118 WARN  L638        FunctionHandler]: implicit declaration of function __builtin___vsprintf_chk
[2024-07-08 16:24:27,124 WARN  L638        FunctionHandler]: implicit declaration of function __builtin___snprintf_chk
[2024-07-08 16:24:27,126 WARN  L638        FunctionHandler]: implicit declaration of function __builtin___vsnprintf_chk
[2024-07-08 16:24:28,077 WARN  L638        FunctionHandler]: implicit declaration of function __builtin___memmove_chk
[2024-07-08 16:24:28,078 WARN  L638        FunctionHandler]: implicit declaration of function __builtin___memset_chk
[2024-07-08 16:24:28,092 WARN  L638        FunctionHandler]: implicit declaration of function __builtin___memcpy_chk
[2024-07-08 16:24:28,097 WARN  L638        FunctionHandler]: implicit declaration of function __builtin___strcpy_chk
[2024-07-08 16:24:28,097 WARN  L638        FunctionHandler]: implicit declaration of function __builtin___stpcpy_chk
[2024-07-08 16:24:28,098 WARN  L638        FunctionHandler]: implicit declaration of function __builtin___strncpy_chk
[2024-07-08 16:24:28,099 WARN  L638        FunctionHandler]: implicit declaration of function __builtin___stpncpy_chk
[2024-07-08 16:24:28,099 WARN  L638        FunctionHandler]: implicit declaration of function __builtin___strcat_chk
[2024-07-08 16:24:28,100 WARN  L638        FunctionHandler]: implicit declaration of function __builtin___strncat_chk
[2024-07-08 16:24:28,587 WARN  L638        FunctionHandler]: implicit declaration of function __builtin_va_arg_pack_len
[2024-07-08 16:24:29,020 ERROR L324         MainTranslator]: Unsupported Syntax: identifier is not declared (neither a variable nor a function name): argv in file /home/qingshi1019/UAutomizer/repositories/kona-main.i
[2024-07-08 16:24:29,021 INFO  L204        PluginConnector]: Invalid model from CACSL2BoogieTranslator for observer de.uni_freiburg.informatik.ultimate.plugins.generator.cacsl2boogietranslator.CACSL2BoogieTranslatorObserver@67194898 and model type de.uni_freiburg.informatik.ultimate.plugins.generator.cacsl2boogietranslator AST 08.07 04:24:29, skipping insertion in model container
[2024-07-08 16:24:29,021 INFO  L131        PluginConnector]: ------------------------ END CACSL2BoogieTranslator----------------------------
[2024-07-08 16:24:29,022 INFO  L186        ToolchainWalker]: Toolchain execution was canceled (user or tool) before executing de.uni_freiburg.informatik.ultimate.boogie.procedureinliner
[2024-07-08 16:24:29,024 INFO  L158              Benchmark]: Toolchain (without parser) took 3152.99ms. Allocated memory was 62.9MB in the beginning and 75.5MB in the end (delta: 12.6MB). Free memory was 29.5MB in the beginning and 38.6MB in the end (delta: -9.1MB). Peak memory consumption was 23.4MB. Max. memory is 16.1GB.
[2024-07-08 16:24:29,024 INFO  L158              Benchmark]: CDTParser took 0.23ms. Allocated memory is still 48.2MB. Free memory was 24.5MB in the beginning and 24.5MB in the end (delta: 52.5kB). There was no memory consumed. Max. memory is 16.1GB.
[2024-07-08 16:24:29,025 INFO  L158              Benchmark]: CACSL2BoogieTranslator took 3150.01ms. Allocated memory was 62.9MB in the beginning and 75.5MB in the end (delta: 12.6MB). Free memory was 29.4MB in the beginning and 38.6MB in the end (delta: -9.3MB). Peak memory consumption was 23.4MB. Max. memory is 16.1GB.
[2024-07-08 16:24:29,026 INFO  L338   ainManager$Toolchain]: #######################  End [Toolchain 1] #######################
 --- Results ---
 * Results from de.uni_freiburg.informatik.ultimate.core:
  - StatisticsResult: Toolchain Benchmarks
    Benchmark results are:
 * CDTParser took 0.23ms. Allocated memory is still 48.2MB. Free memory was 24.5MB in the beginning and 24.5MB in the end (delta: 52.5kB). There was no memory consumed. Max. memory is 16.1GB.
 * CACSL2BoogieTranslator took 3150.01ms. Allocated memory was 62.9MB in the beginning and 75.5MB in the end (delta: 12.6MB). Free memory was 29.4MB in the beginning and 38.6MB in the end (delta: -9.3MB). Peak memory consumption was 23.4MB. Max. memory is 16.1GB.
 * Results from de.uni_freiburg.informatik.ultimate.plugins.generator.cacsl2boogietranslator:
  - UnsupportedSyntaxResult [Line: 8111]: Unsupported Syntax
    identifier is not declared (neither a variable nor a function name): argv in file /home/qingshi1019/UAutomizer/repositories/kona-main.i
RESULT: Ultimate could not prove your program: Toolchain returned no result.
Received shutdown request...
