This is Ultimate 0.2.4-dev-0e0057c
[2024-07-08 16:26:20,145 INFO  L188        SettingsManager]: Resetting all preferences to default values...
[2024-07-08 16:26:20,216 INFO  L114        SettingsManager]: Loading settings from /home/qingshi1019/UAutomizer/config/svcomp-Overflow-64bit-Automizer_Default.epf
[2024-07-08 16:26:20,238 WARN  L101        SettingsManager]: Preference file contains the following unknown settings:
[2024-07-08 16:26:20,239 WARN  L103        SettingsManager]:   * de.uni_freiburg.informatik.ultimate.core.Log level for class
[2024-07-08 16:26:20,282 INFO  L130        SettingsManager]: Preferences different from defaults after loading the file:
[2024-07-08 16:26:20,283 INFO  L151        SettingsManager]: Preferences of UltimateCore differ from their defaults:
[2024-07-08 16:26:20,284 INFO  L153        SettingsManager]:  * Log level for class=de.uni_freiburg.informatik.ultimate.lib.smtlibutils.quantifier.QuantifierPusher=ERROR;
[2024-07-08 16:26:20,285 INFO  L151        SettingsManager]: Preferences of Boogie Preprocessor differ from their defaults:
[2024-07-08 16:26:20,285 INFO  L153        SettingsManager]:  * Use memory slicer=true
[2024-07-08 16:26:20,286 INFO  L151        SettingsManager]: Preferences of Boogie Procedure Inliner differ from their defaults:
[2024-07-08 16:26:20,287 INFO  L153        SettingsManager]:  * Ignore calls to procedures called more than once=ONLY_FOR_SEQUENTIAL_PROGRAMS
[2024-07-08 16:26:20,288 INFO  L151        SettingsManager]: Preferences of BlockEncodingV2 differ from their defaults:
[2024-07-08 16:26:20,289 INFO  L153        SettingsManager]:  * Create parallel compositions if possible=false
[2024-07-08 16:26:20,289 INFO  L153        SettingsManager]:  * Use SBE=true
[2024-07-08 16:26:20,290 INFO  L151        SettingsManager]: Preferences of CACSL2BoogieTranslator differ from their defaults:
[2024-07-08 16:26:20,291 INFO  L153        SettingsManager]:  * Pointer base address is valid at dereference=IGNORE
[2024-07-08 16:26:20,291 INFO  L153        SettingsManager]:  * Overapproximate operations on floating types=true
[2024-07-08 16:26:20,292 INFO  L153        SettingsManager]:  * Check division by zero=IGNORE
[2024-07-08 16:26:20,292 INFO  L153        SettingsManager]:  * Pointer to allocated memory at dereference=IGNORE
[2024-07-08 16:26:20,293 INFO  L153        SettingsManager]:  * If two pointers are subtracted or compared they have the same base address=IGNORE
[2024-07-08 16:26:20,294 INFO  L153        SettingsManager]:  * Check array bounds for arrays that are off heap=IGNORE
[2024-07-08 16:26:20,294 INFO  L153        SettingsManager]:  * Check absence of signed integer overflows=true
[2024-07-08 16:26:20,295 INFO  L153        SettingsManager]:  * Check unreachability of reach_error function=false
[2024-07-08 16:26:20,296 INFO  L153        SettingsManager]:  * Check if freed pointer was valid=false
[2024-07-08 16:26:20,296 INFO  L153        SettingsManager]:  * Use constant arrays=true
[2024-07-08 16:26:20,297 INFO  L151        SettingsManager]: Preferences of RCFGBuilder differ from their defaults:
[2024-07-08 16:26:20,297 INFO  L153        SettingsManager]:  * Size of a code block=SequenceOfStatements
[2024-07-08 16:26:20,298 INFO  L153        SettingsManager]:  * Only consider context switches at boundaries of atomic blocks=true
[2024-07-08 16:26:20,298 INFO  L153        SettingsManager]:  * SMT solver=External_DefaultMode
[2024-07-08 16:26:20,299 INFO  L153        SettingsManager]:  * Command for external solver=z3 SMTLIB2_COMPLIANT=true -memory:2024 -smt2 -in -t:4000
[2024-07-08 16:26:20,300 INFO  L151        SettingsManager]: Preferences of TraceAbstraction differ from their defaults:
[2024-07-08 16:26:20,300 INFO  L153        SettingsManager]:  * Compute Interpolants along a Counterexample=FPandBP
[2024-07-08 16:26:20,301 INFO  L153        SettingsManager]:  * Positions where we compute the Hoare Annotation=LoopHeads
[2024-07-08 16:26:20,301 INFO  L153        SettingsManager]:  * Trace refinement strategy=CAMEL
[2024-07-08 16:26:20,301 INFO  L153        SettingsManager]:  * Command for external solver=z3 SMTLIB2_COMPLIANT=true -memory:2024 -smt2 -in
[2024-07-08 16:26:20,302 INFO  L153        SettingsManager]:  * Apply one-shot large block encoding in concurrent analysis=false
[2024-07-08 16:26:20,302 INFO  L153        SettingsManager]:  * Automaton type used in concurrency analysis=PETRI_NET
[2024-07-08 16:26:20,302 INFO  L153        SettingsManager]:  * Compute Hoare Annotation of negated interpolant automaton, abstraction and CFG=true
[2024-07-08 16:26:20,303 INFO  L153        SettingsManager]:  * Order on configurations for Petri net unfoldings=DBO
[2024-07-08 16:26:20,303 INFO  L153        SettingsManager]:  * SMT solver=External_ModelsAndUnsatCoreMode
[2024-07-08 16:26:20,304 INFO  L153        SettingsManager]:  * Looper check in Petri net analysis=SEMANTIC
WARNING: An illegal reflective access operation has occurred
WARNING: Illegal reflective access by com.sun.xml.bind.v2.runtime.reflect.opt.Injector$1 (file:/home/qingshi1019/UAutomizer/plugins/com.sun.xml.bind_2.2.0.v201505121915.jar) to method java.lang.ClassLoader.defineClass(java.lang.String,byte[],int,int)
WARNING: Please consider reporting this to the maintainers of com.sun.xml.bind.v2.runtime.reflect.opt.Injector$1
WARNING: Use --illegal-access=warn to enable warnings of further illegal reflective access operations
WARNING: All illegal access operations will be denied in a future release
Applying setting for plugin de.uni_freiburg.informatik.ultimate.plugins.generator.cacsl2boogietranslator: Entry function -> main
Applying setting for plugin de.uni_freiburg.informatik.ultimate.witnessprinter: Witness directory -> /home/qingshi1019/UAutomizer
Applying setting for plugin de.uni_freiburg.informatik.ultimate.witnessprinter: Witness filename -> witness
Applying setting for plugin de.uni_freiburg.informatik.ultimate.witnessprinter: Write witness besides input file -> false
Applying setting for plugin de.uni_freiburg.informatik.ultimate.witnessprinter: Graph data specification -> CHECK( init(main()), LTL(G ! overflow) )


Applying setting for plugin de.uni_freiburg.informatik.ultimate.witnessprinter: Graph data producer -> Automizer
Applying setting for plugin de.uni_freiburg.informatik.ultimate.witnessprinter: Graph data architecture -> 64bit
Applying setting for plugin de.uni_freiburg.informatik.ultimate.witnessprinter: Graph data programhash -> 7ac1fe92d9ba7706fbca61cfbe42582f6295a7d53c0be5665feff1a89f951b26
[2024-07-08 16:26:20,716 INFO  L75    nceAwareModelManager]: Repository-Root is: /tmp
[2024-07-08 16:26:20,742 INFO  L261   ainManager$Toolchain]: [Toolchain 1]: Applicable parser(s) successfully (re)initialized
[2024-07-08 16:26:20,745 INFO  L217   ainManager$Toolchain]: [Toolchain 1]: Toolchain selected.
[2024-07-08 16:26:20,747 INFO  L270        PluginConnector]: Initializing CDTParser...
[2024-07-08 16:26:20,748 INFO  L274        PluginConnector]: CDTParser initialized
[2024-07-08 16:26:20,750 INFO  L431   ainManager$Toolchain]: [Toolchain 1]: Parsing single file: /home/qingshi1019/UAutomizer/repositories/libfaketime.i
[2024-07-08 16:26:22,275 INFO  L533              CDTParser]: Created temporary CDT project at NULL
[2024-07-08 16:26:22,961 INFO  L384              CDTParser]: Found 1 translation units.
[2024-07-08 16:26:22,962 INFO  L180              CDTParser]: Scanning /home/qingshi1019/UAutomizer/repositories/libfaketime.i
[2024-07-08 16:26:23,042 INFO  L427              CDTParser]: About to delete temporary CDT project at /home/qingshi1019/UAutomizer/data/abb8f1eb2/007e27d8617a424f8c9bf781fc2b84c9/FLAG75fadee8d
[2024-07-08 16:26:23,074 INFO  L435              CDTParser]: Successfully deleted /home/qingshi1019/UAutomizer/data/abb8f1eb2/007e27d8617a424f8c9bf781fc2b84c9
[2024-07-08 16:26:23,079 INFO  L299   ainManager$Toolchain]: ####################### [Toolchain 1] #######################
[2024-07-08 16:26:23,083 INFO  L133        ToolchainWalker]: Walking toolchain with 6 elements.
[2024-07-08 16:26:23,085 INFO  L112        PluginConnector]: ------------------------CACSL2BoogieTranslator----------------------------
[2024-07-08 16:26:23,085 INFO  L270        PluginConnector]: Initializing CACSL2BoogieTranslator...
[2024-07-08 16:26:23,095 INFO  L274        PluginConnector]: CACSL2BoogieTranslator initialized
[2024-07-08 16:26:23,096 INFO  L184        PluginConnector]: Executing the observer ACSLObjectContainerObserver from plugin CACSL2BoogieTranslator for "CDTParser AST 08.07 04:26:23" (1/1) ...
[2024-07-08 16:26:23,099 INFO  L204        PluginConnector]: Invalid model from CACSL2BoogieTranslator for observer de.uni_freiburg.informatik.ultimate.plugins.generator.cacsl2boogietranslator.ACSLObjectContainerObserver@7669e0a4 and model type de.uni_freiburg.informatik.ultimate.plugins.generator.cacsl2boogietranslator AST 08.07 04:26:23, skipping insertion in model container
[2024-07-08 16:26:23,099 INFO  L184        PluginConnector]: Executing the observer CACSL2BoogieTranslatorObserver from plugin CACSL2BoogieTranslator for "CDTParser AST 08.07 04:26:23" (1/1) ...
[2024-07-08 16:26:23,289 INFO  L177         MainTranslator]: Built tables and reachable declarations
[2024-07-08 16:26:24,432 ERROR L324         MainTranslator]: Unsupported Syntax: Undefined type _Float32
[2024-07-08 16:26:24,432 INFO  L204        PluginConnector]: Invalid model from CACSL2BoogieTranslator for observer de.uni_freiburg.informatik.ultimate.plugins.generator.cacsl2boogietranslator.CACSL2BoogieTranslatorObserver@328f3ebd and model type de.uni_freiburg.informatik.ultimate.plugins.generator.cacsl2boogietranslator AST 08.07 04:26:24, skipping insertion in model container
[2024-07-08 16:26:24,433 INFO  L131        PluginConnector]: ------------------------ END CACSL2BoogieTranslator----------------------------
[2024-07-08 16:26:24,433 INFO  L186        ToolchainWalker]: Toolchain execution was canceled (user or tool) before executing de.uni_freiburg.informatik.ultimate.boogie.procedureinliner
[2024-07-08 16:26:24,436 INFO  L158              Benchmark]: Toolchain (without parser) took 1352.85ms. Allocated memory is still 86.0MB. Free memory was 58.8MB in the beginning and 37.8MB in the end (delta: 20.9MB). Peak memory consumption was 24.5MB. Max. memory is 16.1GB.
[2024-07-08 16:26:24,436 INFO  L158              Benchmark]: CDTParser took 0.22ms. Allocated memory is still 69.2MB. Free memory was 45.0MB in the beginning and 44.9MB in the end (delta: 125.8kB). There was no memory consumed. Max. memory is 16.1GB.
[2024-07-08 16:26:24,437 INFO  L158              Benchmark]: CACSL2BoogieTranslator took 1348.28ms. Allocated memory is still 86.0MB. Free memory was 58.8MB in the beginning and 37.8MB in the end (delta: 20.9MB). Peak memory consumption was 24.5MB. Max. memory is 16.1GB.
[2024-07-08 16:26:24,439 INFO  L338   ainManager$Toolchain]: #######################  End [Toolchain 1] #######################
 --- Results ---
 * Results from de.uni_freiburg.informatik.ultimate.core:
  - StatisticsResult: Toolchain Benchmarks
    Benchmark results are:
 * CDTParser took 0.22ms. Allocated memory is still 69.2MB. Free memory was 45.0MB in the beginning and 44.9MB in the end (delta: 125.8kB). There was no memory consumed. Max. memory is 16.1GB.
 * CACSL2BoogieTranslator took 1348.28ms. Allocated memory is still 86.0MB. Free memory was 58.8MB in the beginning and 37.8MB in the end (delta: 20.9MB). Peak memory consumption was 24.5MB. Max. memory is 16.1GB.
 * Results from de.uni_freiburg.informatik.ultimate.plugins.generator.cacsl2boogietranslator:
  - UnsupportedSyntaxResult [Line: 981]: Unsupported Syntax
    Undefined type _Float32
RESULT: Ultimate could not prove your program: Toolchain returned no result.
Received shutdown request...

### Bit-precise run ###
This is Ultimate 0.2.4-dev-0e0057c
[2024-07-08 16:26:26,388 INFO  L188        SettingsManager]: Resetting all preferences to default values...
[2024-07-08 16:26:26,453 INFO  L114        SettingsManager]: Loading settings from /home/qingshi1019/UAutomizer/config/svcomp-Overflow-64bit-Automizer_Bitvector.epf
[2024-07-08 16:26:26,459 WARN  L101        SettingsManager]: Preference file contains the following unknown settings:
[2024-07-08 16:26:26,460 WARN  L103        SettingsManager]:   * de.uni_freiburg.informatik.ultimate.core.Log level for class
[2024-07-08 16:26:26,460 WARN  L103        SettingsManager]:   * de.uni_freiburg.informatik.ultimate.plugins.generator.cacsl2boogietranslator.Checked method. Library mode if empty.
[2024-07-08 16:26:26,495 INFO  L130        SettingsManager]: Preferences different from defaults after loading the file:
[2024-07-08 16:26:26,496 INFO  L151        SettingsManager]: Preferences of UltimateCore differ from their defaults:
[2024-07-08 16:26:26,496 INFO  L153        SettingsManager]:  * Log level for class=de.uni_freiburg.informatik.ultimate.lib.smtlibutils.quantifier.QuantifierPusher=ERROR;
[2024-07-08 16:26:26,497 INFO  L151        SettingsManager]: Preferences of Boogie Preprocessor differ from their defaults:
[2024-07-08 16:26:26,497 INFO  L153        SettingsManager]:  * Use memory slicer=true
[2024-07-08 16:26:26,498 INFO  L151        SettingsManager]: Preferences of Boogie Procedure Inliner differ from their defaults:
[2024-07-08 16:26:26,498 INFO  L153        SettingsManager]:  * Ignore calls to procedures called more than once=ONLY_FOR_SEQUENTIAL_PROGRAMS
[2024-07-08 16:26:26,499 INFO  L151        SettingsManager]: Preferences of BlockEncodingV2 differ from their defaults:
[2024-07-08 16:26:26,499 INFO  L153        SettingsManager]:  * Create parallel compositions if possible=false
[2024-07-08 16:26:26,500 INFO  L153        SettingsManager]:  * Use SBE=true
[2024-07-08 16:26:26,500 INFO  L151        SettingsManager]: Preferences of CACSL2BoogieTranslator differ from their defaults:
[2024-07-08 16:26:26,501 INFO  L153        SettingsManager]:  * Pointer base address is valid at dereference=IGNORE
[2024-07-08 16:26:26,501 INFO  L153        SettingsManager]:  * Check division by zero=IGNORE
[2024-07-08 16:26:26,502 INFO  L153        SettingsManager]:  * Pointer to allocated memory at dereference=IGNORE
[2024-07-08 16:26:26,502 INFO  L153        SettingsManager]:  * If two pointers are subtracted or compared they have the same base address=IGNORE
[2024-07-08 16:26:26,503 INFO  L153        SettingsManager]:  * Check array bounds for arrays that are off heap=IGNORE
[2024-07-08 16:26:26,503 INFO  L153        SettingsManager]:  * Adapt memory model on pointer casts if necessary=true
[2024-07-08 16:26:26,503 INFO  L153        SettingsManager]:  * Use bitvectors instead of ints=true
[2024-07-08 16:26:26,504 INFO  L153        SettingsManager]:  * Check absence of signed integer overflows=true
[2024-07-08 16:26:26,504 INFO  L153        SettingsManager]:  * Memory model=HoenickeLindenmann_4ByteResolution
[2024-07-08 16:26:26,505 INFO  L153        SettingsManager]:  * Check unreachability of reach_error function=false
[2024-07-08 16:26:26,505 INFO  L153        SettingsManager]:  * Check if freed pointer was valid=false
[2024-07-08 16:26:26,505 INFO  L153        SettingsManager]:  * Use constant arrays=true
[2024-07-08 16:26:26,506 INFO  L151        SettingsManager]: Preferences of RCFGBuilder differ from their defaults:
[2024-07-08 16:26:26,506 INFO  L153        SettingsManager]:  * Size of a code block=SequenceOfStatements
[2024-07-08 16:26:26,506 INFO  L153        SettingsManager]:  * Only consider context switches at boundaries of atomic blocks=true
[2024-07-08 16:26:26,507 INFO  L153        SettingsManager]:  * SMT solver=External_DefaultMode
[2024-07-08 16:26:26,507 INFO  L153        SettingsManager]:  * Command for external solver=z3 SMTLIB2_COMPLIANT=true -memory:2024 -smt2 -in -t:4000
[2024-07-08 16:26:26,508 INFO  L151        SettingsManager]: Preferences of TraceAbstraction differ from their defaults:
[2024-07-08 16:26:26,508 INFO  L153        SettingsManager]:  * Compute Interpolants along a Counterexample=FPandBP
[2024-07-08 16:26:26,509 INFO  L153        SettingsManager]:  * Positions where we compute the Hoare Annotation=LoopHeads
[2024-07-08 16:26:26,509 INFO  L153        SettingsManager]:  * Trace refinement strategy=WOLF
[2024-07-08 16:26:26,509 INFO  L153        SettingsManager]:  * Command for external solver=cvc4 --incremental --print-success --lang smt 
[2024-07-08 16:26:26,510 INFO  L153        SettingsManager]:  * Apply one-shot large block encoding in concurrent analysis=false
[2024-07-08 16:26:26,510 INFO  L153        SettingsManager]:  * Automaton type used in concurrency analysis=PETRI_NET
[2024-07-08 16:26:26,510 INFO  L153        SettingsManager]:  * Compute Hoare Annotation of negated interpolant automaton, abstraction and CFG=true
[2024-07-08 16:26:26,511 INFO  L153        SettingsManager]:  * Order on configurations for Petri net unfoldings=DBO
[2024-07-08 16:26:26,511 INFO  L153        SettingsManager]:  * SMT solver=External_ModelsAndUnsatCoreMode
[2024-07-08 16:26:26,511 INFO  L153        SettingsManager]:  * Logic for external solver=AUFBV
[2024-07-08 16:26:26,512 INFO  L153        SettingsManager]:  * Looper check in Petri net analysis=SEMANTIC
WARNING: An illegal reflective access operation has occurred
WARNING: Illegal reflective access by com.sun.xml.bind.v2.runtime.reflect.opt.Injector$1 (file:/home/qingshi1019/UAutomizer/plugins/com.sun.xml.bind_2.2.0.v201505121915.jar) to method java.lang.ClassLoader.defineClass(java.lang.String,byte[],int,int)
WARNING: Please consider reporting this to the maintainers of com.sun.xml.bind.v2.runtime.reflect.opt.Injector$1
WARNING: Use --illegal-access=warn to enable warnings of further illegal reflective access operations
WARNING: All illegal access operations will be denied in a future release
Applying setting for plugin de.uni_freiburg.informatik.ultimate.plugins.generator.cacsl2boogietranslator: Entry function -> main
Applying setting for plugin de.uni_freiburg.informatik.ultimate.witnessprinter: Witness directory -> /home/qingshi1019/UAutomizer
Applying setting for plugin de.uni_freiburg.informatik.ultimate.witnessprinter: Witness filename -> witness
Applying setting for plugin de.uni_freiburg.informatik.ultimate.witnessprinter: Write witness besides input file -> false
Applying setting for plugin de.uni_freiburg.informatik.ultimate.witnessprinter: Graph data specification -> CHECK( init(main()), LTL(G ! overflow) )


Applying setting for plugin de.uni_freiburg.informatik.ultimate.witnessprinter: Graph data producer -> Automizer
Applying setting for plugin de.uni_freiburg.informatik.ultimate.witnessprinter: Graph data architecture -> 64bit
Applying setting for plugin de.uni_freiburg.informatik.ultimate.witnessprinter: Graph data programhash -> 7ac1fe92d9ba7706fbca61cfbe42582f6295a7d53c0be5665feff1a89f951b26
[2024-07-08 16:26:26,847 INFO  L75    nceAwareModelManager]: Repository-Root is: /tmp
[2024-07-08 16:26:26,870 INFO  L261   ainManager$Toolchain]: [Toolchain 1]: Applicable parser(s) successfully (re)initialized
[2024-07-08 16:26:26,873 INFO  L217   ainManager$Toolchain]: [Toolchain 1]: Toolchain selected.
[2024-07-08 16:26:26,875 INFO  L270        PluginConnector]: Initializing CDTParser...
[2024-07-08 16:26:26,875 INFO  L274        PluginConnector]: CDTParser initialized
[2024-07-08 16:26:26,877 INFO  L431   ainManager$Toolchain]: [Toolchain 1]: Parsing single file: /home/qingshi1019/UAutomizer/repositories/libfaketime.i
[2024-07-08 16:26:28,287 INFO  L533              CDTParser]: Created temporary CDT project at NULL
[2024-07-08 16:26:28,919 INFO  L384              CDTParser]: Found 1 translation units.
[2024-07-08 16:26:28,919 INFO  L180              CDTParser]: Scanning /home/qingshi1019/UAutomizer/repositories/libfaketime.i
[2024-07-08 16:26:28,981 INFO  L427              CDTParser]: About to delete temporary CDT project at /home/qingshi1019/UAutomizer/data/5272c5f28/dc566f5317fd4bfa908bcd961965ec16/FLAG679a1ff60
[2024-07-08 16:26:29,005 INFO  L435              CDTParser]: Successfully deleted /home/qingshi1019/UAutomizer/data/5272c5f28/dc566f5317fd4bfa908bcd961965ec16
[2024-07-08 16:26:29,008 INFO  L299   ainManager$Toolchain]: ####################### [Toolchain 1] #######################
[2024-07-08 16:26:29,010 INFO  L133        ToolchainWalker]: Walking toolchain with 6 elements.
[2024-07-08 16:26:29,012 INFO  L112        PluginConnector]: ------------------------CACSL2BoogieTranslator----------------------------
[2024-07-08 16:26:29,012 INFO  L270        PluginConnector]: Initializing CACSL2BoogieTranslator...
[2024-07-08 16:26:29,018 INFO  L274        PluginConnector]: CACSL2BoogieTranslator initialized
[2024-07-08 16:26:29,019 INFO  L184        PluginConnector]: Executing the observer ACSLObjectContainerObserver from plugin CACSL2BoogieTranslator for "CDTParser AST 08.07 04:26:29" (1/1) ...
[2024-07-08 16:26:29,021 INFO  L204        PluginConnector]: Invalid model from CACSL2BoogieTranslator for observer de.uni_freiburg.informatik.ultimate.plugins.generator.cacsl2boogietranslator.ACSLObjectContainerObserver@7669e0a4 and model type de.uni_freiburg.informatik.ultimate.plugins.generator.cacsl2boogietranslator AST 08.07 04:26:29, skipping insertion in model container
[2024-07-08 16:26:29,021 INFO  L184        PluginConnector]: Executing the observer CACSL2BoogieTranslatorObserver from plugin CACSL2BoogieTranslator for "CDTParser AST 08.07 04:26:29" (1/1) ...
[2024-07-08 16:26:29,189 INFO  L177         MainTranslator]: Built tables and reachable declarations
[2024-07-08 16:26:30,105 ERROR L324         MainTranslator]: Unsupported Syntax: Undefined type _Float32
[2024-07-08 16:26:30,106 INFO  L204        PluginConnector]: Invalid model from CACSL2BoogieTranslator for observer de.uni_freiburg.informatik.ultimate.plugins.generator.cacsl2boogietranslator.CACSL2BoogieTranslatorObserver@12381537 and model type de.uni_freiburg.informatik.ultimate.plugins.generator.cacsl2boogietranslator AST 08.07 04:26:30, skipping insertion in model container
[2024-07-08 16:26:30,106 INFO  L131        PluginConnector]: ------------------------ END CACSL2BoogieTranslator----------------------------
[2024-07-08 16:26:30,106 INFO  L186        ToolchainWalker]: Toolchain execution was canceled (user or tool) before executing de.uni_freiburg.informatik.ultimate.boogie.procedureinliner
[2024-07-08 16:26:30,108 INFO  L158              Benchmark]: Toolchain (without parser) took 1097.40ms. Allocated memory was 67.1MB in the beginning and 81.8MB in the end (delta: 14.7MB). Free memory was 36.0MB in the beginning and 39.0MB in the end (delta: -2.9MB). Peak memory consumption was 17.4MB. Max. memory is 16.1GB.
[2024-07-08 16:26:30,109 INFO  L158              Benchmark]: CDTParser took 0.25ms. Allocated memory is still 50.3MB. Free memory was 26.4MB in the beginning and 26.4MB in the end (delta: 52.5kB). There was no memory consumed. Max. memory is 16.1GB.
[2024-07-08 16:26:30,110 INFO  L158              Benchmark]: CACSL2BoogieTranslator took 1094.37ms. Allocated memory was 67.1MB in the beginning and 81.8MB in the end (delta: 14.7MB). Free memory was 35.8MB in the beginning and 39.0MB in the end (delta: -3.1MB). Peak memory consumption was 17.4MB. Max. memory is 16.1GB.
[2024-07-08 16:26:30,111 INFO  L338   ainManager$Toolchain]: #######################  End [Toolchain 1] #######################
 --- Results ---
 * Results from de.uni_freiburg.informatik.ultimate.core:
  - StatisticsResult: Toolchain Benchmarks
    Benchmark results are:
 * CDTParser took 0.25ms. Allocated memory is still 50.3MB. Free memory was 26.4MB in the beginning and 26.4MB in the end (delta: 52.5kB). There was no memory consumed. Max. memory is 16.1GB.
 * CACSL2BoogieTranslator took 1094.37ms. Allocated memory was 67.1MB in the beginning and 81.8MB in the end (delta: 14.7MB). Free memory was 35.8MB in the beginning and 39.0MB in the end (delta: -3.1MB). Peak memory consumption was 17.4MB. Max. memory is 16.1GB.
 * Results from de.uni_freiburg.informatik.ultimate.plugins.generator.cacsl2boogietranslator:
  - UnsupportedSyntaxResult [Line: 981]: Unsupported Syntax
    Undefined type _Float32
RESULT: Ultimate could not prove your program: Toolchain returned no result.
Received shutdown request...
