This is Ultimate 0.2.4-dev-0e0057c
[2024-07-08 16:25:16,316 INFO  L188        SettingsManager]: Resetting all preferences to default values...
[2024-07-08 16:25:16,386 INFO  L114        SettingsManager]: Loading settings from /home/qingshi1019/UAutomizer/config/svcomp-Overflow-64bit-Automizer_Default.epf
[2024-07-08 16:25:16,392 WARN  L101        SettingsManager]: Preference file contains the following unknown settings:
[2024-07-08 16:25:16,392 WARN  L103        SettingsManager]:   * de.uni_freiburg.informatik.ultimate.core.Log level for class
[2024-07-08 16:25:16,418 INFO  L130        SettingsManager]: Preferences different from defaults after loading the file:
[2024-07-08 16:25:16,419 INFO  L151        SettingsManager]: Preferences of UltimateCore differ from their defaults:
[2024-07-08 16:25:16,419 INFO  L153        SettingsManager]:  * Log level for class=de.uni_freiburg.informatik.ultimate.lib.smtlibutils.quantifier.QuantifierPusher=ERROR;
[2024-07-08 16:25:16,420 INFO  L151        SettingsManager]: Preferences of Boogie Preprocessor differ from their defaults:
[2024-07-08 16:25:16,420 INFO  L153        SettingsManager]:  * Use memory slicer=true
[2024-07-08 16:25:16,421 INFO  L151        SettingsManager]: Preferences of Boogie Procedure Inliner differ from their defaults:
[2024-07-08 16:25:16,421 INFO  L153        SettingsManager]:  * Ignore calls to procedures called more than once=ONLY_FOR_SEQUENTIAL_PROGRAMS
[2024-07-08 16:25:16,422 INFO  L151        SettingsManager]: Preferences of BlockEncodingV2 differ from their defaults:
[2024-07-08 16:25:16,422 INFO  L153        SettingsManager]:  * Create parallel compositions if possible=false
[2024-07-08 16:25:16,422 INFO  L153        SettingsManager]:  * Use SBE=true
[2024-07-08 16:25:16,423 INFO  L151        SettingsManager]: Preferences of CACSL2BoogieTranslator differ from their defaults:
[2024-07-08 16:25:16,423 INFO  L153        SettingsManager]:  * Pointer base address is valid at dereference=IGNORE
[2024-07-08 16:25:16,424 INFO  L153        SettingsManager]:  * Overapproximate operations on floating types=true
[2024-07-08 16:25:16,424 INFO  L153        SettingsManager]:  * Check division by zero=IGNORE
[2024-07-08 16:25:16,424 INFO  L153        SettingsManager]:  * Pointer to allocated memory at dereference=IGNORE
[2024-07-08 16:25:16,425 INFO  L153        SettingsManager]:  * If two pointers are subtracted or compared they have the same base address=IGNORE
[2024-07-08 16:25:16,425 INFO  L153        SettingsManager]:  * Check array bounds for arrays that are off heap=IGNORE
[2024-07-08 16:25:16,425 INFO  L153        SettingsManager]:  * Check absence of signed integer overflows=true
[2024-07-08 16:25:16,426 INFO  L153        SettingsManager]:  * Check unreachability of reach_error function=false
[2024-07-08 16:25:16,426 INFO  L153        SettingsManager]:  * Check if freed pointer was valid=false
[2024-07-08 16:25:16,426 INFO  L153        SettingsManager]:  * Use constant arrays=true
[2024-07-08 16:25:16,427 INFO  L151        SettingsManager]: Preferences of RCFGBuilder differ from their defaults:
[2024-07-08 16:25:16,427 INFO  L153        SettingsManager]:  * Size of a code block=SequenceOfStatements
[2024-07-08 16:25:16,428 INFO  L153        SettingsManager]:  * Only consider context switches at boundaries of atomic blocks=true
[2024-07-08 16:25:16,428 INFO  L153        SettingsManager]:  * SMT solver=External_DefaultMode
[2024-07-08 16:25:16,428 INFO  L153        SettingsManager]:  * Command for external solver=z3 SMTLIB2_COMPLIANT=true -memory:2024 -smt2 -in -t:4000
[2024-07-08 16:25:16,429 INFO  L151        SettingsManager]: Preferences of TraceAbstraction differ from their defaults:
[2024-07-08 16:25:16,429 INFO  L153        SettingsManager]:  * Compute Interpolants along a Counterexample=FPandBP
[2024-07-08 16:25:16,429 INFO  L153        SettingsManager]:  * Positions where we compute the Hoare Annotation=LoopHeads
[2024-07-08 16:25:16,430 INFO  L153        SettingsManager]:  * Trace refinement strategy=CAMEL
[2024-07-08 16:25:16,430 INFO  L153        SettingsManager]:  * Command for external solver=z3 SMTLIB2_COMPLIANT=true -memory:2024 -smt2 -in
[2024-07-08 16:25:16,430 INFO  L153        SettingsManager]:  * Apply one-shot large block encoding in concurrent analysis=false
[2024-07-08 16:25:16,430 INFO  L153        SettingsManager]:  * Automaton type used in concurrency analysis=PETRI_NET
[2024-07-08 16:25:16,431 INFO  L153        SettingsManager]:  * Compute Hoare Annotation of negated interpolant automaton, abstraction and CFG=true
[2024-07-08 16:25:16,431 INFO  L153        SettingsManager]:  * Order on configurations for Petri net unfoldings=DBO
[2024-07-08 16:25:16,431 INFO  L153        SettingsManager]:  * SMT solver=External_ModelsAndUnsatCoreMode
[2024-07-08 16:25:16,432 INFO  L153        SettingsManager]:  * Looper check in Petri net analysis=SEMANTIC
WARNING: An illegal reflective access operation has occurred
WARNING: Illegal reflective access by com.sun.xml.bind.v2.runtime.reflect.opt.Injector$1 (file:/home/qingshi1019/UAutomizer/plugins/com.sun.xml.bind_2.2.0.v201505121915.jar) to method java.lang.ClassLoader.defineClass(java.lang.String,byte[],int,int)
WARNING: Please consider reporting this to the maintainers of com.sun.xml.bind.v2.runtime.reflect.opt.Injector$1
WARNING: Use --illegal-access=warn to enable warnings of further illegal reflective access operations
WARNING: All illegal access operations will be denied in a future release
Applying setting for plugin de.uni_freiburg.informatik.ultimate.plugins.generator.cacsl2boogietranslator: Entry function -> main
Applying setting for plugin de.uni_freiburg.informatik.ultimate.witnessprinter: Witness directory -> /home/qingshi1019/UAutomizer
Applying setting for plugin de.uni_freiburg.informatik.ultimate.witnessprinter: Witness filename -> witness
Applying setting for plugin de.uni_freiburg.informatik.ultimate.witnessprinter: Write witness besides input file -> false
Applying setting for plugin de.uni_freiburg.informatik.ultimate.witnessprinter: Graph data specification -> CHECK( init(main()), LTL(G ! overflow) )


Applying setting for plugin de.uni_freiburg.informatik.ultimate.witnessprinter: Graph data producer -> Automizer
Applying setting for plugin de.uni_freiburg.informatik.ultimate.witnessprinter: Graph data architecture -> 64bit
Applying setting for plugin de.uni_freiburg.informatik.ultimate.witnessprinter: Graph data programhash -> d958007c8a754ce45f6e234d407985e5208b65c894d840888c77beab2bfc0385
[2024-07-08 16:25:16,769 INFO  L75    nceAwareModelManager]: Repository-Root is: /tmp
[2024-07-08 16:25:16,795 INFO  L261   ainManager$Toolchain]: [Toolchain 1]: Applicable parser(s) successfully (re)initialized
[2024-07-08 16:25:16,799 INFO  L217   ainManager$Toolchain]: [Toolchain 1]: Toolchain selected.
[2024-07-08 16:25:16,801 INFO  L270        PluginConnector]: Initializing CDTParser...
[2024-07-08 16:25:16,802 INFO  L274        PluginConnector]: CDTParser initialized
[2024-07-08 16:25:16,804 INFO  L431   ainManager$Toolchain]: [Toolchain 1]: Parsing single file: /home/qingshi1019/UAutomizer/repositories/libxsmm_main.i
[2024-07-08 16:25:18,276 INFO  L533              CDTParser]: Created temporary CDT project at NULL
[2024-07-08 16:25:19,079 INFO  L384              CDTParser]: Found 1 translation units.
[2024-07-08 16:25:19,080 INFO  L180              CDTParser]: Scanning /home/qingshi1019/UAutomizer/repositories/libxsmm_main.i
[2024-07-08 16:25:19,153 INFO  L427              CDTParser]: About to delete temporary CDT project at /home/qingshi1019/UAutomizer/data/a02e9a215/0d1a744a441a47129821e144e10b3170/FLAG74960241e
[2024-07-08 16:25:19,182 INFO  L435              CDTParser]: Successfully deleted /home/qingshi1019/UAutomizer/data/a02e9a215/0d1a744a441a47129821e144e10b3170
[2024-07-08 16:25:19,186 INFO  L299   ainManager$Toolchain]: ####################### [Toolchain 1] #######################
[2024-07-08 16:25:19,188 INFO  L133        ToolchainWalker]: Walking toolchain with 6 elements.
[2024-07-08 16:25:19,190 INFO  L112        PluginConnector]: ------------------------CACSL2BoogieTranslator----------------------------
[2024-07-08 16:25:19,190 INFO  L270        PluginConnector]: Initializing CACSL2BoogieTranslator...
[2024-07-08 16:25:19,196 INFO  L274        PluginConnector]: CACSL2BoogieTranslator initialized
[2024-07-08 16:25:19,196 INFO  L184        PluginConnector]: Executing the observer ACSLObjectContainerObserver from plugin CACSL2BoogieTranslator for "CDTParser AST 08.07 04:25:19" (1/1) ...
[2024-07-08 16:25:19,198 INFO  L204        PluginConnector]: Invalid model from CACSL2BoogieTranslator for observer de.uni_freiburg.informatik.ultimate.plugins.generator.cacsl2boogietranslator.ACSLObjectContainerObserver@a1afa05 and model type de.uni_freiburg.informatik.ultimate.plugins.generator.cacsl2boogietranslator AST 08.07 04:25:19, skipping insertion in model container
[2024-07-08 16:25:19,198 INFO  L184        PluginConnector]: Executing the observer CACSL2BoogieTranslatorObserver from plugin CACSL2BoogieTranslator for "CDTParser AST 08.07 04:25:19" (1/1) ...
[2024-07-08 16:25:19,444 INFO  L177         MainTranslator]: Built tables and reachable declarations
[2024-07-08 16:25:21,769 ERROR L324         MainTranslator]: Unsupported Syntax: Undefined type _Float32
[2024-07-08 16:25:21,769 INFO  L204        PluginConnector]: Invalid model from CACSL2BoogieTranslator for observer de.uni_freiburg.informatik.ultimate.plugins.generator.cacsl2boogietranslator.CACSL2BoogieTranslatorObserver@4e243bb6 and model type de.uni_freiburg.informatik.ultimate.plugins.generator.cacsl2boogietranslator AST 08.07 04:25:21, skipping insertion in model container
[2024-07-08 16:25:21,770 INFO  L131        PluginConnector]: ------------------------ END CACSL2BoogieTranslator----------------------------
[2024-07-08 16:25:21,770 INFO  L186        ToolchainWalker]: Toolchain execution was canceled (user or tool) before executing de.uni_freiburg.informatik.ultimate.boogie.procedureinliner
[2024-07-08 16:25:21,772 INFO  L158              Benchmark]: Toolchain (without parser) took 2583.22ms. Allocated memory was 75.5MB in the beginning and 92.3MB in the end (delta: 16.8MB). Free memory was 34.8MB in the beginning and 47.5MB in the end (delta: -12.6MB). Peak memory consumption was 27.9MB. Max. memory is 16.1GB.
[2024-07-08 16:25:21,773 INFO  L158              Benchmark]: CDTParser took 0.31ms. Allocated memory is still 56.6MB. Free memory is still 32.0MB. There was no memory consumed. Max. memory is 16.1GB.
[2024-07-08 16:25:21,774 INFO  L158              Benchmark]: CACSL2BoogieTranslator took 2580.11ms. Allocated memory was 75.5MB in the beginning and 92.3MB in the end (delta: 16.8MB). Free memory was 34.6MB in the beginning and 47.5MB in the end (delta: -12.9MB). Peak memory consumption was 27.9MB. Max. memory is 16.1GB.
[2024-07-08 16:25:21,775 INFO  L338   ainManager$Toolchain]: #######################  End [Toolchain 1] #######################
 --- Results ---
 * Results from de.uni_freiburg.informatik.ultimate.core:
  - StatisticsResult: Toolchain Benchmarks
    Benchmark results are:
 * CDTParser took 0.31ms. Allocated memory is still 56.6MB. Free memory is still 32.0MB. There was no memory consumed. Max. memory is 16.1GB.
 * CACSL2BoogieTranslator took 2580.11ms. Allocated memory was 75.5MB in the beginning and 92.3MB in the end (delta: 16.8MB). Free memory was 34.6MB in the beginning and 47.5MB in the end (delta: -12.9MB). Peak memory consumption was 27.9MB. Max. memory is 16.1GB.
 * Results from de.uni_freiburg.informatik.ultimate.plugins.generator.cacsl2boogietranslator:
  - UnsupportedSyntaxResult [Line: 1979]: Unsupported Syntax
    Undefined type _Float32
RESULT: Ultimate could not prove your program: Toolchain returned no result.
Received shutdown request...

### Bit-precise run ###
This is Ultimate 0.2.4-dev-0e0057c
[2024-07-08 16:25:23,578 INFO  L188        SettingsManager]: Resetting all preferences to default values...
[2024-07-08 16:25:23,648 INFO  L114        SettingsManager]: Loading settings from /home/qingshi1019/UAutomizer/config/svcomp-Overflow-64bit-Automizer_Bitvector.epf
[2024-07-08 16:25:23,653 WARN  L101        SettingsManager]: Preference file contains the following unknown settings:
[2024-07-08 16:25:23,654 WARN  L103        SettingsManager]:   * de.uni_freiburg.informatik.ultimate.core.Log level for class
[2024-07-08 16:25:23,654 WARN  L103        SettingsManager]:   * de.uni_freiburg.informatik.ultimate.plugins.generator.cacsl2boogietranslator.Checked method. Library mode if empty.
[2024-07-08 16:25:23,682 INFO  L130        SettingsManager]: Preferences different from defaults after loading the file:
[2024-07-08 16:25:23,683 INFO  L151        SettingsManager]: Preferences of UltimateCore differ from their defaults:
[2024-07-08 16:25:23,683 INFO  L153        SettingsManager]:  * Log level for class=de.uni_freiburg.informatik.ultimate.lib.smtlibutils.quantifier.QuantifierPusher=ERROR;
[2024-07-08 16:25:23,684 INFO  L151        SettingsManager]: Preferences of Boogie Preprocessor differ from their defaults:
[2024-07-08 16:25:23,684 INFO  L153        SettingsManager]:  * Use memory slicer=true
[2024-07-08 16:25:23,684 INFO  L151        SettingsManager]: Preferences of Boogie Procedure Inliner differ from their defaults:
[2024-07-08 16:25:23,685 INFO  L153        SettingsManager]:  * Ignore calls to procedures called more than once=ONLY_FOR_SEQUENTIAL_PROGRAMS
[2024-07-08 16:25:23,686 INFO  L151        SettingsManager]: Preferences of BlockEncodingV2 differ from their defaults:
[2024-07-08 16:25:23,686 INFO  L153        SettingsManager]:  * Create parallel compositions if possible=false
[2024-07-08 16:25:23,686 INFO  L153        SettingsManager]:  * Use SBE=true
[2024-07-08 16:25:23,687 INFO  L151        SettingsManager]: Preferences of CACSL2BoogieTranslator differ from their defaults:
[2024-07-08 16:25:23,687 INFO  L153        SettingsManager]:  * Pointer base address is valid at dereference=IGNORE
[2024-07-08 16:25:23,687 INFO  L153        SettingsManager]:  * Check division by zero=IGNORE
[2024-07-08 16:25:23,688 INFO  L153        SettingsManager]:  * Pointer to allocated memory at dereference=IGNORE
[2024-07-08 16:25:23,688 INFO  L153        SettingsManager]:  * If two pointers are subtracted or compared they have the same base address=IGNORE
[2024-07-08 16:25:23,689 INFO  L153        SettingsManager]:  * Check array bounds for arrays that are off heap=IGNORE
[2024-07-08 16:25:23,689 INFO  L153        SettingsManager]:  * Adapt memory model on pointer casts if necessary=true
[2024-07-08 16:25:23,689 INFO  L153        SettingsManager]:  * Use bitvectors instead of ints=true
[2024-07-08 16:25:23,690 INFO  L153        SettingsManager]:  * Check absence of signed integer overflows=true
[2024-07-08 16:25:23,690 INFO  L153        SettingsManager]:  * Memory model=HoenickeLindenmann_4ByteResolution
[2024-07-08 16:25:23,690 INFO  L153        SettingsManager]:  * Check unreachability of reach_error function=false
[2024-07-08 16:25:23,690 INFO  L153        SettingsManager]:  * Check if freed pointer was valid=false
[2024-07-08 16:25:23,691 INFO  L153        SettingsManager]:  * Use constant arrays=true
[2024-07-08 16:25:23,691 INFO  L151        SettingsManager]: Preferences of RCFGBuilder differ from their defaults:
[2024-07-08 16:25:23,691 INFO  L153        SettingsManager]:  * Size of a code block=SequenceOfStatements
[2024-07-08 16:25:23,692 INFO  L153        SettingsManager]:  * Only consider context switches at boundaries of atomic blocks=true
[2024-07-08 16:25:23,692 INFO  L153        SettingsManager]:  * SMT solver=External_DefaultMode
[2024-07-08 16:25:23,692 INFO  L153        SettingsManager]:  * Command for external solver=z3 SMTLIB2_COMPLIANT=true -memory:2024 -smt2 -in -t:4000
[2024-07-08 16:25:23,693 INFO  L151        SettingsManager]: Preferences of TraceAbstraction differ from their defaults:
[2024-07-08 16:25:23,693 INFO  L153        SettingsManager]:  * Compute Interpolants along a Counterexample=FPandBP
[2024-07-08 16:25:23,693 INFO  L153        SettingsManager]:  * Positions where we compute the Hoare Annotation=LoopHeads
[2024-07-08 16:25:23,693 INFO  L153        SettingsManager]:  * Trace refinement strategy=WOLF
[2024-07-08 16:25:23,694 INFO  L153        SettingsManager]:  * Command for external solver=cvc4 --incremental --print-success --lang smt 
[2024-07-08 16:25:23,694 INFO  L153        SettingsManager]:  * Apply one-shot large block encoding in concurrent analysis=false
[2024-07-08 16:25:23,694 INFO  L153        SettingsManager]:  * Automaton type used in concurrency analysis=PETRI_NET
[2024-07-08 16:25:23,695 INFO  L153        SettingsManager]:  * Compute Hoare Annotation of negated interpolant automaton, abstraction and CFG=true
[2024-07-08 16:25:23,695 INFO  L153        SettingsManager]:  * Order on configurations for Petri net unfoldings=DBO
[2024-07-08 16:25:23,702 INFO  L153        SettingsManager]:  * SMT solver=External_ModelsAndUnsatCoreMode
[2024-07-08 16:25:23,703 INFO  L153        SettingsManager]:  * Logic for external solver=AUFBV
[2024-07-08 16:25:23,703 INFO  L153        SettingsManager]:  * Looper check in Petri net analysis=SEMANTIC
WARNING: An illegal reflective access operation has occurred
WARNING: Illegal reflective access by com.sun.xml.bind.v2.runtime.reflect.opt.Injector$1 (file:/home/qingshi1019/UAutomizer/plugins/com.sun.xml.bind_2.2.0.v201505121915.jar) to method java.lang.ClassLoader.defineClass(java.lang.String,byte[],int,int)
WARNING: Please consider reporting this to the maintainers of com.sun.xml.bind.v2.runtime.reflect.opt.Injector$1
WARNING: Use --illegal-access=warn to enable warnings of further illegal reflective access operations
WARNING: All illegal access operations will be denied in a future release
Applying setting for plugin de.uni_freiburg.informatik.ultimate.plugins.generator.cacsl2boogietranslator: Entry function -> main
Applying setting for plugin de.uni_freiburg.informatik.ultimate.witnessprinter: Witness directory -> /home/qingshi1019/UAutomizer
Applying setting for plugin de.uni_freiburg.informatik.ultimate.witnessprinter: Witness filename -> witness
Applying setting for plugin de.uni_freiburg.informatik.ultimate.witnessprinter: Write witness besides input file -> false
Applying setting for plugin de.uni_freiburg.informatik.ultimate.witnessprinter: Graph data specification -> CHECK( init(main()), LTL(G ! overflow) )


Applying setting for plugin de.uni_freiburg.informatik.ultimate.witnessprinter: Graph data producer -> Automizer
Applying setting for plugin de.uni_freiburg.informatik.ultimate.witnessprinter: Graph data architecture -> 64bit
Applying setting for plugin de.uni_freiburg.informatik.ultimate.witnessprinter: Graph data programhash -> d958007c8a754ce45f6e234d407985e5208b65c894d840888c77beab2bfc0385
[2024-07-08 16:25:24,115 INFO  L75    nceAwareModelManager]: Repository-Root is: /tmp
[2024-07-08 16:25:24,147 INFO  L261   ainManager$Toolchain]: [Toolchain 1]: Applicable parser(s) successfully (re)initialized
[2024-07-08 16:25:24,152 INFO  L217   ainManager$Toolchain]: [Toolchain 1]: Toolchain selected.
[2024-07-08 16:25:24,154 INFO  L270        PluginConnector]: Initializing CDTParser...
[2024-07-08 16:25:24,154 INFO  L274        PluginConnector]: CDTParser initialized
[2024-07-08 16:25:24,157 INFO  L431   ainManager$Toolchain]: [Toolchain 1]: Parsing single file: /home/qingshi1019/UAutomizer/repositories/libxsmm_main.i
[2024-07-08 16:25:25,536 INFO  L533              CDTParser]: Created temporary CDT project at NULL
[2024-07-08 16:25:26,261 INFO  L384              CDTParser]: Found 1 translation units.
[2024-07-08 16:25:26,262 INFO  L180              CDTParser]: Scanning /home/qingshi1019/UAutomizer/repositories/libxsmm_main.i
[2024-07-08 16:25:26,330 INFO  L427              CDTParser]: About to delete temporary CDT project at /home/qingshi1019/UAutomizer/data/d9e0101fb/da338692e6ed4f0882bda8c4794c74ca/FLAG4d0ba8e28
[2024-07-08 16:25:26,364 INFO  L435              CDTParser]: Successfully deleted /home/qingshi1019/UAutomizer/data/d9e0101fb/da338692e6ed4f0882bda8c4794c74ca
[2024-07-08 16:25:26,367 INFO  L299   ainManager$Toolchain]: ####################### [Toolchain 1] #######################
[2024-07-08 16:25:26,369 INFO  L133        ToolchainWalker]: Walking toolchain with 6 elements.
[2024-07-08 16:25:26,371 INFO  L112        PluginConnector]: ------------------------CACSL2BoogieTranslator----------------------------
[2024-07-08 16:25:26,371 INFO  L270        PluginConnector]: Initializing CACSL2BoogieTranslator...
[2024-07-08 16:25:26,380 INFO  L274        PluginConnector]: CACSL2BoogieTranslator initialized
[2024-07-08 16:25:26,381 INFO  L184        PluginConnector]: Executing the observer ACSLObjectContainerObserver from plugin CACSL2BoogieTranslator for "CDTParser AST 08.07 04:25:26" (1/1) ...
[2024-07-08 16:25:26,383 INFO  L204        PluginConnector]: Invalid model from CACSL2BoogieTranslator for observer de.uni_freiburg.informatik.ultimate.plugins.generator.cacsl2boogietranslator.ACSLObjectContainerObserver@15e663b5 and model type de.uni_freiburg.informatik.ultimate.plugins.generator.cacsl2boogietranslator AST 08.07 04:25:26, skipping insertion in model container
[2024-07-08 16:25:26,383 INFO  L184        PluginConnector]: Executing the observer CACSL2BoogieTranslatorObserver from plugin CACSL2BoogieTranslator for "CDTParser AST 08.07 04:25:26" (1/1) ...
[2024-07-08 16:25:26,745 INFO  L177         MainTranslator]: Built tables and reachable declarations
[2024-07-08 16:25:28,966 ERROR L324         MainTranslator]: Unsupported Syntax: Undefined type _Float32
[2024-07-08 16:25:28,966 INFO  L204        PluginConnector]: Invalid model from CACSL2BoogieTranslator for observer de.uni_freiburg.informatik.ultimate.plugins.generator.cacsl2boogietranslator.CACSL2BoogieTranslatorObserver@ab6e2af and model type de.uni_freiburg.informatik.ultimate.plugins.generator.cacsl2boogietranslator AST 08.07 04:25:28, skipping insertion in model container
[2024-07-08 16:25:28,967 INFO  L131        PluginConnector]: ------------------------ END CACSL2BoogieTranslator----------------------------
[2024-07-08 16:25:28,967 INFO  L186        ToolchainWalker]: Toolchain execution was canceled (user or tool) before executing de.uni_freiburg.informatik.ultimate.boogie.procedureinliner
[2024-07-08 16:25:28,969 INFO  L158              Benchmark]: Toolchain (without parser) took 2599.34ms. Allocated memory was 71.3MB in the beginning and 104.9MB in the end (delta: 33.6MB). Free memory was 38.5MB in the beginning and 52.0MB in the end (delta: -13.5MB). Peak memory consumption was 24.4MB. Max. memory is 16.1GB.
[2024-07-08 16:25:28,970 INFO  L158              Benchmark]: CDTParser took 0.37ms. Allocated memory is still 54.5MB. Free memory was 30.5MB in the beginning and 30.4MB in the end (delta: 65.0kB). Peak memory consumption was 2.1MB. Max. memory is 16.1GB.
[2024-07-08 16:25:28,970 INFO  L158              Benchmark]: CACSL2BoogieTranslator took 2596.22ms. Allocated memory was 71.3MB in the beginning and 104.9MB in the end (delta: 33.6MB). Free memory was 38.3MB in the beginning and 52.0MB in the end (delta: -13.7MB). Peak memory consumption was 24.4MB. Max. memory is 16.1GB.
[2024-07-08 16:25:28,972 INFO  L338   ainManager$Toolchain]: #######################  End [Toolchain 1] #######################
 --- Results ---
 * Results from de.uni_freiburg.informatik.ultimate.core:
  - StatisticsResult: Toolchain Benchmarks
    Benchmark results are:
 * CDTParser took 0.37ms. Allocated memory is still 54.5MB. Free memory was 30.5MB in the beginning and 30.4MB in the end (delta: 65.0kB). Peak memory consumption was 2.1MB. Max. memory is 16.1GB.
 * CACSL2BoogieTranslator took 2596.22ms. Allocated memory was 71.3MB in the beginning and 104.9MB in the end (delta: 33.6MB). Free memory was 38.3MB in the beginning and 52.0MB in the end (delta: -13.7MB). Peak memory consumption was 24.4MB. Max. memory is 16.1GB.
 * Results from de.uni_freiburg.informatik.ultimate.plugins.generator.cacsl2boogietranslator:
  - UnsupportedSyntaxResult [Line: 1979]: Unsupported Syntax
    Undefined type _Float32
RESULT: Ultimate could not prove your program: Toolchain returned no result.
Received shutdown request...
