This is Ultimate 0.2.4-dev-0e0057c
[2024-07-08 16:23:35,142 INFO  L188        SettingsManager]: Resetting all preferences to default values...
[2024-07-08 16:23:35,220 INFO  L114        SettingsManager]: Loading settings from /home/qingshi1019/UAutomizer/config/svcomp-Overflow-64bit-Automizer_Default.epf
[2024-07-08 16:23:35,226 WARN  L101        SettingsManager]: Preference file contains the following unknown settings:
[2024-07-08 16:23:35,227 WARN  L103        SettingsManager]:   * de.uni_freiburg.informatik.ultimate.core.Log level for class
[2024-07-08 16:23:35,265 INFO  L130        SettingsManager]: Preferences different from defaults after loading the file:
[2024-07-08 16:23:35,266 INFO  L151        SettingsManager]: Preferences of UltimateCore differ from their defaults:
[2024-07-08 16:23:35,266 INFO  L153        SettingsManager]:  * Log level for class=de.uni_freiburg.informatik.ultimate.lib.smtlibutils.quantifier.QuantifierPusher=ERROR;
[2024-07-08 16:23:35,267 INFO  L151        SettingsManager]: Preferences of Boogie Preprocessor differ from their defaults:
[2024-07-08 16:23:35,267 INFO  L153        SettingsManager]:  * Use memory slicer=true
[2024-07-08 16:23:35,268 INFO  L151        SettingsManager]: Preferences of Boogie Procedure Inliner differ from their defaults:
[2024-07-08 16:23:35,268 INFO  L153        SettingsManager]:  * Ignore calls to procedures called more than once=ONLY_FOR_SEQUENTIAL_PROGRAMS
[2024-07-08 16:23:35,269 INFO  L151        SettingsManager]: Preferences of BlockEncodingV2 differ from their defaults:
[2024-07-08 16:23:35,270 INFO  L153        SettingsManager]:  * Create parallel compositions if possible=false
[2024-07-08 16:23:35,270 INFO  L153        SettingsManager]:  * Use SBE=true
[2024-07-08 16:23:35,271 INFO  L151        SettingsManager]: Preferences of CACSL2BoogieTranslator differ from their defaults:
[2024-07-08 16:23:35,272 INFO  L153        SettingsManager]:  * Pointer base address is valid at dereference=IGNORE
[2024-07-08 16:23:35,272 INFO  L153        SettingsManager]:  * Overapproximate operations on floating types=true
[2024-07-08 16:23:35,273 INFO  L153        SettingsManager]:  * Check division by zero=IGNORE
[2024-07-08 16:23:35,273 INFO  L153        SettingsManager]:  * Pointer to allocated memory at dereference=IGNORE
[2024-07-08 16:23:35,274 INFO  L153        SettingsManager]:  * If two pointers are subtracted or compared they have the same base address=IGNORE
[2024-07-08 16:23:35,274 INFO  L153        SettingsManager]:  * Check array bounds for arrays that are off heap=IGNORE
[2024-07-08 16:23:35,275 INFO  L153        SettingsManager]:  * Check absence of signed integer overflows=true
[2024-07-08 16:23:35,276 INFO  L153        SettingsManager]:  * Check unreachability of reach_error function=false
[2024-07-08 16:23:35,276 INFO  L153        SettingsManager]:  * Check if freed pointer was valid=false
[2024-07-08 16:23:35,276 INFO  L153        SettingsManager]:  * Use constant arrays=true
[2024-07-08 16:23:35,277 INFO  L151        SettingsManager]: Preferences of RCFGBuilder differ from their defaults:
[2024-07-08 16:23:35,277 INFO  L153        SettingsManager]:  * Size of a code block=SequenceOfStatements
[2024-07-08 16:23:35,278 INFO  L153        SettingsManager]:  * Only consider context switches at boundaries of atomic blocks=true
[2024-07-08 16:23:35,278 INFO  L153        SettingsManager]:  * SMT solver=External_DefaultMode
[2024-07-08 16:23:35,279 INFO  L153        SettingsManager]:  * Command for external solver=z3 SMTLIB2_COMPLIANT=true -memory:2024 -smt2 -in -t:4000
[2024-07-08 16:23:35,279 INFO  L151        SettingsManager]: Preferences of TraceAbstraction differ from their defaults:
[2024-07-08 16:23:35,280 INFO  L153        SettingsManager]:  * Compute Interpolants along a Counterexample=FPandBP
[2024-07-08 16:23:35,280 INFO  L153        SettingsManager]:  * Positions where we compute the Hoare Annotation=LoopHeads
[2024-07-08 16:23:35,281 INFO  L153        SettingsManager]:  * Trace refinement strategy=CAMEL
[2024-07-08 16:23:35,281 INFO  L153        SettingsManager]:  * Command for external solver=z3 SMTLIB2_COMPLIANT=true -memory:2024 -smt2 -in
[2024-07-08 16:23:35,282 INFO  L153        SettingsManager]:  * Apply one-shot large block encoding in concurrent analysis=false
[2024-07-08 16:23:35,282 INFO  L153        SettingsManager]:  * Automaton type used in concurrency analysis=PETRI_NET
[2024-07-08 16:23:35,282 INFO  L153        SettingsManager]:  * Compute Hoare Annotation of negated interpolant automaton, abstraction and CFG=true
[2024-07-08 16:23:35,283 INFO  L153        SettingsManager]:  * Order on configurations for Petri net unfoldings=DBO
[2024-07-08 16:23:35,290 INFO  L153        SettingsManager]:  * SMT solver=External_ModelsAndUnsatCoreMode
[2024-07-08 16:23:35,290 INFO  L153        SettingsManager]:  * Looper check in Petri net analysis=SEMANTIC
WARNING: An illegal reflective access operation has occurred
WARNING: Illegal reflective access by com.sun.xml.bind.v2.runtime.reflect.opt.Injector$1 (file:/home/qingshi1019/UAutomizer/plugins/com.sun.xml.bind_2.2.0.v201505121915.jar) to method java.lang.ClassLoader.defineClass(java.lang.String,byte[],int,int)
WARNING: Please consider reporting this to the maintainers of com.sun.xml.bind.v2.runtime.reflect.opt.Injector$1
WARNING: Use --illegal-access=warn to enable warnings of further illegal reflective access operations
WARNING: All illegal access operations will be denied in a future release
Applying setting for plugin de.uni_freiburg.informatik.ultimate.plugins.generator.cacsl2boogietranslator: Entry function -> main
Applying setting for plugin de.uni_freiburg.informatik.ultimate.witnessprinter: Witness directory -> /home/qingshi1019/UAutomizer
Applying setting for plugin de.uni_freiburg.informatik.ultimate.witnessprinter: Witness filename -> witness
Applying setting for plugin de.uni_freiburg.informatik.ultimate.witnessprinter: Write witness besides input file -> false
Applying setting for plugin de.uni_freiburg.informatik.ultimate.witnessprinter: Graph data specification -> CHECK( init(main()), LTL(G ! overflow) )


Applying setting for plugin de.uni_freiburg.informatik.ultimate.witnessprinter: Graph data producer -> Automizer
Applying setting for plugin de.uni_freiburg.informatik.ultimate.witnessprinter: Graph data architecture -> 64bit
Applying setting for plugin de.uni_freiburg.informatik.ultimate.witnessprinter: Graph data programhash -> 30216be515dc23876a5504ff8fc21632525bd0f24f2d86ed015db2b6543aafae
[2024-07-08 16:23:35,651 INFO  L75    nceAwareModelManager]: Repository-Root is: /tmp
[2024-07-08 16:23:35,674 INFO  L261   ainManager$Toolchain]: [Toolchain 1]: Applicable parser(s) successfully (re)initialized
[2024-07-08 16:23:35,677 INFO  L217   ainManager$Toolchain]: [Toolchain 1]: Toolchain selected.
[2024-07-08 16:23:35,678 INFO  L270        PluginConnector]: Initializing CDTParser...
[2024-07-08 16:23:35,678 INFO  L274        PluginConnector]: CDTParser initialized
[2024-07-08 16:23:35,680 INFO  L431   ainManager$Toolchain]: [Toolchain 1]: Parsing single file: /home/qingshi1019/UAutomizer/repositories/nocache.i
[2024-07-08 16:23:37,157 INFO  L533              CDTParser]: Created temporary CDT project at NULL
[2024-07-08 16:23:37,603 INFO  L384              CDTParser]: Found 1 translation units.
[2024-07-08 16:23:37,604 INFO  L180              CDTParser]: Scanning /home/qingshi1019/UAutomizer/repositories/nocache.i
[2024-07-08 16:23:37,639 INFO  L427              CDTParser]: About to delete temporary CDT project at /home/qingshi1019/UAutomizer/data/b249f9cc3/be5bf90ce8c04a5a90cc752e3372ce4b/FLAGe7911c04d
[2024-07-08 16:23:37,662 INFO  L435              CDTParser]: Successfully deleted /home/qingshi1019/UAutomizer/data/b249f9cc3/be5bf90ce8c04a5a90cc752e3372ce4b
[2024-07-08 16:23:37,666 INFO  L299   ainManager$Toolchain]: ####################### [Toolchain 1] #######################
[2024-07-08 16:23:37,668 INFO  L133        ToolchainWalker]: Walking toolchain with 6 elements.
[2024-07-08 16:23:37,669 INFO  L112        PluginConnector]: ------------------------CACSL2BoogieTranslator----------------------------
[2024-07-08 16:23:37,669 INFO  L270        PluginConnector]: Initializing CACSL2BoogieTranslator...
[2024-07-08 16:23:37,675 INFO  L274        PluginConnector]: CACSL2BoogieTranslator initialized
[2024-07-08 16:23:37,676 INFO  L184        PluginConnector]: Executing the observer ACSLObjectContainerObserver from plugin CACSL2BoogieTranslator for "CDTParser AST 08.07 04:23:37" (1/1) ...
[2024-07-08 16:23:37,677 INFO  L204        PluginConnector]: Invalid model from CACSL2BoogieTranslator for observer de.uni_freiburg.informatik.ultimate.plugins.generator.cacsl2boogietranslator.ACSLObjectContainerObserver@3aaf88de and model type de.uni_freiburg.informatik.ultimate.plugins.generator.cacsl2boogietranslator AST 08.07 04:23:37, skipping insertion in model container
[2024-07-08 16:23:37,678 INFO  L184        PluginConnector]: Executing the observer CACSL2BoogieTranslatorObserver from plugin CACSL2BoogieTranslator for "CDTParser AST 08.07 04:23:37" (1/1) ...
[2024-07-08 16:23:37,833 INFO  L177         MainTranslator]: Built tables and reachable declarations
[2024-07-08 16:23:38,856 ERROR L324         MainTranslator]: Unsupported Syntax: Undefined type _Float32
[2024-07-08 16:23:38,857 INFO  L204        PluginConnector]: Invalid model from CACSL2BoogieTranslator for observer de.uni_freiburg.informatik.ultimate.plugins.generator.cacsl2boogietranslator.CACSL2BoogieTranslatorObserver@6ad649ba and model type de.uni_freiburg.informatik.ultimate.plugins.generator.cacsl2boogietranslator AST 08.07 04:23:38, skipping insertion in model container
[2024-07-08 16:23:38,857 INFO  L131        PluginConnector]: ------------------------ END CACSL2BoogieTranslator----------------------------
[2024-07-08 16:23:38,857 INFO  L186        ToolchainWalker]: Toolchain execution was canceled (user or tool) before executing de.uni_freiburg.informatik.ultimate.boogie.procedureinliner
[2024-07-08 16:23:38,860 INFO  L158              Benchmark]: Toolchain (without parser) took 1191.25ms. Allocated memory was 56.6MB in the beginning and 71.3MB in the end (delta: 14.7MB). Free memory was 25.2MB in the beginning and 39.6MB in the end (delta: -14.4MB). Peak memory consumption was 13.6MB. Max. memory is 16.1GB.
[2024-07-08 16:23:38,860 INFO  L158              Benchmark]: CDTParser took 0.19ms. Allocated memory is still 46.1MB. Free memory was 22.4MB in the beginning and 22.3MB in the end (delta: 42.0kB). There was no memory consumed. Max. memory is 16.1GB.
[2024-07-08 16:23:38,861 INFO  L158              Benchmark]: CACSL2BoogieTranslator took 1188.31ms. Allocated memory was 56.6MB in the beginning and 71.3MB in the end (delta: 14.7MB). Free memory was 25.0MB in the beginning and 39.6MB in the end (delta: -14.6MB). Peak memory consumption was 13.6MB. Max. memory is 16.1GB.
[2024-07-08 16:23:38,863 INFO  L338   ainManager$Toolchain]: #######################  End [Toolchain 1] #######################
 --- Results ---
 * Results from de.uni_freiburg.informatik.ultimate.core:
  - StatisticsResult: Toolchain Benchmarks
    Benchmark results are:
 * CDTParser took 0.19ms. Allocated memory is still 46.1MB. Free memory was 22.4MB in the beginning and 22.3MB in the end (delta: 42.0kB). There was no memory consumed. Max. memory is 16.1GB.
 * CACSL2BoogieTranslator took 1188.31ms. Allocated memory was 56.6MB in the beginning and 71.3MB in the end (delta: 14.7MB). Free memory was 25.0MB in the beginning and 39.6MB in the end (delta: -14.6MB). Peak memory consumption was 13.6MB. Max. memory is 16.1GB.
 * Results from de.uni_freiburg.informatik.ultimate.plugins.generator.cacsl2boogietranslator:
  - UnsupportedSyntaxResult [Line: 3492]: Unsupported Syntax
    Undefined type _Float32
RESULT: Ultimate could not prove your program: Toolchain returned no result.
Received shutdown request...

### Bit-precise run ###
This is Ultimate 0.2.4-dev-0e0057c
[2024-07-08 16:23:40,820 INFO  L188        SettingsManager]: Resetting all preferences to default values...
[2024-07-08 16:23:40,891 INFO  L114        SettingsManager]: Loading settings from /home/qingshi1019/UAutomizer/config/svcomp-Overflow-64bit-Automizer_Bitvector.epf
[2024-07-08 16:23:40,897 WARN  L101        SettingsManager]: Preference file contains the following unknown settings:
[2024-07-08 16:23:40,897 WARN  L103        SettingsManager]:   * de.uni_freiburg.informatik.ultimate.core.Log level for class
[2024-07-08 16:23:40,898 WARN  L103        SettingsManager]:   * de.uni_freiburg.informatik.ultimate.plugins.generator.cacsl2boogietranslator.Checked method. Library mode if empty.
[2024-07-08 16:23:40,925 INFO  L130        SettingsManager]: Preferences different from defaults after loading the file:
[2024-07-08 16:23:40,925 INFO  L151        SettingsManager]: Preferences of UltimateCore differ from their defaults:
[2024-07-08 16:23:40,926 INFO  L153        SettingsManager]:  * Log level for class=de.uni_freiburg.informatik.ultimate.lib.smtlibutils.quantifier.QuantifierPusher=ERROR;
[2024-07-08 16:23:40,926 INFO  L151        SettingsManager]: Preferences of Boogie Preprocessor differ from their defaults:
[2024-07-08 16:23:40,927 INFO  L153        SettingsManager]:  * Use memory slicer=true
[2024-07-08 16:23:40,927 INFO  L151        SettingsManager]: Preferences of Boogie Procedure Inliner differ from their defaults:
[2024-07-08 16:23:40,928 INFO  L153        SettingsManager]:  * Ignore calls to procedures called more than once=ONLY_FOR_SEQUENTIAL_PROGRAMS
[2024-07-08 16:23:40,929 INFO  L151        SettingsManager]: Preferences of BlockEncodingV2 differ from their defaults:
[2024-07-08 16:23:40,929 INFO  L153        SettingsManager]:  * Create parallel compositions if possible=false
[2024-07-08 16:23:40,929 INFO  L153        SettingsManager]:  * Use SBE=true
[2024-07-08 16:23:40,930 INFO  L151        SettingsManager]: Preferences of CACSL2BoogieTranslator differ from their defaults:
[2024-07-08 16:23:40,930 INFO  L153        SettingsManager]:  * Pointer base address is valid at dereference=IGNORE
[2024-07-08 16:23:40,931 INFO  L153        SettingsManager]:  * Check division by zero=IGNORE
[2024-07-08 16:23:40,931 INFO  L153        SettingsManager]:  * Pointer to allocated memory at dereference=IGNORE
[2024-07-08 16:23:40,932 INFO  L153        SettingsManager]:  * If two pointers are subtracted or compared they have the same base address=IGNORE
[2024-07-08 16:23:40,932 INFO  L153        SettingsManager]:  * Check array bounds for arrays that are off heap=IGNORE
[2024-07-08 16:23:40,933 INFO  L153        SettingsManager]:  * Adapt memory model on pointer casts if necessary=true
[2024-07-08 16:23:40,933 INFO  L153        SettingsManager]:  * Use bitvectors instead of ints=true
[2024-07-08 16:23:40,933 INFO  L153        SettingsManager]:  * Check absence of signed integer overflows=true
[2024-07-08 16:23:40,934 INFO  L153        SettingsManager]:  * Memory model=HoenickeLindenmann_4ByteResolution
[2024-07-08 16:23:40,934 INFO  L153        SettingsManager]:  * Check unreachability of reach_error function=false
[2024-07-08 16:23:40,934 INFO  L153        SettingsManager]:  * Check if freed pointer was valid=false
[2024-07-08 16:23:40,935 INFO  L153        SettingsManager]:  * Use constant arrays=true
[2024-07-08 16:23:40,935 INFO  L151        SettingsManager]: Preferences of RCFGBuilder differ from their defaults:
[2024-07-08 16:23:40,935 INFO  L153        SettingsManager]:  * Size of a code block=SequenceOfStatements
[2024-07-08 16:23:40,936 INFO  L153        SettingsManager]:  * Only consider context switches at boundaries of atomic blocks=true
[2024-07-08 16:23:40,936 INFO  L153        SettingsManager]:  * SMT solver=External_DefaultMode
[2024-07-08 16:23:40,937 INFO  L153        SettingsManager]:  * Command for external solver=z3 SMTLIB2_COMPLIANT=true -memory:2024 -smt2 -in -t:4000
[2024-07-08 16:23:40,937 INFO  L151        SettingsManager]: Preferences of TraceAbstraction differ from their defaults:
[2024-07-08 16:23:40,938 INFO  L153        SettingsManager]:  * Compute Interpolants along a Counterexample=FPandBP
[2024-07-08 16:23:40,938 INFO  L153        SettingsManager]:  * Positions where we compute the Hoare Annotation=LoopHeads
[2024-07-08 16:23:40,938 INFO  L153        SettingsManager]:  * Trace refinement strategy=WOLF
[2024-07-08 16:23:40,939 INFO  L153        SettingsManager]:  * Command for external solver=cvc4 --incremental --print-success --lang smt 
[2024-07-08 16:23:40,939 INFO  L153        SettingsManager]:  * Apply one-shot large block encoding in concurrent analysis=false
[2024-07-08 16:23:40,940 INFO  L153        SettingsManager]:  * Automaton type used in concurrency analysis=PETRI_NET
[2024-07-08 16:23:40,940 INFO  L153        SettingsManager]:  * Compute Hoare Annotation of negated interpolant automaton, abstraction and CFG=true
[2024-07-08 16:23:40,940 INFO  L153        SettingsManager]:  * Order on configurations for Petri net unfoldings=DBO
[2024-07-08 16:23:40,941 INFO  L153        SettingsManager]:  * SMT solver=External_ModelsAndUnsatCoreMode
[2024-07-08 16:23:40,941 INFO  L153        SettingsManager]:  * Logic for external solver=AUFBV
[2024-07-08 16:23:40,941 INFO  L153        SettingsManager]:  * Looper check in Petri net analysis=SEMANTIC
WARNING: An illegal reflective access operation has occurred
WARNING: Illegal reflective access by com.sun.xml.bind.v2.runtime.reflect.opt.Injector$1 (file:/home/qingshi1019/UAutomizer/plugins/com.sun.xml.bind_2.2.0.v201505121915.jar) to method java.lang.ClassLoader.defineClass(java.lang.String,byte[],int,int)
WARNING: Please consider reporting this to the maintainers of com.sun.xml.bind.v2.runtime.reflect.opt.Injector$1
WARNING: Use --illegal-access=warn to enable warnings of further illegal reflective access operations
WARNING: All illegal access operations will be denied in a future release
Applying setting for plugin de.uni_freiburg.informatik.ultimate.plugins.generator.cacsl2boogietranslator: Entry function -> main
Applying setting for plugin de.uni_freiburg.informatik.ultimate.witnessprinter: Witness directory -> /home/qingshi1019/UAutomizer
Applying setting for plugin de.uni_freiburg.informatik.ultimate.witnessprinter: Witness filename -> witness
Applying setting for plugin de.uni_freiburg.informatik.ultimate.witnessprinter: Write witness besides input file -> false
Applying setting for plugin de.uni_freiburg.informatik.ultimate.witnessprinter: Graph data specification -> CHECK( init(main()), LTL(G ! overflow) )


Applying setting for plugin de.uni_freiburg.informatik.ultimate.witnessprinter: Graph data producer -> Automizer
Applying setting for plugin de.uni_freiburg.informatik.ultimate.witnessprinter: Graph data architecture -> 64bit
Applying setting for plugin de.uni_freiburg.informatik.ultimate.witnessprinter: Graph data programhash -> 30216be515dc23876a5504ff8fc21632525bd0f24f2d86ed015db2b6543aafae
[2024-07-08 16:23:41,317 INFO  L75    nceAwareModelManager]: Repository-Root is: /tmp
[2024-07-08 16:23:41,344 INFO  L261   ainManager$Toolchain]: [Toolchain 1]: Applicable parser(s) successfully (re)initialized
[2024-07-08 16:23:41,348 INFO  L217   ainManager$Toolchain]: [Toolchain 1]: Toolchain selected.
[2024-07-08 16:23:41,350 INFO  L270        PluginConnector]: Initializing CDTParser...
[2024-07-08 16:23:41,351 INFO  L274        PluginConnector]: CDTParser initialized
[2024-07-08 16:23:41,353 INFO  L431   ainManager$Toolchain]: [Toolchain 1]: Parsing single file: /home/qingshi1019/UAutomizer/repositories/nocache.i
[2024-07-08 16:23:42,658 INFO  L533              CDTParser]: Created temporary CDT project at NULL
[2024-07-08 16:23:43,048 INFO  L384              CDTParser]: Found 1 translation units.
[2024-07-08 16:23:43,049 INFO  L180              CDTParser]: Scanning /home/qingshi1019/UAutomizer/repositories/nocache.i
[2024-07-08 16:23:43,081 INFO  L427              CDTParser]: About to delete temporary CDT project at /home/qingshi1019/UAutomizer/data/2c6b51a51/01a40fa7da7e4417ac559b251e7aaa88/FLAG9b9979107
[2024-07-08 16:23:43,110 INFO  L435              CDTParser]: Successfully deleted /home/qingshi1019/UAutomizer/data/2c6b51a51/01a40fa7da7e4417ac559b251e7aaa88
[2024-07-08 16:23:43,114 INFO  L299   ainManager$Toolchain]: ####################### [Toolchain 1] #######################
[2024-07-08 16:23:43,117 INFO  L133        ToolchainWalker]: Walking toolchain with 6 elements.
[2024-07-08 16:23:43,119 INFO  L112        PluginConnector]: ------------------------CACSL2BoogieTranslator----------------------------
[2024-07-08 16:23:43,119 INFO  L270        PluginConnector]: Initializing CACSL2BoogieTranslator...
[2024-07-08 16:23:43,127 INFO  L274        PluginConnector]: CACSL2BoogieTranslator initialized
[2024-07-08 16:23:43,128 INFO  L184        PluginConnector]: Executing the observer ACSLObjectContainerObserver from plugin CACSL2BoogieTranslator for "CDTParser AST 08.07 04:23:43" (1/1) ...
[2024-07-08 16:23:43,130 INFO  L204        PluginConnector]: Invalid model from CACSL2BoogieTranslator for observer de.uni_freiburg.informatik.ultimate.plugins.generator.cacsl2boogietranslator.ACSLObjectContainerObserver@513a28ed and model type de.uni_freiburg.informatik.ultimate.plugins.generator.cacsl2boogietranslator AST 08.07 04:23:43, skipping insertion in model container
[2024-07-08 16:23:43,131 INFO  L184        PluginConnector]: Executing the observer CACSL2BoogieTranslatorObserver from plugin CACSL2BoogieTranslator for "CDTParser AST 08.07 04:23:43" (1/1) ...
[2024-07-08 16:23:43,250 INFO  L177         MainTranslator]: Built tables and reachable declarations
[2024-07-08 16:23:44,141 ERROR L324         MainTranslator]: Unsupported Syntax: Undefined type _Float32
[2024-07-08 16:23:44,142 INFO  L204        PluginConnector]: Invalid model from CACSL2BoogieTranslator for observer de.uni_freiburg.informatik.ultimate.plugins.generator.cacsl2boogietranslator.CACSL2BoogieTranslatorObserver@4c0dcb49 and model type de.uni_freiburg.informatik.ultimate.plugins.generator.cacsl2boogietranslator AST 08.07 04:23:44, skipping insertion in model container
[2024-07-08 16:23:44,142 INFO  L131        PluginConnector]: ------------------------ END CACSL2BoogieTranslator----------------------------
[2024-07-08 16:23:44,143 INFO  L186        ToolchainWalker]: Toolchain execution was canceled (user or tool) before executing de.uni_freiburg.informatik.ultimate.boogie.procedureinliner
[2024-07-08 16:23:44,145 INFO  L158              Benchmark]: Toolchain (without parser) took 1027.51ms. Allocated memory is still 62.9MB. Free memory was 31.6MB in the beginning and 32.2MB in the end (delta: -592.8kB). Peak memory consumption was 14.0MB. Max. memory is 16.1GB.
[2024-07-08 16:23:44,145 INFO  L158              Benchmark]: CDTParser took 0.36ms. Allocated memory is still 50.3MB. Free memory was 25.6MB in the beginning and 25.6MB in the end (delta: 78.1kB). There was no memory consumed. Max. memory is 16.1GB.
[2024-07-08 16:23:44,146 INFO  L158              Benchmark]: CACSL2BoogieTranslator took 1023.73ms. Allocated memory is still 62.9MB. Free memory was 31.4MB in the beginning and 32.2MB in the end (delta: -763.6kB). Peak memory consumption was 14.0MB. Max. memory is 16.1GB.
[2024-07-08 16:23:44,147 INFO  L338   ainManager$Toolchain]: #######################  End [Toolchain 1] #######################
 --- Results ---
 * Results from de.uni_freiburg.informatik.ultimate.core:
  - StatisticsResult: Toolchain Benchmarks
    Benchmark results are:
 * CDTParser took 0.36ms. Allocated memory is still 50.3MB. Free memory was 25.6MB in the beginning and 25.6MB in the end (delta: 78.1kB). There was no memory consumed. Max. memory is 16.1GB.
 * CACSL2BoogieTranslator took 1023.73ms. Allocated memory is still 62.9MB. Free memory was 31.4MB in the beginning and 32.2MB in the end (delta: -763.6kB). Peak memory consumption was 14.0MB. Max. memory is 16.1GB.
 * Results from de.uni_freiburg.informatik.ultimate.plugins.generator.cacsl2boogietranslator:
  - UnsupportedSyntaxResult [Line: 3492]: Unsupported Syntax
    Undefined type _Float32
RESULT: Ultimate could not prove your program: Toolchain returned no result.
Received shutdown request...
