This is Ultimate 0.2.4-dev-0e0057c
[2024-07-08 16:24:31,201 INFO  L188        SettingsManager]: Resetting all preferences to default values...
[2024-07-08 16:24:31,293 INFO  L114        SettingsManager]: Loading settings from /home/qingshi1019/UAutomizer/config/svcomp-Overflow-64bit-Automizer_Default.epf
[2024-07-08 16:24:31,299 WARN  L101        SettingsManager]: Preference file contains the following unknown settings:
[2024-07-08 16:24:31,300 WARN  L103        SettingsManager]:   * de.uni_freiburg.informatik.ultimate.core.Log level for class
[2024-07-08 16:24:31,327 INFO  L130        SettingsManager]: Preferences different from defaults after loading the file:
[2024-07-08 16:24:31,327 INFO  L151        SettingsManager]: Preferences of UltimateCore differ from their defaults:
[2024-07-08 16:24:31,328 INFO  L153        SettingsManager]:  * Log level for class=de.uni_freiburg.informatik.ultimate.lib.smtlibutils.quantifier.QuantifierPusher=ERROR;
[2024-07-08 16:24:31,329 INFO  L151        SettingsManager]: Preferences of Boogie Preprocessor differ from their defaults:
[2024-07-08 16:24:31,329 INFO  L153        SettingsManager]:  * Use memory slicer=true
[2024-07-08 16:24:31,330 INFO  L151        SettingsManager]: Preferences of Boogie Procedure Inliner differ from their defaults:
[2024-07-08 16:24:31,330 INFO  L153        SettingsManager]:  * Ignore calls to procedures called more than once=ONLY_FOR_SEQUENTIAL_PROGRAMS
[2024-07-08 16:24:31,331 INFO  L151        SettingsManager]: Preferences of BlockEncodingV2 differ from their defaults:
[2024-07-08 16:24:31,331 INFO  L153        SettingsManager]:  * Create parallel compositions if possible=false
[2024-07-08 16:24:31,332 INFO  L153        SettingsManager]:  * Use SBE=true
[2024-07-08 16:24:31,332 INFO  L151        SettingsManager]: Preferences of CACSL2BoogieTranslator differ from their defaults:
[2024-07-08 16:24:31,333 INFO  L153        SettingsManager]:  * Pointer base address is valid at dereference=IGNORE
[2024-07-08 16:24:31,333 INFO  L153        SettingsManager]:  * Overapproximate operations on floating types=true
[2024-07-08 16:24:31,333 INFO  L153        SettingsManager]:  * Check division by zero=IGNORE
[2024-07-08 16:24:31,334 INFO  L153        SettingsManager]:  * Pointer to allocated memory at dereference=IGNORE
[2024-07-08 16:24:31,334 INFO  L153        SettingsManager]:  * If two pointers are subtracted or compared they have the same base address=IGNORE
[2024-07-08 16:24:31,335 INFO  L153        SettingsManager]:  * Check array bounds for arrays that are off heap=IGNORE
[2024-07-08 16:24:31,335 INFO  L153        SettingsManager]:  * Check absence of signed integer overflows=true
[2024-07-08 16:24:31,336 INFO  L153        SettingsManager]:  * Check unreachability of reach_error function=false
[2024-07-08 16:24:31,336 INFO  L153        SettingsManager]:  * Check if freed pointer was valid=false
[2024-07-08 16:24:31,336 INFO  L153        SettingsManager]:  * Use constant arrays=true
[2024-07-08 16:24:31,337 INFO  L151        SettingsManager]: Preferences of RCFGBuilder differ from their defaults:
[2024-07-08 16:24:31,337 INFO  L153        SettingsManager]:  * Size of a code block=SequenceOfStatements
[2024-07-08 16:24:31,338 INFO  L153        SettingsManager]:  * Only consider context switches at boundaries of atomic blocks=true
[2024-07-08 16:24:31,338 INFO  L153        SettingsManager]:  * SMT solver=External_DefaultMode
[2024-07-08 16:24:31,339 INFO  L153        SettingsManager]:  * Command for external solver=z3 SMTLIB2_COMPLIANT=true -memory:2024 -smt2 -in -t:4000
[2024-07-08 16:24:31,339 INFO  L151        SettingsManager]: Preferences of TraceAbstraction differ from their defaults:
[2024-07-08 16:24:31,340 INFO  L153        SettingsManager]:  * Compute Interpolants along a Counterexample=FPandBP
[2024-07-08 16:24:31,340 INFO  L153        SettingsManager]:  * Positions where we compute the Hoare Annotation=LoopHeads
[2024-07-08 16:24:31,341 INFO  L153        SettingsManager]:  * Trace refinement strategy=CAMEL
[2024-07-08 16:24:31,341 INFO  L153        SettingsManager]:  * Command for external solver=z3 SMTLIB2_COMPLIANT=true -memory:2024 -smt2 -in
[2024-07-08 16:24:31,341 INFO  L153        SettingsManager]:  * Apply one-shot large block encoding in concurrent analysis=false
[2024-07-08 16:24:31,342 INFO  L153        SettingsManager]:  * Automaton type used in concurrency analysis=PETRI_NET
[2024-07-08 16:24:31,342 INFO  L153        SettingsManager]:  * Compute Hoare Annotation of negated interpolant automaton, abstraction and CFG=true
[2024-07-08 16:24:31,342 INFO  L153        SettingsManager]:  * Order on configurations for Petri net unfoldings=DBO
[2024-07-08 16:24:31,343 INFO  L153        SettingsManager]:  * SMT solver=External_ModelsAndUnsatCoreMode
[2024-07-08 16:24:31,343 INFO  L153        SettingsManager]:  * Looper check in Petri net analysis=SEMANTIC
WARNING: An illegal reflective access operation has occurred
WARNING: Illegal reflective access by com.sun.xml.bind.v2.runtime.reflect.opt.Injector$1 (file:/home/qingshi1019/UAutomizer/plugins/com.sun.xml.bind_2.2.0.v201505121915.jar) to method java.lang.ClassLoader.defineClass(java.lang.String,byte[],int,int)
WARNING: Please consider reporting this to the maintainers of com.sun.xml.bind.v2.runtime.reflect.opt.Injector$1
WARNING: Use --illegal-access=warn to enable warnings of further illegal reflective access operations
WARNING: All illegal access operations will be denied in a future release
Applying setting for plugin de.uni_freiburg.informatik.ultimate.plugins.generator.cacsl2boogietranslator: Entry function -> main
Applying setting for plugin de.uni_freiburg.informatik.ultimate.witnessprinter: Witness directory -> /home/qingshi1019/UAutomizer
Applying setting for plugin de.uni_freiburg.informatik.ultimate.witnessprinter: Witness filename -> witness
Applying setting for plugin de.uni_freiburg.informatik.ultimate.witnessprinter: Write witness besides input file -> false
Applying setting for plugin de.uni_freiburg.informatik.ultimate.witnessprinter: Graph data specification -> CHECK( init(main()), LTL(G ! overflow) )


Applying setting for plugin de.uni_freiburg.informatik.ultimate.witnessprinter: Graph data producer -> Automizer
Applying setting for plugin de.uni_freiburg.informatik.ultimate.witnessprinter: Graph data architecture -> 64bit
Applying setting for plugin de.uni_freiburg.informatik.ultimate.witnessprinter: Graph data programhash -> 858ab8df79b495e3d09f89eca3f9ca8f3860b5d90a11fa69c85b6db3c969b516
[2024-07-08 16:24:31,678 INFO  L75    nceAwareModelManager]: Repository-Root is: /tmp
[2024-07-08 16:24:31,711 INFO  L261   ainManager$Toolchain]: [Toolchain 1]: Applicable parser(s) successfully (re)initialized
[2024-07-08 16:24:31,715 INFO  L217   ainManager$Toolchain]: [Toolchain 1]: Toolchain selected.
[2024-07-08 16:24:31,716 INFO  L270        PluginConnector]: Initializing CDTParser...
[2024-07-08 16:24:31,717 INFO  L274        PluginConnector]: CDTParser initialized
[2024-07-08 16:24:31,719 INFO  L431   ainManager$Toolchain]: [Toolchain 1]: Parsing single file: /home/qingshi1019/UAutomizer/repositories/picocom.i
[2024-07-08 16:24:33,068 INFO  L533              CDTParser]: Created temporary CDT project at NULL
[2024-07-08 16:24:33,592 INFO  L384              CDTParser]: Found 1 translation units.
[2024-07-08 16:24:33,593 INFO  L180              CDTParser]: Scanning /home/qingshi1019/UAutomizer/repositories/picocom.i
[2024-07-08 16:24:33,632 INFO  L427              CDTParser]: About to delete temporary CDT project at /home/qingshi1019/UAutomizer/data/7847cec66/a2f877ca811849658a57e3fe7e053119/FLAG44ec4319f
[2024-07-08 16:24:33,656 INFO  L435              CDTParser]: Successfully deleted /home/qingshi1019/UAutomizer/data/7847cec66/a2f877ca811849658a57e3fe7e053119
[2024-07-08 16:24:33,660 INFO  L299   ainManager$Toolchain]: ####################### [Toolchain 1] #######################
[2024-07-08 16:24:33,662 INFO  L133        ToolchainWalker]: Walking toolchain with 6 elements.
[2024-07-08 16:24:33,663 INFO  L112        PluginConnector]: ------------------------CACSL2BoogieTranslator----------------------------
[2024-07-08 16:24:33,663 INFO  L270        PluginConnector]: Initializing CACSL2BoogieTranslator...
[2024-07-08 16:24:33,669 INFO  L274        PluginConnector]: CACSL2BoogieTranslator initialized
[2024-07-08 16:24:33,670 INFO  L184        PluginConnector]: Executing the observer ACSLObjectContainerObserver from plugin CACSL2BoogieTranslator for "CDTParser AST 08.07 04:24:33" (1/1) ...
[2024-07-08 16:24:33,672 INFO  L204        PluginConnector]: Invalid model from CACSL2BoogieTranslator for observer de.uni_freiburg.informatik.ultimate.plugins.generator.cacsl2boogietranslator.ACSLObjectContainerObserver@2a86014e and model type de.uni_freiburg.informatik.ultimate.plugins.generator.cacsl2boogietranslator AST 08.07 04:24:33, skipping insertion in model container
[2024-07-08 16:24:33,672 INFO  L184        PluginConnector]: Executing the observer CACSL2BoogieTranslatorObserver from plugin CACSL2BoogieTranslator for "CDTParser AST 08.07 04:24:33" (1/1) ...
[2024-07-08 16:24:33,822 INFO  L177         MainTranslator]: Built tables and reachable declarations
[2024-07-08 16:24:34,749 ERROR L324         MainTranslator]: Unsupported Syntax: Undefined type __uint128_t
[2024-07-08 16:24:34,750 INFO  L204        PluginConnector]: Invalid model from CACSL2BoogieTranslator for observer de.uni_freiburg.informatik.ultimate.plugins.generator.cacsl2boogietranslator.CACSL2BoogieTranslatorObserver@2b3e4f37 and model type de.uni_freiburg.informatik.ultimate.plugins.generator.cacsl2boogietranslator AST 08.07 04:24:34, skipping insertion in model container
[2024-07-08 16:24:34,750 INFO  L131        PluginConnector]: ------------------------ END CACSL2BoogieTranslator----------------------------
[2024-07-08 16:24:34,751 INFO  L186        ToolchainWalker]: Toolchain execution was canceled (user or tool) before executing de.uni_freiburg.informatik.ultimate.boogie.procedureinliner
[2024-07-08 16:24:34,753 INFO  L158              Benchmark]: Toolchain (without parser) took 1090.64ms. Allocated memory is still 71.3MB. Free memory was 40.4MB in the beginning and 43.1MB in the end (delta: -2.7MB). Peak memory consumption was 16.7MB. Max. memory is 16.1GB.
[2024-07-08 16:24:34,753 INFO  L158              Benchmark]: CDTParser took 0.25ms. Allocated memory is still 54.5MB. Free memory was 30.0MB in the beginning and 30.0MB in the end (delta: 52.5kB). There was no memory consumed. Max. memory is 16.1GB.
[2024-07-08 16:24:34,754 INFO  L158              Benchmark]: CACSL2BoogieTranslator took 1087.74ms. Allocated memory is still 71.3MB. Free memory was 40.2MB in the beginning and 43.1MB in the end (delta: -2.9MB). Peak memory consumption was 16.7MB. Max. memory is 16.1GB.
[2024-07-08 16:24:34,756 INFO  L338   ainManager$Toolchain]: #######################  End [Toolchain 1] #######################
 --- Results ---
 * Results from de.uni_freiburg.informatik.ultimate.core:
  - StatisticsResult: Toolchain Benchmarks
    Benchmark results are:
 * CDTParser took 0.25ms. Allocated memory is still 54.5MB. Free memory was 30.0MB in the beginning and 30.0MB in the end (delta: 52.5kB). There was no memory consumed. Max. memory is 16.1GB.
 * CACSL2BoogieTranslator took 1087.74ms. Allocated memory is still 71.3MB. Free memory was 40.2MB in the beginning and 43.1MB in the end (delta: -2.9MB). Peak memory consumption was 16.7MB. Max. memory is 16.1GB.
 * Results from de.uni_freiburg.informatik.ultimate.plugins.generator.cacsl2boogietranslator:
  - UnsupportedSyntaxResult [Line: 2925]: Unsupported Syntax
    Undefined type __uint128_t
RESULT: Ultimate could not prove your program: Toolchain returned no result.
Received shutdown request...

### Bit-precise run ###
This is Ultimate 0.2.4-dev-0e0057c
[2024-07-08 16:24:36,752 INFO  L188        SettingsManager]: Resetting all preferences to default values...
[2024-07-08 16:24:36,825 INFO  L114        SettingsManager]: Loading settings from /home/qingshi1019/UAutomizer/config/svcomp-Overflow-64bit-Automizer_Bitvector.epf
[2024-07-08 16:24:36,830 WARN  L101        SettingsManager]: Preference file contains the following unknown settings:
[2024-07-08 16:24:36,831 WARN  L103        SettingsManager]:   * de.uni_freiburg.informatik.ultimate.core.Log level for class
[2024-07-08 16:24:36,831 WARN  L103        SettingsManager]:   * de.uni_freiburg.informatik.ultimate.plugins.generator.cacsl2boogietranslator.Checked method. Library mode if empty.
[2024-07-08 16:24:36,856 INFO  L130        SettingsManager]: Preferences different from defaults after loading the file:
[2024-07-08 16:24:36,857 INFO  L151        SettingsManager]: Preferences of UltimateCore differ from their defaults:
[2024-07-08 16:24:36,857 INFO  L153        SettingsManager]:  * Log level for class=de.uni_freiburg.informatik.ultimate.lib.smtlibutils.quantifier.QuantifierPusher=ERROR;
[2024-07-08 16:24:36,858 INFO  L151        SettingsManager]: Preferences of Boogie Preprocessor differ from their defaults:
[2024-07-08 16:24:36,858 INFO  L153        SettingsManager]:  * Use memory slicer=true
[2024-07-08 16:24:36,858 INFO  L151        SettingsManager]: Preferences of Boogie Procedure Inliner differ from their defaults:
[2024-07-08 16:24:36,859 INFO  L153        SettingsManager]:  * Ignore calls to procedures called more than once=ONLY_FOR_SEQUENTIAL_PROGRAMS
[2024-07-08 16:24:36,860 INFO  L151        SettingsManager]: Preferences of BlockEncodingV2 differ from their defaults:
[2024-07-08 16:24:36,860 INFO  L153        SettingsManager]:  * Create parallel compositions if possible=false
[2024-07-08 16:24:36,860 INFO  L153        SettingsManager]:  * Use SBE=true
[2024-07-08 16:24:36,861 INFO  L151        SettingsManager]: Preferences of CACSL2BoogieTranslator differ from their defaults:
[2024-07-08 16:24:36,861 INFO  L153        SettingsManager]:  * Pointer base address is valid at dereference=IGNORE
[2024-07-08 16:24:36,861 INFO  L153        SettingsManager]:  * Check division by zero=IGNORE
[2024-07-08 16:24:36,862 INFO  L153        SettingsManager]:  * Pointer to allocated memory at dereference=IGNORE
[2024-07-08 16:24:36,862 INFO  L153        SettingsManager]:  * If two pointers are subtracted or compared they have the same base address=IGNORE
[2024-07-08 16:24:36,863 INFO  L153        SettingsManager]:  * Check array bounds for arrays that are off heap=IGNORE
[2024-07-08 16:24:36,863 INFO  L153        SettingsManager]:  * Adapt memory model on pointer casts if necessary=true
[2024-07-08 16:24:36,863 INFO  L153        SettingsManager]:  * Use bitvectors instead of ints=true
[2024-07-08 16:24:36,864 INFO  L153        SettingsManager]:  * Check absence of signed integer overflows=true
[2024-07-08 16:24:36,864 INFO  L153        SettingsManager]:  * Memory model=HoenickeLindenmann_4ByteResolution
[2024-07-08 16:24:36,864 INFO  L153        SettingsManager]:  * Check unreachability of reach_error function=false
[2024-07-08 16:24:36,865 INFO  L153        SettingsManager]:  * Check if freed pointer was valid=false
[2024-07-08 16:24:36,865 INFO  L153        SettingsManager]:  * Use constant arrays=true
[2024-07-08 16:24:36,865 INFO  L151        SettingsManager]: Preferences of RCFGBuilder differ from their defaults:
[2024-07-08 16:24:36,866 INFO  L153        SettingsManager]:  * Size of a code block=SequenceOfStatements
[2024-07-08 16:24:36,866 INFO  L153        SettingsManager]:  * Only consider context switches at boundaries of atomic blocks=true
[2024-07-08 16:24:36,866 INFO  L153        SettingsManager]:  * SMT solver=External_DefaultMode
[2024-07-08 16:24:36,866 INFO  L153        SettingsManager]:  * Command for external solver=z3 SMTLIB2_COMPLIANT=true -memory:2024 -smt2 -in -t:4000
[2024-07-08 16:24:36,867 INFO  L151        SettingsManager]: Preferences of TraceAbstraction differ from their defaults:
[2024-07-08 16:24:36,867 INFO  L153        SettingsManager]:  * Compute Interpolants along a Counterexample=FPandBP
[2024-07-08 16:24:36,867 INFO  L153        SettingsManager]:  * Positions where we compute the Hoare Annotation=LoopHeads
[2024-07-08 16:24:36,868 INFO  L153        SettingsManager]:  * Trace refinement strategy=WOLF
[2024-07-08 16:24:36,868 INFO  L153        SettingsManager]:  * Command for external solver=cvc4 --incremental --print-success --lang smt 
[2024-07-08 16:24:36,868 INFO  L153        SettingsManager]:  * Apply one-shot large block encoding in concurrent analysis=false
[2024-07-08 16:24:36,869 INFO  L153        SettingsManager]:  * Automaton type used in concurrency analysis=PETRI_NET
[2024-07-08 16:24:36,869 INFO  L153        SettingsManager]:  * Compute Hoare Annotation of negated interpolant automaton, abstraction and CFG=true
[2024-07-08 16:24:36,870 INFO  L153        SettingsManager]:  * Order on configurations for Petri net unfoldings=DBO
[2024-07-08 16:24:36,870 INFO  L153        SettingsManager]:  * SMT solver=External_ModelsAndUnsatCoreMode
[2024-07-08 16:24:36,870 INFO  L153        SettingsManager]:  * Logic for external solver=AUFBV
[2024-07-08 16:24:36,870 INFO  L153        SettingsManager]:  * Looper check in Petri net analysis=SEMANTIC
WARNING: An illegal reflective access operation has occurred
WARNING: Illegal reflective access by com.sun.xml.bind.v2.runtime.reflect.opt.Injector$1 (file:/home/qingshi1019/UAutomizer/plugins/com.sun.xml.bind_2.2.0.v201505121915.jar) to method java.lang.ClassLoader.defineClass(java.lang.String,byte[],int,int)
WARNING: Please consider reporting this to the maintainers of com.sun.xml.bind.v2.runtime.reflect.opt.Injector$1
WARNING: Use --illegal-access=warn to enable warnings of further illegal reflective access operations
WARNING: All illegal access operations will be denied in a future release
Applying setting for plugin de.uni_freiburg.informatik.ultimate.plugins.generator.cacsl2boogietranslator: Entry function -> main
Applying setting for plugin de.uni_freiburg.informatik.ultimate.witnessprinter: Witness directory -> /home/qingshi1019/UAutomizer
Applying setting for plugin de.uni_freiburg.informatik.ultimate.witnessprinter: Witness filename -> witness
Applying setting for plugin de.uni_freiburg.informatik.ultimate.witnessprinter: Write witness besides input file -> false
Applying setting for plugin de.uni_freiburg.informatik.ultimate.witnessprinter: Graph data specification -> CHECK( init(main()), LTL(G ! overflow) )


Applying setting for plugin de.uni_freiburg.informatik.ultimate.witnessprinter: Graph data producer -> Automizer
Applying setting for plugin de.uni_freiburg.informatik.ultimate.witnessprinter: Graph data architecture -> 64bit
Applying setting for plugin de.uni_freiburg.informatik.ultimate.witnessprinter: Graph data programhash -> 858ab8df79b495e3d09f89eca3f9ca8f3860b5d90a11fa69c85b6db3c969b516
[2024-07-08 16:24:37,216 INFO  L75    nceAwareModelManager]: Repository-Root is: /tmp
[2024-07-08 16:24:37,247 INFO  L261   ainManager$Toolchain]: [Toolchain 1]: Applicable parser(s) successfully (re)initialized
[2024-07-08 16:24:37,250 INFO  L217   ainManager$Toolchain]: [Toolchain 1]: Toolchain selected.
[2024-07-08 16:24:37,251 INFO  L270        PluginConnector]: Initializing CDTParser...
[2024-07-08 16:24:37,252 INFO  L274        PluginConnector]: CDTParser initialized
[2024-07-08 16:24:37,253 INFO  L431   ainManager$Toolchain]: [Toolchain 1]: Parsing single file: /home/qingshi1019/UAutomizer/repositories/picocom.i
[2024-07-08 16:24:38,516 INFO  L533              CDTParser]: Created temporary CDT project at NULL
[2024-07-08 16:24:39,063 INFO  L384              CDTParser]: Found 1 translation units.
[2024-07-08 16:24:39,064 INFO  L180              CDTParser]: Scanning /home/qingshi1019/UAutomizer/repositories/picocom.i
[2024-07-08 16:24:39,105 INFO  L427              CDTParser]: About to delete temporary CDT project at /home/qingshi1019/UAutomizer/data/7bbf8e9bd/262db509e447438d8384639d9367fbed/FLAG376d9b442
[2024-07-08 16:24:39,135 INFO  L435              CDTParser]: Successfully deleted /home/qingshi1019/UAutomizer/data/7bbf8e9bd/262db509e447438d8384639d9367fbed
[2024-07-08 16:24:39,139 INFO  L299   ainManager$Toolchain]: ####################### [Toolchain 1] #######################
[2024-07-08 16:24:39,142 INFO  L133        ToolchainWalker]: Walking toolchain with 6 elements.
[2024-07-08 16:24:39,144 INFO  L112        PluginConnector]: ------------------------CACSL2BoogieTranslator----------------------------
[2024-07-08 16:24:39,144 INFO  L270        PluginConnector]: Initializing CACSL2BoogieTranslator...
[2024-07-08 16:24:39,150 INFO  L274        PluginConnector]: CACSL2BoogieTranslator initialized
[2024-07-08 16:24:39,151 INFO  L184        PluginConnector]: Executing the observer ACSLObjectContainerObserver from plugin CACSL2BoogieTranslator for "CDTParser AST 08.07 04:24:39" (1/1) ...
[2024-07-08 16:24:39,152 INFO  L204        PluginConnector]: Invalid model from CACSL2BoogieTranslator for observer de.uni_freiburg.informatik.ultimate.plugins.generator.cacsl2boogietranslator.ACSLObjectContainerObserver@330905db and model type de.uni_freiburg.informatik.ultimate.plugins.generator.cacsl2boogietranslator AST 08.07 04:24:39, skipping insertion in model container
[2024-07-08 16:24:39,153 INFO  L184        PluginConnector]: Executing the observer CACSL2BoogieTranslatorObserver from plugin CACSL2BoogieTranslator for "CDTParser AST 08.07 04:24:39" (1/1) ...
[2024-07-08 16:24:39,274 INFO  L177         MainTranslator]: Built tables and reachable declarations
[2024-07-08 16:24:40,206 ERROR L324         MainTranslator]: Unsupported Syntax: Undefined type __uint128_t
[2024-07-08 16:24:40,207 INFO  L204        PluginConnector]: Invalid model from CACSL2BoogieTranslator for observer de.uni_freiburg.informatik.ultimate.plugins.generator.cacsl2boogietranslator.CACSL2BoogieTranslatorObserver@3e5917ed and model type de.uni_freiburg.informatik.ultimate.plugins.generator.cacsl2boogietranslator AST 08.07 04:24:40, skipping insertion in model container
[2024-07-08 16:24:40,207 INFO  L131        PluginConnector]: ------------------------ END CACSL2BoogieTranslator----------------------------
[2024-07-08 16:24:40,207 INFO  L186        ToolchainWalker]: Toolchain execution was canceled (user or tool) before executing de.uni_freiburg.informatik.ultimate.boogie.procedureinliner
[2024-07-08 16:24:40,209 INFO  L158              Benchmark]: Toolchain (without parser) took 1066.96ms. Allocated memory is still 75.5MB. Free memory was 44.5MB in the beginning and 30.0MB in the end (delta: 14.4MB). Peak memory consumption was 17.4MB. Max. memory is 16.1GB.
[2024-07-08 16:24:40,214 INFO  L158              Benchmark]: CDTParser took 0.27ms. Allocated memory is still 56.6MB. Free memory was 31.8MB in the beginning and 31.7MB in the end (delta: 83.9kB). There was no memory consumed. Max. memory is 16.1GB.
[2024-07-08 16:24:40,215 INFO  L158              Benchmark]: CACSL2BoogieTranslator took 1063.53ms. Allocated memory is still 75.5MB. Free memory was 44.3MB in the beginning and 30.0MB in the end (delta: 14.2MB). Peak memory consumption was 17.4MB. Max. memory is 16.1GB.
[2024-07-08 16:24:40,216 INFO  L338   ainManager$Toolchain]: #######################  End [Toolchain 1] #######################
 --- Results ---
 * Results from de.uni_freiburg.informatik.ultimate.core:
  - StatisticsResult: Toolchain Benchmarks
    Benchmark results are:
 * CDTParser took 0.27ms. Allocated memory is still 56.6MB. Free memory was 31.8MB in the beginning and 31.7MB in the end (delta: 83.9kB). There was no memory consumed. Max. memory is 16.1GB.
 * CACSL2BoogieTranslator took 1063.53ms. Allocated memory is still 75.5MB. Free memory was 44.3MB in the beginning and 30.0MB in the end (delta: 14.2MB). Peak memory consumption was 17.4MB. Max. memory is 16.1GB.
 * Results from de.uni_freiburg.informatik.ultimate.plugins.generator.cacsl2boogietranslator:
  - UnsupportedSyntaxResult [Line: 2925]: Unsupported Syntax
    Undefined type __uint128_t
RESULT: Ultimate could not prove your program: Toolchain returned no result.
Received shutdown request...
