This is Ultimate 0.2.4-dev-0e0057c
[2024-07-08 16:24:42,381 INFO  L188        SettingsManager]: Resetting all preferences to default values...
[2024-07-08 16:24:42,468 INFO  L114        SettingsManager]: Loading settings from /home/qingshi1019/UAutomizer/config/svcomp-Overflow-64bit-Automizer_Default.epf
[2024-07-08 16:24:42,475 WARN  L101        SettingsManager]: Preference file contains the following unknown settings:
[2024-07-08 16:24:42,476 WARN  L103        SettingsManager]:   * de.uni_freiburg.informatik.ultimate.core.Log level for class
[2024-07-08 16:24:42,512 INFO  L130        SettingsManager]: Preferences different from defaults after loading the file:
[2024-07-08 16:24:42,513 INFO  L151        SettingsManager]: Preferences of UltimateCore differ from their defaults:
[2024-07-08 16:24:42,513 INFO  L153        SettingsManager]:  * Log level for class=de.uni_freiburg.informatik.ultimate.lib.smtlibutils.quantifier.QuantifierPusher=ERROR;
[2024-07-08 16:24:42,514 INFO  L151        SettingsManager]: Preferences of Boogie Preprocessor differ from their defaults:
[2024-07-08 16:24:42,515 INFO  L153        SettingsManager]:  * Use memory slicer=true
[2024-07-08 16:24:42,515 INFO  L151        SettingsManager]: Preferences of Boogie Procedure Inliner differ from their defaults:
[2024-07-08 16:24:42,516 INFO  L153        SettingsManager]:  * Ignore calls to procedures called more than once=ONLY_FOR_SEQUENTIAL_PROGRAMS
[2024-07-08 16:24:42,517 INFO  L151        SettingsManager]: Preferences of BlockEncodingV2 differ from their defaults:
[2024-07-08 16:24:42,518 INFO  L153        SettingsManager]:  * Create parallel compositions if possible=false
[2024-07-08 16:24:42,518 INFO  L153        SettingsManager]:  * Use SBE=true
[2024-07-08 16:24:42,519 INFO  L151        SettingsManager]: Preferences of CACSL2BoogieTranslator differ from their defaults:
[2024-07-08 16:24:42,520 INFO  L153        SettingsManager]:  * Pointer base address is valid at dereference=IGNORE
[2024-07-08 16:24:42,520 INFO  L153        SettingsManager]:  * Overapproximate operations on floating types=true
[2024-07-08 16:24:42,521 INFO  L153        SettingsManager]:  * Check division by zero=IGNORE
[2024-07-08 16:24:42,521 INFO  L153        SettingsManager]:  * Pointer to allocated memory at dereference=IGNORE
[2024-07-08 16:24:42,522 INFO  L153        SettingsManager]:  * If two pointers are subtracted or compared they have the same base address=IGNORE
[2024-07-08 16:24:42,523 INFO  L153        SettingsManager]:  * Check array bounds for arrays that are off heap=IGNORE
[2024-07-08 16:24:42,523 INFO  L153        SettingsManager]:  * Check absence of signed integer overflows=true
[2024-07-08 16:24:42,524 INFO  L153        SettingsManager]:  * Check unreachability of reach_error function=false
[2024-07-08 16:24:42,524 INFO  L153        SettingsManager]:  * Check if freed pointer was valid=false
[2024-07-08 16:24:42,525 INFO  L153        SettingsManager]:  * Use constant arrays=true
[2024-07-08 16:24:42,525 INFO  L151        SettingsManager]: Preferences of RCFGBuilder differ from their defaults:
[2024-07-08 16:24:42,526 INFO  L153        SettingsManager]:  * Size of a code block=SequenceOfStatements
[2024-07-08 16:24:42,526 INFO  L153        SettingsManager]:  * Only consider context switches at boundaries of atomic blocks=true
[2024-07-08 16:24:42,527 INFO  L153        SettingsManager]:  * SMT solver=External_DefaultMode
[2024-07-08 16:24:42,527 INFO  L153        SettingsManager]:  * Command for external solver=z3 SMTLIB2_COMPLIANT=true -memory:2024 -smt2 -in -t:4000
[2024-07-08 16:24:42,528 INFO  L151        SettingsManager]: Preferences of TraceAbstraction differ from their defaults:
[2024-07-08 16:24:42,528 INFO  L153        SettingsManager]:  * Compute Interpolants along a Counterexample=FPandBP
[2024-07-08 16:24:42,529 INFO  L153        SettingsManager]:  * Positions where we compute the Hoare Annotation=LoopHeads
[2024-07-08 16:24:42,529 INFO  L153        SettingsManager]:  * Trace refinement strategy=CAMEL
[2024-07-08 16:24:42,529 INFO  L153        SettingsManager]:  * Command for external solver=z3 SMTLIB2_COMPLIANT=true -memory:2024 -smt2 -in
[2024-07-08 16:24:42,529 INFO  L153        SettingsManager]:  * Apply one-shot large block encoding in concurrent analysis=false
[2024-07-08 16:24:42,530 INFO  L153        SettingsManager]:  * Automaton type used in concurrency analysis=PETRI_NET
[2024-07-08 16:24:42,530 INFO  L153        SettingsManager]:  * Compute Hoare Annotation of negated interpolant automaton, abstraction and CFG=true
[2024-07-08 16:24:42,530 INFO  L153        SettingsManager]:  * Order on configurations for Petri net unfoldings=DBO
[2024-07-08 16:24:42,531 INFO  L153        SettingsManager]:  * SMT solver=External_ModelsAndUnsatCoreMode
[2024-07-08 16:24:42,531 INFO  L153        SettingsManager]:  * Looper check in Petri net analysis=SEMANTIC
WARNING: An illegal reflective access operation has occurred
WARNING: Illegal reflective access by com.sun.xml.bind.v2.runtime.reflect.opt.Injector$1 (file:/home/qingshi1019/UAutomizer/plugins/com.sun.xml.bind_2.2.0.v201505121915.jar) to method java.lang.ClassLoader.defineClass(java.lang.String,byte[],int,int)
WARNING: Please consider reporting this to the maintainers of com.sun.xml.bind.v2.runtime.reflect.opt.Injector$1
WARNING: Use --illegal-access=warn to enable warnings of further illegal reflective access operations
WARNING: All illegal access operations will be denied in a future release
Applying setting for plugin de.uni_freiburg.informatik.ultimate.plugins.generator.cacsl2boogietranslator: Entry function -> main
Applying setting for plugin de.uni_freiburg.informatik.ultimate.witnessprinter: Witness directory -> /home/qingshi1019/UAutomizer
Applying setting for plugin de.uni_freiburg.informatik.ultimate.witnessprinter: Witness filename -> witness
Applying setting for plugin de.uni_freiburg.informatik.ultimate.witnessprinter: Write witness besides input file -> false
Applying setting for plugin de.uni_freiburg.informatik.ultimate.witnessprinter: Graph data specification -> CHECK( init(main()), LTL(G ! overflow) )


Applying setting for plugin de.uni_freiburg.informatik.ultimate.witnessprinter: Graph data producer -> Automizer
Applying setting for plugin de.uni_freiburg.informatik.ultimate.witnessprinter: Graph data architecture -> 64bit
Applying setting for plugin de.uni_freiburg.informatik.ultimate.witnessprinter: Graph data programhash -> 0b55c0ba9ab3f26700a3659b9a4dd187f6e77f480dfb05fc2f07f110e42a4a11
[2024-07-08 16:24:42,995 INFO  L75    nceAwareModelManager]: Repository-Root is: /tmp
[2024-07-08 16:24:43,019 INFO  L261   ainManager$Toolchain]: [Toolchain 1]: Applicable parser(s) successfully (re)initialized
[2024-07-08 16:24:43,023 INFO  L217   ainManager$Toolchain]: [Toolchain 1]: Toolchain selected.
[2024-07-08 16:24:43,024 INFO  L270        PluginConnector]: Initializing CDTParser...
[2024-07-08 16:24:43,024 INFO  L274        PluginConnector]: CDTParser initialized
[2024-07-08 16:24:43,026 INFO  L431   ainManager$Toolchain]: [Toolchain 1]: Parsing single file: /home/qingshi1019/UAutomizer/repositories/pigpio.i
[2024-07-08 16:24:44,401 INFO  L533              CDTParser]: Created temporary CDT project at NULL
[2024-07-08 16:24:45,165 INFO  L384              CDTParser]: Found 1 translation units.
[2024-07-08 16:24:45,166 INFO  L180              CDTParser]: Scanning /home/qingshi1019/UAutomizer/repositories/pigpio.i
[2024-07-08 16:24:45,228 INFO  L427              CDTParser]: About to delete temporary CDT project at /home/qingshi1019/UAutomizer/data/d6cc986f5/7a8b395d8b2b4c6a8ea8f24ef4f413a9/FLAG1f75fbd0b
[2024-07-08 16:24:45,253 INFO  L435              CDTParser]: Successfully deleted /home/qingshi1019/UAutomizer/data/d6cc986f5/7a8b395d8b2b4c6a8ea8f24ef4f413a9
[2024-07-08 16:24:45,256 INFO  L299   ainManager$Toolchain]: ####################### [Toolchain 1] #######################
[2024-07-08 16:24:45,258 INFO  L133        ToolchainWalker]: Walking toolchain with 6 elements.
[2024-07-08 16:24:45,259 INFO  L112        PluginConnector]: ------------------------CACSL2BoogieTranslator----------------------------
[2024-07-08 16:24:45,260 INFO  L270        PluginConnector]: Initializing CACSL2BoogieTranslator...
[2024-07-08 16:24:45,268 INFO  L274        PluginConnector]: CACSL2BoogieTranslator initialized
[2024-07-08 16:24:45,269 INFO  L184        PluginConnector]: Executing the observer ACSLObjectContainerObserver from plugin CACSL2BoogieTranslator for "CDTParser AST 08.07 04:24:45" (1/1) ...
[2024-07-08 16:24:45,271 INFO  L204        PluginConnector]: Invalid model from CACSL2BoogieTranslator for observer de.uni_freiburg.informatik.ultimate.plugins.generator.cacsl2boogietranslator.ACSLObjectContainerObserver@3faee210 and model type de.uni_freiburg.informatik.ultimate.plugins.generator.cacsl2boogietranslator AST 08.07 04:24:45, skipping insertion in model container
[2024-07-08 16:24:45,272 INFO  L184        PluginConnector]: Executing the observer CACSL2BoogieTranslatorObserver from plugin CACSL2BoogieTranslator for "CDTParser AST 08.07 04:24:45" (1/1) ...
[2024-07-08 16:24:45,481 INFO  L177         MainTranslator]: Built tables and reachable declarations
[2024-07-08 16:24:46,616 WARN  L638        FunctionHandler]: implicit declaration of function __builtin___sprintf_chk
[2024-07-08 16:24:46,617 WARN  L638        FunctionHandler]: implicit declaration of function __builtin_va_arg_pack
[2024-07-08 16:24:46,618 WARN  L638        FunctionHandler]: implicit declaration of function __builtin___vsprintf_chk
[2024-07-08 16:24:46,634 WARN  L638        FunctionHandler]: implicit declaration of function __builtin___snprintf_chk
[2024-07-08 16:24:46,636 WARN  L638        FunctionHandler]: implicit declaration of function __builtin___vsnprintf_chk
[2024-07-08 16:24:47,199 WARN  L638        FunctionHandler]: implicit declaration of function __builtin___memmove_chk
[2024-07-08 16:24:47,199 WARN  L638        FunctionHandler]: implicit declaration of function __builtin___memset_chk
[2024-07-08 16:24:47,299 WARN  L638        FunctionHandler]: implicit declaration of function __builtin___memcpy_chk
[2024-07-08 16:24:47,301 WARN  L638        FunctionHandler]: implicit declaration of function __builtin___mempcpy_chk
[2024-07-08 16:24:47,313 WARN  L638        FunctionHandler]: implicit declaration of function __builtin___strcpy_chk
[2024-07-08 16:24:47,314 WARN  L638        FunctionHandler]: implicit declaration of function __builtin___stpcpy_chk
[2024-07-08 16:24:47,315 WARN  L638        FunctionHandler]: implicit declaration of function __builtin___strncpy_chk
[2024-07-08 16:24:47,317 WARN  L638        FunctionHandler]: implicit declaration of function __builtin___stpncpy_chk
[2024-07-08 16:24:47,318 WARN  L638        FunctionHandler]: implicit declaration of function __builtin___strcat_chk
[2024-07-08 16:24:47,319 WARN  L638        FunctionHandler]: implicit declaration of function __builtin___strncat_chk
[2024-07-08 16:24:47,379 ERROR L324         MainTranslator]: Unsupported Syntax: Undefined type _Float32
[2024-07-08 16:24:47,380 INFO  L204        PluginConnector]: Invalid model from CACSL2BoogieTranslator for observer de.uni_freiburg.informatik.ultimate.plugins.generator.cacsl2boogietranslator.CACSL2BoogieTranslatorObserver@47575b2b and model type de.uni_freiburg.informatik.ultimate.plugins.generator.cacsl2boogietranslator AST 08.07 04:24:47, skipping insertion in model container
[2024-07-08 16:24:47,380 INFO  L131        PluginConnector]: ------------------------ END CACSL2BoogieTranslator----------------------------
[2024-07-08 16:24:47,381 INFO  L186        ToolchainWalker]: Toolchain execution was canceled (user or tool) before executing de.uni_freiburg.informatik.ultimate.boogie.procedureinliner
[2024-07-08 16:24:47,383 INFO  L158              Benchmark]: Toolchain (without parser) took 2124.06ms. Allocated memory was 71.3MB in the beginning and 90.2MB in the end (delta: 18.9MB). Free memory was 31.4MB in the beginning and 53.4MB in the end (delta: -22.0MB). Peak memory consumption was 25.3MB. Max. memory is 16.1GB.
[2024-07-08 16:24:47,383 INFO  L158              Benchmark]: CDTParser took 0.19ms. Allocated memory is still 54.5MB. Free memory was 30.0MB in the beginning and 29.9MB in the end (delta: 78.1kB). There was no memory consumed. Max. memory is 16.1GB.
[2024-07-08 16:24:47,384 INFO  L158              Benchmark]: CACSL2BoogieTranslator took 2121.15ms. Allocated memory was 71.3MB in the beginning and 90.2MB in the end (delta: 18.9MB). Free memory was 31.2MB in the beginning and 53.4MB in the end (delta: -22.2MB). Peak memory consumption was 25.3MB. Max. memory is 16.1GB.
[2024-07-08 16:24:47,386 INFO  L338   ainManager$Toolchain]: #######################  End [Toolchain 1] #######################
 --- Results ---
 * Results from de.uni_freiburg.informatik.ultimate.core:
  - StatisticsResult: Toolchain Benchmarks
    Benchmark results are:
 * CDTParser took 0.19ms. Allocated memory is still 54.5MB. Free memory was 30.0MB in the beginning and 29.9MB in the end (delta: 78.1kB). There was no memory consumed. Max. memory is 16.1GB.
 * CACSL2BoogieTranslator took 2121.15ms. Allocated memory was 71.3MB in the beginning and 90.2MB in the end (delta: 18.9MB). Free memory was 31.2MB in the beginning and 53.4MB in the end (delta: -22.2MB). Peak memory consumption was 25.3MB. Max. memory is 16.1GB.
 * Results from de.uni_freiburg.informatik.ultimate.plugins.generator.cacsl2boogietranslator:
  - UnsupportedSyntaxResult [Line: 1903]: Unsupported Syntax
    Undefined type _Float32
RESULT: Ultimate could not prove your program: Toolchain returned no result.
Received shutdown request...

### Bit-precise run ###
This is Ultimate 0.2.4-dev-0e0057c
[2024-07-08 16:24:49,324 INFO  L188        SettingsManager]: Resetting all preferences to default values...
[2024-07-08 16:24:49,392 INFO  L114        SettingsManager]: Loading settings from /home/qingshi1019/UAutomizer/config/svcomp-Overflow-64bit-Automizer_Bitvector.epf
[2024-07-08 16:24:49,398 WARN  L101        SettingsManager]: Preference file contains the following unknown settings:
[2024-07-08 16:24:49,398 WARN  L103        SettingsManager]:   * de.uni_freiburg.informatik.ultimate.core.Log level for class
[2024-07-08 16:24:49,398 WARN  L103        SettingsManager]:   * de.uni_freiburg.informatik.ultimate.plugins.generator.cacsl2boogietranslator.Checked method. Library mode if empty.
[2024-07-08 16:24:49,424 INFO  L130        SettingsManager]: Preferences different from defaults after loading the file:
[2024-07-08 16:24:49,425 INFO  L151        SettingsManager]: Preferences of UltimateCore differ from their defaults:
[2024-07-08 16:24:49,425 INFO  L153        SettingsManager]:  * Log level for class=de.uni_freiburg.informatik.ultimate.lib.smtlibutils.quantifier.QuantifierPusher=ERROR;
[2024-07-08 16:24:49,426 INFO  L151        SettingsManager]: Preferences of Boogie Preprocessor differ from their defaults:
[2024-07-08 16:24:49,427 INFO  L153        SettingsManager]:  * Use memory slicer=true
[2024-07-08 16:24:49,427 INFO  L151        SettingsManager]: Preferences of Boogie Procedure Inliner differ from their defaults:
[2024-07-08 16:24:49,427 INFO  L153        SettingsManager]:  * Ignore calls to procedures called more than once=ONLY_FOR_SEQUENTIAL_PROGRAMS
[2024-07-08 16:24:49,428 INFO  L151        SettingsManager]: Preferences of BlockEncodingV2 differ from their defaults:
[2024-07-08 16:24:49,429 INFO  L153        SettingsManager]:  * Create parallel compositions if possible=false
[2024-07-08 16:24:49,429 INFO  L153        SettingsManager]:  * Use SBE=true
[2024-07-08 16:24:49,429 INFO  L151        SettingsManager]: Preferences of CACSL2BoogieTranslator differ from their defaults:
[2024-07-08 16:24:49,430 INFO  L153        SettingsManager]:  * Pointer base address is valid at dereference=IGNORE
[2024-07-08 16:24:49,430 INFO  L153        SettingsManager]:  * Check division by zero=IGNORE
[2024-07-08 16:24:49,431 INFO  L153        SettingsManager]:  * Pointer to allocated memory at dereference=IGNORE
[2024-07-08 16:24:49,431 INFO  L153        SettingsManager]:  * If two pointers are subtracted or compared they have the same base address=IGNORE
[2024-07-08 16:24:49,432 INFO  L153        SettingsManager]:  * Check array bounds for arrays that are off heap=IGNORE
[2024-07-08 16:24:49,432 INFO  L153        SettingsManager]:  * Adapt memory model on pointer casts if necessary=true
[2024-07-08 16:24:49,432 INFO  L153        SettingsManager]:  * Use bitvectors instead of ints=true
[2024-07-08 16:24:49,433 INFO  L153        SettingsManager]:  * Check absence of signed integer overflows=true
[2024-07-08 16:24:49,433 INFO  L153        SettingsManager]:  * Memory model=HoenickeLindenmann_4ByteResolution
[2024-07-08 16:24:49,433 INFO  L153        SettingsManager]:  * Check unreachability of reach_error function=false
[2024-07-08 16:24:49,434 INFO  L153        SettingsManager]:  * Check if freed pointer was valid=false
[2024-07-08 16:24:49,434 INFO  L153        SettingsManager]:  * Use constant arrays=true
[2024-07-08 16:24:49,435 INFO  L151        SettingsManager]: Preferences of RCFGBuilder differ from their defaults:
[2024-07-08 16:24:49,435 INFO  L153        SettingsManager]:  * Size of a code block=SequenceOfStatements
[2024-07-08 16:24:49,435 INFO  L153        SettingsManager]:  * Only consider context switches at boundaries of atomic blocks=true
[2024-07-08 16:24:49,435 INFO  L153        SettingsManager]:  * SMT solver=External_DefaultMode
[2024-07-08 16:24:49,436 INFO  L153        SettingsManager]:  * Command for external solver=z3 SMTLIB2_COMPLIANT=true -memory:2024 -smt2 -in -t:4000
[2024-07-08 16:24:49,436 INFO  L151        SettingsManager]: Preferences of TraceAbstraction differ from their defaults:
[2024-07-08 16:24:49,437 INFO  L153        SettingsManager]:  * Compute Interpolants along a Counterexample=FPandBP
[2024-07-08 16:24:49,437 INFO  L153        SettingsManager]:  * Positions where we compute the Hoare Annotation=LoopHeads
[2024-07-08 16:24:49,437 INFO  L153        SettingsManager]:  * Trace refinement strategy=WOLF
[2024-07-08 16:24:49,437 INFO  L153        SettingsManager]:  * Command for external solver=cvc4 --incremental --print-success --lang smt 
[2024-07-08 16:24:49,438 INFO  L153        SettingsManager]:  * Apply one-shot large block encoding in concurrent analysis=false
[2024-07-08 16:24:49,438 INFO  L153        SettingsManager]:  * Automaton type used in concurrency analysis=PETRI_NET
[2024-07-08 16:24:49,439 INFO  L153        SettingsManager]:  * Compute Hoare Annotation of negated interpolant automaton, abstraction and CFG=true
[2024-07-08 16:24:49,439 INFO  L153        SettingsManager]:  * Order on configurations for Petri net unfoldings=DBO
[2024-07-08 16:24:49,444 INFO  L153        SettingsManager]:  * SMT solver=External_ModelsAndUnsatCoreMode
[2024-07-08 16:24:49,445 INFO  L153        SettingsManager]:  * Logic for external solver=AUFBV
[2024-07-08 16:24:49,445 INFO  L153        SettingsManager]:  * Looper check in Petri net analysis=SEMANTIC
WARNING: An illegal reflective access operation has occurred
WARNING: Illegal reflective access by com.sun.xml.bind.v2.runtime.reflect.opt.Injector$1 (file:/home/qingshi1019/UAutomizer/plugins/com.sun.xml.bind_2.2.0.v201505121915.jar) to method java.lang.ClassLoader.defineClass(java.lang.String,byte[],int,int)
WARNING: Please consider reporting this to the maintainers of com.sun.xml.bind.v2.runtime.reflect.opt.Injector$1
WARNING: Use --illegal-access=warn to enable warnings of further illegal reflective access operations
WARNING: All illegal access operations will be denied in a future release
Applying setting for plugin de.uni_freiburg.informatik.ultimate.plugins.generator.cacsl2boogietranslator: Entry function -> main
Applying setting for plugin de.uni_freiburg.informatik.ultimate.witnessprinter: Witness directory -> /home/qingshi1019/UAutomizer
Applying setting for plugin de.uni_freiburg.informatik.ultimate.witnessprinter: Witness filename -> witness
Applying setting for plugin de.uni_freiburg.informatik.ultimate.witnessprinter: Write witness besides input file -> false
Applying setting for plugin de.uni_freiburg.informatik.ultimate.witnessprinter: Graph data specification -> CHECK( init(main()), LTL(G ! overflow) )


Applying setting for plugin de.uni_freiburg.informatik.ultimate.witnessprinter: Graph data producer -> Automizer
Applying setting for plugin de.uni_freiburg.informatik.ultimate.witnessprinter: Graph data architecture -> 64bit
Applying setting for plugin de.uni_freiburg.informatik.ultimate.witnessprinter: Graph data programhash -> 0b55c0ba9ab3f26700a3659b9a4dd187f6e77f480dfb05fc2f07f110e42a4a11
[2024-07-08 16:24:49,782 INFO  L75    nceAwareModelManager]: Repository-Root is: /tmp
[2024-07-08 16:24:49,805 INFO  L261   ainManager$Toolchain]: [Toolchain 1]: Applicable parser(s) successfully (re)initialized
[2024-07-08 16:24:49,808 INFO  L217   ainManager$Toolchain]: [Toolchain 1]: Toolchain selected.
[2024-07-08 16:24:49,809 INFO  L270        PluginConnector]: Initializing CDTParser...
[2024-07-08 16:24:49,810 INFO  L274        PluginConnector]: CDTParser initialized
[2024-07-08 16:24:49,811 INFO  L431   ainManager$Toolchain]: [Toolchain 1]: Parsing single file: /home/qingshi1019/UAutomizer/repositories/pigpio.i
[2024-07-08 16:24:51,156 INFO  L533              CDTParser]: Created temporary CDT project at NULL
[2024-07-08 16:24:52,034 INFO  L384              CDTParser]: Found 1 translation units.
[2024-07-08 16:24:52,035 INFO  L180              CDTParser]: Scanning /home/qingshi1019/UAutomizer/repositories/pigpio.i
[2024-07-08 16:24:52,099 INFO  L427              CDTParser]: About to delete temporary CDT project at /home/qingshi1019/UAutomizer/data/6c02d5f7e/3fb8edc3b38b4607a3de5852b9c3dcda/FLAGca2b4a9c1
[2024-07-08 16:24:52,123 INFO  L435              CDTParser]: Successfully deleted /home/qingshi1019/UAutomizer/data/6c02d5f7e/3fb8edc3b38b4607a3de5852b9c3dcda
[2024-07-08 16:24:52,127 INFO  L299   ainManager$Toolchain]: ####################### [Toolchain 1] #######################
[2024-07-08 16:24:52,129 INFO  L133        ToolchainWalker]: Walking toolchain with 6 elements.
[2024-07-08 16:24:52,130 INFO  L112        PluginConnector]: ------------------------CACSL2BoogieTranslator----------------------------
[2024-07-08 16:24:52,130 INFO  L270        PluginConnector]: Initializing CACSL2BoogieTranslator...
[2024-07-08 16:24:52,149 INFO  L274        PluginConnector]: CACSL2BoogieTranslator initialized
[2024-07-08 16:24:52,150 INFO  L184        PluginConnector]: Executing the observer ACSLObjectContainerObserver from plugin CACSL2BoogieTranslator for "CDTParser AST 08.07 04:24:52" (1/1) ...
[2024-07-08 16:24:52,152 INFO  L204        PluginConnector]: Invalid model from CACSL2BoogieTranslator for observer de.uni_freiburg.informatik.ultimate.plugins.generator.cacsl2boogietranslator.ACSLObjectContainerObserver@221e581 and model type de.uni_freiburg.informatik.ultimate.plugins.generator.cacsl2boogietranslator AST 08.07 04:24:52, skipping insertion in model container
[2024-07-08 16:24:52,152 INFO  L184        PluginConnector]: Executing the observer CACSL2BoogieTranslatorObserver from plugin CACSL2BoogieTranslator for "CDTParser AST 08.07 04:24:52" (1/1) ...
[2024-07-08 16:24:52,371 INFO  L177         MainTranslator]: Built tables and reachable declarations
[2024-07-08 16:24:53,666 WARN  L638        FunctionHandler]: implicit declaration of function __builtin___sprintf_chk
[2024-07-08 16:24:53,669 WARN  L638        FunctionHandler]: implicit declaration of function __builtin_va_arg_pack
[2024-07-08 16:24:53,670 WARN  L638        FunctionHandler]: implicit declaration of function __builtin___vsprintf_chk
[2024-07-08 16:24:53,689 WARN  L638        FunctionHandler]: implicit declaration of function __builtin___snprintf_chk
[2024-07-08 16:24:53,690 WARN  L638        FunctionHandler]: implicit declaration of function __builtin___vsnprintf_chk
[2024-07-08 16:24:54,253 WARN  L638        FunctionHandler]: implicit declaration of function __builtin___memmove_chk
[2024-07-08 16:24:54,254 WARN  L638        FunctionHandler]: implicit declaration of function __builtin___memset_chk
[2024-07-08 16:24:54,340 WARN  L638        FunctionHandler]: implicit declaration of function __builtin___memcpy_chk
[2024-07-08 16:24:54,342 WARN  L638        FunctionHandler]: implicit declaration of function __builtin___mempcpy_chk
[2024-07-08 16:24:54,351 WARN  L638        FunctionHandler]: implicit declaration of function __builtin___strcpy_chk
[2024-07-08 16:24:54,352 WARN  L638        FunctionHandler]: implicit declaration of function __builtin___stpcpy_chk
[2024-07-08 16:24:54,352 WARN  L638        FunctionHandler]: implicit declaration of function __builtin___strncpy_chk
[2024-07-08 16:24:54,353 WARN  L638        FunctionHandler]: implicit declaration of function __builtin___stpncpy_chk
[2024-07-08 16:24:54,354 WARN  L638        FunctionHandler]: implicit declaration of function __builtin___strcat_chk
[2024-07-08 16:24:54,354 WARN  L638        FunctionHandler]: implicit declaration of function __builtin___strncat_chk
[2024-07-08 16:24:54,417 ERROR L324         MainTranslator]: Unsupported Syntax: Undefined type _Float32
[2024-07-08 16:24:54,418 INFO  L204        PluginConnector]: Invalid model from CACSL2BoogieTranslator for observer de.uni_freiburg.informatik.ultimate.plugins.generator.cacsl2boogietranslator.CACSL2BoogieTranslatorObserver@56bf7928 and model type de.uni_freiburg.informatik.ultimate.plugins.generator.cacsl2boogietranslator AST 08.07 04:24:54, skipping insertion in model container
[2024-07-08 16:24:54,418 INFO  L131        PluginConnector]: ------------------------ END CACSL2BoogieTranslator----------------------------
[2024-07-08 16:24:54,419 INFO  L186        ToolchainWalker]: Toolchain execution was canceled (user or tool) before executing de.uni_freiburg.informatik.ultimate.boogie.procedureinliner
[2024-07-08 16:24:54,421 INFO  L158              Benchmark]: Toolchain (without parser) took 2291.48ms. Allocated memory was 69.2MB in the beginning and 83.9MB in the end (delta: 14.7MB). Free memory was 27.8MB in the beginning and 43.0MB in the end (delta: -15.2MB). Peak memory consumption was 21.9MB. Max. memory is 16.1GB.
[2024-07-08 16:24:54,421 INFO  L158              Benchmark]: CDTParser took 0.26ms. Allocated memory is still 54.5MB. Free memory is still 30.7MB. There was no memory consumed. Max. memory is 16.1GB.
[2024-07-08 16:24:54,422 INFO  L158              Benchmark]: CACSL2BoogieTranslator took 2288.54ms. Allocated memory was 69.2MB in the beginning and 83.9MB in the end (delta: 14.7MB). Free memory was 27.5MB in the beginning and 43.0MB in the end (delta: -15.4MB). Peak memory consumption was 21.9MB. Max. memory is 16.1GB.
[2024-07-08 16:24:54,424 INFO  L338   ainManager$Toolchain]: #######################  End [Toolchain 1] #######################
 --- Results ---
 * Results from de.uni_freiburg.informatik.ultimate.core:
  - StatisticsResult: Toolchain Benchmarks
    Benchmark results are:
 * CDTParser took 0.26ms. Allocated memory is still 54.5MB. Free memory is still 30.7MB. There was no memory consumed. Max. memory is 16.1GB.
 * CACSL2BoogieTranslator took 2288.54ms. Allocated memory was 69.2MB in the beginning and 83.9MB in the end (delta: 14.7MB). Free memory was 27.5MB in the beginning and 43.0MB in the end (delta: -15.4MB). Peak memory consumption was 21.9MB. Max. memory is 16.1GB.
 * Results from de.uni_freiburg.informatik.ultimate.plugins.generator.cacsl2boogietranslator:
  - UnsupportedSyntaxResult [Line: 1903]: Unsupported Syntax
    Undefined type _Float32
RESULT: Ultimate could not prove your program: Toolchain returned no result.
Received shutdown request...
