This is Ultimate 0.2.4-dev-0e0057c
[2024-07-08 16:25:55,778 INFO  L188        SettingsManager]: Resetting all preferences to default values...
[2024-07-08 16:25:55,869 INFO  L114        SettingsManager]: Loading settings from /home/qingshi1019/UAutomizer/config/svcomp-Overflow-64bit-Automizer_Default.epf
[2024-07-08 16:25:55,875 WARN  L101        SettingsManager]: Preference file contains the following unknown settings:
[2024-07-08 16:25:55,876 WARN  L103        SettingsManager]:   * de.uni_freiburg.informatik.ultimate.core.Log level for class
[2024-07-08 16:25:55,911 INFO  L130        SettingsManager]: Preferences different from defaults after loading the file:
[2024-07-08 16:25:55,912 INFO  L151        SettingsManager]: Preferences of UltimateCore differ from their defaults:
[2024-07-08 16:25:55,913 INFO  L153        SettingsManager]:  * Log level for class=de.uni_freiburg.informatik.ultimate.lib.smtlibutils.quantifier.QuantifierPusher=ERROR;
[2024-07-08 16:25:55,914 INFO  L151        SettingsManager]: Preferences of Boogie Preprocessor differ from their defaults:
[2024-07-08 16:25:55,914 INFO  L153        SettingsManager]:  * Use memory slicer=true
[2024-07-08 16:25:55,915 INFO  L151        SettingsManager]: Preferences of Boogie Procedure Inliner differ from their defaults:
[2024-07-08 16:25:55,915 INFO  L153        SettingsManager]:  * Ignore calls to procedures called more than once=ONLY_FOR_SEQUENTIAL_PROGRAMS
[2024-07-08 16:25:55,916 INFO  L151        SettingsManager]: Preferences of BlockEncodingV2 differ from their defaults:
[2024-07-08 16:25:55,917 INFO  L153        SettingsManager]:  * Create parallel compositions if possible=false
[2024-07-08 16:25:55,917 INFO  L153        SettingsManager]:  * Use SBE=true
[2024-07-08 16:25:55,918 INFO  L151        SettingsManager]: Preferences of CACSL2BoogieTranslator differ from their defaults:
[2024-07-08 16:25:55,919 INFO  L153        SettingsManager]:  * Pointer base address is valid at dereference=IGNORE
[2024-07-08 16:25:55,920 INFO  L153        SettingsManager]:  * Overapproximate operations on floating types=true
[2024-07-08 16:25:55,920 INFO  L153        SettingsManager]:  * Check division by zero=IGNORE
[2024-07-08 16:25:55,921 INFO  L153        SettingsManager]:  * Pointer to allocated memory at dereference=IGNORE
[2024-07-08 16:25:55,922 INFO  L153        SettingsManager]:  * If two pointers are subtracted or compared they have the same base address=IGNORE
[2024-07-08 16:25:55,922 INFO  L153        SettingsManager]:  * Check array bounds for arrays that are off heap=IGNORE
[2024-07-08 16:25:55,923 INFO  L153        SettingsManager]:  * Check absence of signed integer overflows=true
[2024-07-08 16:25:55,924 INFO  L153        SettingsManager]:  * Check unreachability of reach_error function=false
[2024-07-08 16:25:55,924 INFO  L153        SettingsManager]:  * Check if freed pointer was valid=false
[2024-07-08 16:25:55,925 INFO  L153        SettingsManager]:  * Use constant arrays=true
[2024-07-08 16:25:55,926 INFO  L151        SettingsManager]: Preferences of RCFGBuilder differ from their defaults:
[2024-07-08 16:25:55,927 INFO  L153        SettingsManager]:  * Size of a code block=SequenceOfStatements
[2024-07-08 16:25:55,927 INFO  L153        SettingsManager]:  * Only consider context switches at boundaries of atomic blocks=true
[2024-07-08 16:25:55,928 INFO  L153        SettingsManager]:  * SMT solver=External_DefaultMode
[2024-07-08 16:25:55,928 INFO  L153        SettingsManager]:  * Command for external solver=z3 SMTLIB2_COMPLIANT=true -memory:2024 -smt2 -in -t:4000
[2024-07-08 16:25:55,929 INFO  L151        SettingsManager]: Preferences of TraceAbstraction differ from their defaults:
[2024-07-08 16:25:55,930 INFO  L153        SettingsManager]:  * Compute Interpolants along a Counterexample=FPandBP
[2024-07-08 16:25:55,930 INFO  L153        SettingsManager]:  * Positions where we compute the Hoare Annotation=LoopHeads
[2024-07-08 16:25:55,931 INFO  L153        SettingsManager]:  * Trace refinement strategy=CAMEL
[2024-07-08 16:25:55,931 INFO  L153        SettingsManager]:  * Command for external solver=z3 SMTLIB2_COMPLIANT=true -memory:2024 -smt2 -in
[2024-07-08 16:25:55,931 INFO  L153        SettingsManager]:  * Apply one-shot large block encoding in concurrent analysis=false
[2024-07-08 16:25:55,932 INFO  L153        SettingsManager]:  * Automaton type used in concurrency analysis=PETRI_NET
[2024-07-08 16:25:55,932 INFO  L153        SettingsManager]:  * Compute Hoare Annotation of negated interpolant automaton, abstraction and CFG=true
[2024-07-08 16:25:55,932 INFO  L153        SettingsManager]:  * Order on configurations for Petri net unfoldings=DBO
[2024-07-08 16:25:55,933 INFO  L153        SettingsManager]:  * SMT solver=External_ModelsAndUnsatCoreMode
[2024-07-08 16:25:55,933 INFO  L153        SettingsManager]:  * Looper check in Petri net analysis=SEMANTIC
WARNING: An illegal reflective access operation has occurred
WARNING: Illegal reflective access by com.sun.xml.bind.v2.runtime.reflect.opt.Injector$1 (file:/home/qingshi1019/UAutomizer/plugins/com.sun.xml.bind_2.2.0.v201505121915.jar) to method java.lang.ClassLoader.defineClass(java.lang.String,byte[],int,int)
WARNING: Please consider reporting this to the maintainers of com.sun.xml.bind.v2.runtime.reflect.opt.Injector$1
WARNING: Use --illegal-access=warn to enable warnings of further illegal reflective access operations
WARNING: All illegal access operations will be denied in a future release
Applying setting for plugin de.uni_freiburg.informatik.ultimate.plugins.generator.cacsl2boogietranslator: Entry function -> main
Applying setting for plugin de.uni_freiburg.informatik.ultimate.witnessprinter: Witness directory -> /home/qingshi1019/UAutomizer
Applying setting for plugin de.uni_freiburg.informatik.ultimate.witnessprinter: Witness filename -> witness
Applying setting for plugin de.uni_freiburg.informatik.ultimate.witnessprinter: Write witness besides input file -> false
Applying setting for plugin de.uni_freiburg.informatik.ultimate.witnessprinter: Graph data specification -> CHECK( init(main()), LTL(G ! overflow) )


Applying setting for plugin de.uni_freiburg.informatik.ultimate.witnessprinter: Graph data producer -> Automizer
Applying setting for plugin de.uni_freiburg.informatik.ultimate.witnessprinter: Graph data architecture -> 64bit
Applying setting for plugin de.uni_freiburg.informatik.ultimate.witnessprinter: Graph data programhash -> 50aa3843707df06f2a4fa8a4957c3b0347bf3963a0fc2bcd3d1550decc92609f
[2024-07-08 16:25:56,305 INFO  L75    nceAwareModelManager]: Repository-Root is: /tmp
[2024-07-08 16:25:56,339 INFO  L261   ainManager$Toolchain]: [Toolchain 1]: Applicable parser(s) successfully (re)initialized
[2024-07-08 16:25:56,343 INFO  L217   ainManager$Toolchain]: [Toolchain 1]: Toolchain selected.
[2024-07-08 16:25:56,345 INFO  L270        PluginConnector]: Initializing CDTParser...
[2024-07-08 16:25:56,345 INFO  L274        PluginConnector]: CDTParser initialized
[2024-07-08 16:25:56,348 INFO  L431   ainManager$Toolchain]: [Toolchain 1]: Parsing single file: /home/qingshi1019/UAutomizer/repositories/stress-ng.i
[2024-07-08 16:25:57,734 INFO  L533              CDTParser]: Created temporary CDT project at NULL
[2024-07-08 16:25:58,567 INFO  L384              CDTParser]: Found 1 translation units.
[2024-07-08 16:25:58,567 INFO  L180              CDTParser]: Scanning /home/qingshi1019/UAutomizer/repositories/stress-ng.i
[2024-07-08 16:25:58,649 INFO  L427              CDTParser]: About to delete temporary CDT project at /home/qingshi1019/UAutomizer/data/91b383f14/d9115b030c1d4e25a84c519b2d6d6077/FLAG849efb670
[2024-07-08 16:25:58,666 INFO  L435              CDTParser]: Successfully deleted /home/qingshi1019/UAutomizer/data/91b383f14/d9115b030c1d4e25a84c519b2d6d6077
[2024-07-08 16:25:58,669 INFO  L299   ainManager$Toolchain]: ####################### [Toolchain 1] #######################
[2024-07-08 16:25:58,671 INFO  L133        ToolchainWalker]: Walking toolchain with 6 elements.
[2024-07-08 16:25:58,672 INFO  L112        PluginConnector]: ------------------------CACSL2BoogieTranslator----------------------------
[2024-07-08 16:25:58,672 INFO  L270        PluginConnector]: Initializing CACSL2BoogieTranslator...
[2024-07-08 16:25:58,678 INFO  L274        PluginConnector]: CACSL2BoogieTranslator initialized
[2024-07-08 16:25:58,679 INFO  L184        PluginConnector]: Executing the observer ACSLObjectContainerObserver from plugin CACSL2BoogieTranslator for "CDTParser AST 08.07 04:25:58" (1/1) ...
[2024-07-08 16:25:58,681 INFO  L204        PluginConnector]: Invalid model from CACSL2BoogieTranslator for observer de.uni_freiburg.informatik.ultimate.plugins.generator.cacsl2boogietranslator.ACSLObjectContainerObserver@51a7f5f4 and model type de.uni_freiburg.informatik.ultimate.plugins.generator.cacsl2boogietranslator AST 08.07 04:25:58, skipping insertion in model container
[2024-07-08 16:25:58,681 INFO  L184        PluginConnector]: Executing the observer CACSL2BoogieTranslatorObserver from plugin CACSL2BoogieTranslator for "CDTParser AST 08.07 04:25:58" (1/1) ...
[2024-07-08 16:25:59,042 INFO  L177         MainTranslator]: Built tables and reachable declarations
[2024-07-08 16:26:00,402 WARN  L638        FunctionHandler]: implicit declaration of function __builtin_va_arg_pack_len
[2024-07-08 16:26:00,408 WARN  L638        FunctionHandler]: implicit declaration of function __builtin_va_arg_pack
[2024-07-08 16:26:05,965 ERROR L324         MainTranslator]: Unsupported Syntax: Undefined type _Float32
[2024-07-08 16:26:05,966 INFO  L204        PluginConnector]: Invalid model from CACSL2BoogieTranslator for observer de.uni_freiburg.informatik.ultimate.plugins.generator.cacsl2boogietranslator.CACSL2BoogieTranslatorObserver@7616d244 and model type de.uni_freiburg.informatik.ultimate.plugins.generator.cacsl2boogietranslator AST 08.07 04:26:05, skipping insertion in model container
[2024-07-08 16:26:05,966 INFO  L131        PluginConnector]: ------------------------ END CACSL2BoogieTranslator----------------------------
[2024-07-08 16:26:05,966 INFO  L186        ToolchainWalker]: Toolchain execution was canceled (user or tool) before executing de.uni_freiburg.informatik.ultimate.boogie.procedureinliner
[2024-07-08 16:26:05,969 INFO  L158              Benchmark]: Toolchain (without parser) took 7297.21ms. Allocated memory was 77.6MB in the beginning and 125.8MB in the end (delta: 48.2MB). Free memory was 31.6MB in the beginning and 56.8MB in the end (delta: -25.2MB). Peak memory consumption was 24.9MB. Max. memory is 16.1GB.
[2024-07-08 16:26:05,969 INFO  L158              Benchmark]: CDTParser took 0.30ms. Allocated memory is still 58.7MB. Free memory is still 34.1MB. There was no memory consumed. Max. memory is 16.1GB.
[2024-07-08 16:26:05,970 INFO  L158              Benchmark]: CACSL2BoogieTranslator took 7294.33ms. Allocated memory was 77.6MB in the beginning and 125.8MB in the end (delta: 48.2MB). Free memory was 31.6MB in the beginning and 56.8MB in the end (delta: -25.2MB). Peak memory consumption was 24.9MB. Max. memory is 16.1GB.
[2024-07-08 16:26:05,972 INFO  L338   ainManager$Toolchain]: #######################  End [Toolchain 1] #######################
 --- Results ---
 * Results from de.uni_freiburg.informatik.ultimate.core:
  - StatisticsResult: Toolchain Benchmarks
    Benchmark results are:
 * CDTParser took 0.30ms. Allocated memory is still 58.7MB. Free memory is still 34.1MB. There was no memory consumed. Max. memory is 16.1GB.
 * CACSL2BoogieTranslator took 7294.33ms. Allocated memory was 77.6MB in the beginning and 125.8MB in the end (delta: 48.2MB). Free memory was 31.6MB in the beginning and 56.8MB in the end (delta: -25.2MB). Peak memory consumption was 24.9MB. Max. memory is 16.1GB.
 * Results from de.uni_freiburg.informatik.ultimate.plugins.generator.cacsl2boogietranslator:
  - UnsupportedSyntaxResult [Line: 2579]: Unsupported Syntax
    Undefined type _Float32
RESULT: Ultimate could not prove your program: Toolchain returned no result.
Received shutdown request...

### Bit-precise run ###
This is Ultimate 0.2.4-dev-0e0057c
[2024-07-08 16:26:07,847 INFO  L188        SettingsManager]: Resetting all preferences to default values...
[2024-07-08 16:26:07,922 INFO  L114        SettingsManager]: Loading settings from /home/qingshi1019/UAutomizer/config/svcomp-Overflow-64bit-Automizer_Bitvector.epf
[2024-07-08 16:26:07,928 WARN  L101        SettingsManager]: Preference file contains the following unknown settings:
[2024-07-08 16:26:07,929 WARN  L103        SettingsManager]:   * de.uni_freiburg.informatik.ultimate.core.Log level for class
[2024-07-08 16:26:07,929 WARN  L103        SettingsManager]:   * de.uni_freiburg.informatik.ultimate.plugins.generator.cacsl2boogietranslator.Checked method. Library mode if empty.
[2024-07-08 16:26:07,957 INFO  L130        SettingsManager]: Preferences different from defaults after loading the file:
[2024-07-08 16:26:07,958 INFO  L151        SettingsManager]: Preferences of UltimateCore differ from their defaults:
[2024-07-08 16:26:07,958 INFO  L153        SettingsManager]:  * Log level for class=de.uni_freiburg.informatik.ultimate.lib.smtlibutils.quantifier.QuantifierPusher=ERROR;
[2024-07-08 16:26:07,959 INFO  L151        SettingsManager]: Preferences of Boogie Preprocessor differ from their defaults:
[2024-07-08 16:26:07,959 INFO  L153        SettingsManager]:  * Use memory slicer=true
[2024-07-08 16:26:07,960 INFO  L151        SettingsManager]: Preferences of Boogie Procedure Inliner differ from their defaults:
[2024-07-08 16:26:07,960 INFO  L153        SettingsManager]:  * Ignore calls to procedures called more than once=ONLY_FOR_SEQUENTIAL_PROGRAMS
[2024-07-08 16:26:07,961 INFO  L151        SettingsManager]: Preferences of BlockEncodingV2 differ from their defaults:
[2024-07-08 16:26:07,961 INFO  L153        SettingsManager]:  * Create parallel compositions if possible=false
[2024-07-08 16:26:07,962 INFO  L153        SettingsManager]:  * Use SBE=true
[2024-07-08 16:26:07,962 INFO  L151        SettingsManager]: Preferences of CACSL2BoogieTranslator differ from their defaults:
[2024-07-08 16:26:07,963 INFO  L153        SettingsManager]:  * Pointer base address is valid at dereference=IGNORE
[2024-07-08 16:26:07,963 INFO  L153        SettingsManager]:  * Check division by zero=IGNORE
[2024-07-08 16:26:07,963 INFO  L153        SettingsManager]:  * Pointer to allocated memory at dereference=IGNORE
[2024-07-08 16:26:07,964 INFO  L153        SettingsManager]:  * If two pointers are subtracted or compared they have the same base address=IGNORE
[2024-07-08 16:26:07,964 INFO  L153        SettingsManager]:  * Check array bounds for arrays that are off heap=IGNORE
[2024-07-08 16:26:07,965 INFO  L153        SettingsManager]:  * Adapt memory model on pointer casts if necessary=true
[2024-07-08 16:26:07,965 INFO  L153        SettingsManager]:  * Use bitvectors instead of ints=true
[2024-07-08 16:26:07,965 INFO  L153        SettingsManager]:  * Check absence of signed integer overflows=true
[2024-07-08 16:26:07,966 INFO  L153        SettingsManager]:  * Memory model=HoenickeLindenmann_4ByteResolution
[2024-07-08 16:26:07,966 INFO  L153        SettingsManager]:  * Check unreachability of reach_error function=false
[2024-07-08 16:26:07,966 INFO  L153        SettingsManager]:  * Check if freed pointer was valid=false
[2024-07-08 16:26:07,967 INFO  L153        SettingsManager]:  * Use constant arrays=true
[2024-07-08 16:26:07,967 INFO  L151        SettingsManager]: Preferences of RCFGBuilder differ from their defaults:
[2024-07-08 16:26:07,967 INFO  L153        SettingsManager]:  * Size of a code block=SequenceOfStatements
[2024-07-08 16:26:07,968 INFO  L153        SettingsManager]:  * Only consider context switches at boundaries of atomic blocks=true
[2024-07-08 16:26:07,968 INFO  L153        SettingsManager]:  * SMT solver=External_DefaultMode
[2024-07-08 16:26:07,968 INFO  L153        SettingsManager]:  * Command for external solver=z3 SMTLIB2_COMPLIANT=true -memory:2024 -smt2 -in -t:4000
[2024-07-08 16:26:07,969 INFO  L151        SettingsManager]: Preferences of TraceAbstraction differ from their defaults:
[2024-07-08 16:26:07,969 INFO  L153        SettingsManager]:  * Compute Interpolants along a Counterexample=FPandBP
[2024-07-08 16:26:07,969 INFO  L153        SettingsManager]:  * Positions where we compute the Hoare Annotation=LoopHeads
[2024-07-08 16:26:07,970 INFO  L153        SettingsManager]:  * Trace refinement strategy=WOLF
[2024-07-08 16:26:07,970 INFO  L153        SettingsManager]:  * Command for external solver=cvc4 --incremental --print-success --lang smt 
[2024-07-08 16:26:07,970 INFO  L153        SettingsManager]:  * Apply one-shot large block encoding in concurrent analysis=false
[2024-07-08 16:26:07,971 INFO  L153        SettingsManager]:  * Automaton type used in concurrency analysis=PETRI_NET
[2024-07-08 16:26:07,971 INFO  L153        SettingsManager]:  * Compute Hoare Annotation of negated interpolant automaton, abstraction and CFG=true
[2024-07-08 16:26:07,971 INFO  L153        SettingsManager]:  * Order on configurations for Petri net unfoldings=DBO
[2024-07-08 16:26:07,972 INFO  L153        SettingsManager]:  * SMT solver=External_ModelsAndUnsatCoreMode
[2024-07-08 16:26:07,972 INFO  L153        SettingsManager]:  * Logic for external solver=AUFBV
[2024-07-08 16:26:07,972 INFO  L153        SettingsManager]:  * Looper check in Petri net analysis=SEMANTIC
WARNING: An illegal reflective access operation has occurred
WARNING: Illegal reflective access by com.sun.xml.bind.v2.runtime.reflect.opt.Injector$1 (file:/home/qingshi1019/UAutomizer/plugins/com.sun.xml.bind_2.2.0.v201505121915.jar) to method java.lang.ClassLoader.defineClass(java.lang.String,byte[],int,int)
WARNING: Please consider reporting this to the maintainers of com.sun.xml.bind.v2.runtime.reflect.opt.Injector$1
WARNING: Use --illegal-access=warn to enable warnings of further illegal reflective access operations
WARNING: All illegal access operations will be denied in a future release
Applying setting for plugin de.uni_freiburg.informatik.ultimate.plugins.generator.cacsl2boogietranslator: Entry function -> main
Applying setting for plugin de.uni_freiburg.informatik.ultimate.witnessprinter: Witness directory -> /home/qingshi1019/UAutomizer
Applying setting for plugin de.uni_freiburg.informatik.ultimate.witnessprinter: Witness filename -> witness
Applying setting for plugin de.uni_freiburg.informatik.ultimate.witnessprinter: Write witness besides input file -> false
Applying setting for plugin de.uni_freiburg.informatik.ultimate.witnessprinter: Graph data specification -> CHECK( init(main()), LTL(G ! overflow) )


Applying setting for plugin de.uni_freiburg.informatik.ultimate.witnessprinter: Graph data producer -> Automizer
Applying setting for plugin de.uni_freiburg.informatik.ultimate.witnessprinter: Graph data architecture -> 64bit
Applying setting for plugin de.uni_freiburg.informatik.ultimate.witnessprinter: Graph data programhash -> 50aa3843707df06f2a4fa8a4957c3b0347bf3963a0fc2bcd3d1550decc92609f
[2024-07-08 16:26:08,308 INFO  L75    nceAwareModelManager]: Repository-Root is: /tmp
[2024-07-08 16:26:08,337 INFO  L261   ainManager$Toolchain]: [Toolchain 1]: Applicable parser(s) successfully (re)initialized
[2024-07-08 16:26:08,341 INFO  L217   ainManager$Toolchain]: [Toolchain 1]: Toolchain selected.
[2024-07-08 16:26:08,342 INFO  L270        PluginConnector]: Initializing CDTParser...
[2024-07-08 16:26:08,343 INFO  L274        PluginConnector]: CDTParser initialized
[2024-07-08 16:26:08,345 INFO  L431   ainManager$Toolchain]: [Toolchain 1]: Parsing single file: /home/qingshi1019/UAutomizer/repositories/stress-ng.i
[2024-07-08 16:26:09,718 INFO  L533              CDTParser]: Created temporary CDT project at NULL
[2024-07-08 16:26:10,556 INFO  L384              CDTParser]: Found 1 translation units.
[2024-07-08 16:26:10,557 INFO  L180              CDTParser]: Scanning /home/qingshi1019/UAutomizer/repositories/stress-ng.i
[2024-07-08 16:26:10,632 INFO  L427              CDTParser]: About to delete temporary CDT project at /home/qingshi1019/UAutomizer/data/31270c408/d473a4788d1d4a3283f028aa4fd6581a/FLAG1c1f324e6
[2024-07-08 16:26:10,656 INFO  L435              CDTParser]: Successfully deleted /home/qingshi1019/UAutomizer/data/31270c408/d473a4788d1d4a3283f028aa4fd6581a
[2024-07-08 16:26:10,659 INFO  L299   ainManager$Toolchain]: ####################### [Toolchain 1] #######################
[2024-07-08 16:26:10,661 INFO  L133        ToolchainWalker]: Walking toolchain with 6 elements.
[2024-07-08 16:26:10,663 INFO  L112        PluginConnector]: ------------------------CACSL2BoogieTranslator----------------------------
[2024-07-08 16:26:10,663 INFO  L270        PluginConnector]: Initializing CACSL2BoogieTranslator...
[2024-07-08 16:26:10,669 INFO  L274        PluginConnector]: CACSL2BoogieTranslator initialized
[2024-07-08 16:26:10,670 INFO  L184        PluginConnector]: Executing the observer ACSLObjectContainerObserver from plugin CACSL2BoogieTranslator for "CDTParser AST 08.07 04:26:10" (1/1) ...
[2024-07-08 16:26:10,672 INFO  L204        PluginConnector]: Invalid model from CACSL2BoogieTranslator for observer de.uni_freiburg.informatik.ultimate.plugins.generator.cacsl2boogietranslator.ACSLObjectContainerObserver@64976a0d and model type de.uni_freiburg.informatik.ultimate.plugins.generator.cacsl2boogietranslator AST 08.07 04:26:10, skipping insertion in model container
[2024-07-08 16:26:10,672 INFO  L184        PluginConnector]: Executing the observer CACSL2BoogieTranslatorObserver from plugin CACSL2BoogieTranslator for "CDTParser AST 08.07 04:26:10" (1/1) ...
[2024-07-08 16:26:10,985 INFO  L177         MainTranslator]: Built tables and reachable declarations
[2024-07-08 16:26:12,253 WARN  L638        FunctionHandler]: implicit declaration of function __builtin_va_arg_pack_len
[2024-07-08 16:26:12,256 WARN  L638        FunctionHandler]: implicit declaration of function __builtin_va_arg_pack
[2024-07-08 16:26:17,751 ERROR L324         MainTranslator]: Unsupported Syntax: Undefined type _Float32
[2024-07-08 16:26:17,752 INFO  L204        PluginConnector]: Invalid model from CACSL2BoogieTranslator for observer de.uni_freiburg.informatik.ultimate.plugins.generator.cacsl2boogietranslator.CACSL2BoogieTranslatorObserver@780d7874 and model type de.uni_freiburg.informatik.ultimate.plugins.generator.cacsl2boogietranslator AST 08.07 04:26:17, skipping insertion in model container
[2024-07-08 16:26:17,752 INFO  L131        PluginConnector]: ------------------------ END CACSL2BoogieTranslator----------------------------
[2024-07-08 16:26:17,753 INFO  L186        ToolchainWalker]: Toolchain execution was canceled (user or tool) before executing de.uni_freiburg.informatik.ultimate.boogie.procedureinliner
[2024-07-08 16:26:17,755 INFO  L158              Benchmark]: Toolchain (without parser) took 7092.88ms. Allocated memory was 79.7MB in the beginning and 100.7MB in the end (delta: 21.0MB). Free memory was 34.1MB in the beginning and 40.6MB in the end (delta: -6.6MB). Peak memory consumption was 25.7MB. Max. memory is 16.1GB.
[2024-07-08 16:26:17,756 INFO  L158              Benchmark]: CDTParser took 0.29ms. Allocated memory is still 60.8MB. Free memory was 36.5MB in the beginning and 36.4MB in the end (delta: 83.9kB). There was no memory consumed. Max. memory is 16.1GB.
[2024-07-08 16:26:17,757 INFO  L158              Benchmark]: CACSL2BoogieTranslator took 7089.83ms. Allocated memory was 79.7MB in the beginning and 100.7MB in the end (delta: 21.0MB). Free memory was 34.1MB in the beginning and 40.6MB in the end (delta: -6.6MB). Peak memory consumption was 25.7MB. Max. memory is 16.1GB.
[2024-07-08 16:26:17,759 INFO  L338   ainManager$Toolchain]: #######################  End [Toolchain 1] #######################
 --- Results ---
 * Results from de.uni_freiburg.informatik.ultimate.core:
  - StatisticsResult: Toolchain Benchmarks
    Benchmark results are:
 * CDTParser took 0.29ms. Allocated memory is still 60.8MB. Free memory was 36.5MB in the beginning and 36.4MB in the end (delta: 83.9kB). There was no memory consumed. Max. memory is 16.1GB.
 * CACSL2BoogieTranslator took 7089.83ms. Allocated memory was 79.7MB in the beginning and 100.7MB in the end (delta: 21.0MB). Free memory was 34.1MB in the beginning and 40.6MB in the end (delta: -6.6MB). Peak memory consumption was 25.7MB. Max. memory is 16.1GB.
 * Results from de.uni_freiburg.informatik.ultimate.plugins.generator.cacsl2boogietranslator:
  - UnsupportedSyntaxResult [Line: 2579]: Unsupported Syntax
    Undefined type _Float32
RESULT: Ultimate could not prove your program: Toolchain returned no result.
Received shutdown request...
