This is Ultimate 0.2.4-dev-0e0057c
[2024-07-08 16:25:06,443 INFO  L188        SettingsManager]: Resetting all preferences to default values...
[2024-07-08 16:25:06,541 INFO  L114        SettingsManager]: Loading settings from /home/qingshi1019/UAutomizer/config/svcomp-Overflow-64bit-Automizer_Default.epf
[2024-07-08 16:25:06,547 WARN  L101        SettingsManager]: Preference file contains the following unknown settings:
[2024-07-08 16:25:06,548 WARN  L103        SettingsManager]:   * de.uni_freiburg.informatik.ultimate.core.Log level for class
[2024-07-08 16:25:06,573 INFO  L130        SettingsManager]: Preferences different from defaults after loading the file:
[2024-07-08 16:25:06,574 INFO  L151        SettingsManager]: Preferences of UltimateCore differ from their defaults:
[2024-07-08 16:25:06,574 INFO  L153        SettingsManager]:  * Log level for class=de.uni_freiburg.informatik.ultimate.lib.smtlibutils.quantifier.QuantifierPusher=ERROR;
[2024-07-08 16:25:06,575 INFO  L151        SettingsManager]: Preferences of Boogie Preprocessor differ from their defaults:
[2024-07-08 16:25:06,575 INFO  L153        SettingsManager]:  * Use memory slicer=true
[2024-07-08 16:25:06,576 INFO  L151        SettingsManager]: Preferences of Boogie Procedure Inliner differ from their defaults:
[2024-07-08 16:25:06,576 INFO  L153        SettingsManager]:  * Ignore calls to procedures called more than once=ONLY_FOR_SEQUENTIAL_PROGRAMS
[2024-07-08 16:25:06,577 INFO  L151        SettingsManager]: Preferences of BlockEncodingV2 differ from their defaults:
[2024-07-08 16:25:06,577 INFO  L153        SettingsManager]:  * Create parallel compositions if possible=false
[2024-07-08 16:25:06,578 INFO  L153        SettingsManager]:  * Use SBE=true
[2024-07-08 16:25:06,578 INFO  L151        SettingsManager]: Preferences of CACSL2BoogieTranslator differ from their defaults:
[2024-07-08 16:25:06,579 INFO  L153        SettingsManager]:  * Pointer base address is valid at dereference=IGNORE
[2024-07-08 16:25:06,579 INFO  L153        SettingsManager]:  * Overapproximate operations on floating types=true
[2024-07-08 16:25:06,579 INFO  L153        SettingsManager]:  * Check division by zero=IGNORE
[2024-07-08 16:25:06,580 INFO  L153        SettingsManager]:  * Pointer to allocated memory at dereference=IGNORE
[2024-07-08 16:25:06,580 INFO  L153        SettingsManager]:  * If two pointers are subtracted or compared they have the same base address=IGNORE
[2024-07-08 16:25:06,581 INFO  L153        SettingsManager]:  * Check array bounds for arrays that are off heap=IGNORE
[2024-07-08 16:25:06,581 INFO  L153        SettingsManager]:  * Check absence of signed integer overflows=true
[2024-07-08 16:25:06,581 INFO  L153        SettingsManager]:  * Check unreachability of reach_error function=false
[2024-07-08 16:25:06,582 INFO  L153        SettingsManager]:  * Check if freed pointer was valid=false
[2024-07-08 16:25:06,582 INFO  L153        SettingsManager]:  * Use constant arrays=true
[2024-07-08 16:25:06,582 INFO  L151        SettingsManager]: Preferences of RCFGBuilder differ from their defaults:
[2024-07-08 16:25:06,583 INFO  L153        SettingsManager]:  * Size of a code block=SequenceOfStatements
[2024-07-08 16:25:06,583 INFO  L153        SettingsManager]:  * Only consider context switches at boundaries of atomic blocks=true
[2024-07-08 16:25:06,583 INFO  L153        SettingsManager]:  * SMT solver=External_DefaultMode
[2024-07-08 16:25:06,584 INFO  L153        SettingsManager]:  * Command for external solver=z3 SMTLIB2_COMPLIANT=true -memory:2024 -smt2 -in -t:4000
[2024-07-08 16:25:06,584 INFO  L151        SettingsManager]: Preferences of TraceAbstraction differ from their defaults:
[2024-07-08 16:25:06,584 INFO  L153        SettingsManager]:  * Compute Interpolants along a Counterexample=FPandBP
[2024-07-08 16:25:06,585 INFO  L153        SettingsManager]:  * Positions where we compute the Hoare Annotation=LoopHeads
[2024-07-08 16:25:06,585 INFO  L153        SettingsManager]:  * Trace refinement strategy=CAMEL
[2024-07-08 16:25:06,585 INFO  L153        SettingsManager]:  * Command for external solver=z3 SMTLIB2_COMPLIANT=true -memory:2024 -smt2 -in
[2024-07-08 16:25:06,585 INFO  L153        SettingsManager]:  * Apply one-shot large block encoding in concurrent analysis=false
[2024-07-08 16:25:06,586 INFO  L153        SettingsManager]:  * Automaton type used in concurrency analysis=PETRI_NET
[2024-07-08 16:25:06,586 INFO  L153        SettingsManager]:  * Compute Hoare Annotation of negated interpolant automaton, abstraction and CFG=true
[2024-07-08 16:25:06,586 INFO  L153        SettingsManager]:  * Order on configurations for Petri net unfoldings=DBO
[2024-07-08 16:25:06,587 INFO  L153        SettingsManager]:  * SMT solver=External_ModelsAndUnsatCoreMode
[2024-07-08 16:25:06,587 INFO  L153        SettingsManager]:  * Looper check in Petri net analysis=SEMANTIC
WARNING: An illegal reflective access operation has occurred
WARNING: Illegal reflective access by com.sun.xml.bind.v2.runtime.reflect.opt.Injector$1 (file:/home/qingshi1019/UAutomizer/plugins/com.sun.xml.bind_2.2.0.v201505121915.jar) to method java.lang.ClassLoader.defineClass(java.lang.String,byte[],int,int)
WARNING: Please consider reporting this to the maintainers of com.sun.xml.bind.v2.runtime.reflect.opt.Injector$1
WARNING: Use --illegal-access=warn to enable warnings of further illegal reflective access operations
WARNING: All illegal access operations will be denied in a future release
Applying setting for plugin de.uni_freiburg.informatik.ultimate.plugins.generator.cacsl2boogietranslator: Entry function -> main
Applying setting for plugin de.uni_freiburg.informatik.ultimate.witnessprinter: Witness directory -> /home/qingshi1019/UAutomizer
Applying setting for plugin de.uni_freiburg.informatik.ultimate.witnessprinter: Witness filename -> witness
Applying setting for plugin de.uni_freiburg.informatik.ultimate.witnessprinter: Write witness besides input file -> false
Applying setting for plugin de.uni_freiburg.informatik.ultimate.witnessprinter: Graph data specification -> CHECK( init(main()), LTL(G ! overflow) )


Applying setting for plugin de.uni_freiburg.informatik.ultimate.witnessprinter: Graph data producer -> Automizer
Applying setting for plugin de.uni_freiburg.informatik.ultimate.witnessprinter: Graph data architecture -> 64bit
Applying setting for plugin de.uni_freiburg.informatik.ultimate.witnessprinter: Graph data programhash -> 8d519171ce12fdb4fe85888be5b9dedb8b04d3f90972e5ef73488989f5841b49
[2024-07-08 16:25:06,954 INFO  L75    nceAwareModelManager]: Repository-Root is: /tmp
[2024-07-08 16:25:06,983 INFO  L261   ainManager$Toolchain]: [Toolchain 1]: Applicable parser(s) successfully (re)initialized
[2024-07-08 16:25:06,987 INFO  L217   ainManager$Toolchain]: [Toolchain 1]: Toolchain selected.
[2024-07-08 16:25:06,988 INFO  L270        PluginConnector]: Initializing CDTParser...
[2024-07-08 16:25:06,989 INFO  L274        PluginConnector]: CDTParser initialized
[2024-07-08 16:25:06,990 INFO  L431   ainManager$Toolchain]: [Toolchain 1]: Parsing single file: /home/qingshi1019/UAutomizer/repositories/tig.i
[2024-07-08 16:25:08,305 INFO  L533              CDTParser]: Created temporary CDT project at NULL
[2024-07-08 16:25:08,777 INFO  L384              CDTParser]: Found 1 translation units.
[2024-07-08 16:25:08,777 INFO  L180              CDTParser]: Scanning /home/qingshi1019/UAutomizer/repositories/tig.i
[2024-07-08 16:25:08,816 INFO  L427              CDTParser]: About to delete temporary CDT project at /home/qingshi1019/UAutomizer/data/13d7414b6/2857845b2de34bb5b6abd14cd7a1921f/FLAG7e7527ae7
[2024-07-08 16:25:08,843 INFO  L435              CDTParser]: Successfully deleted /home/qingshi1019/UAutomizer/data/13d7414b6/2857845b2de34bb5b6abd14cd7a1921f
[2024-07-08 16:25:08,847 INFO  L299   ainManager$Toolchain]: ####################### [Toolchain 1] #######################
[2024-07-08 16:25:08,848 INFO  L133        ToolchainWalker]: Walking toolchain with 6 elements.
[2024-07-08 16:25:08,850 INFO  L112        PluginConnector]: ------------------------CACSL2BoogieTranslator----------------------------
[2024-07-08 16:25:08,850 INFO  L270        PluginConnector]: Initializing CACSL2BoogieTranslator...
[2024-07-08 16:25:08,857 INFO  L274        PluginConnector]: CACSL2BoogieTranslator initialized
[2024-07-08 16:25:08,857 INFO  L184        PluginConnector]: Executing the observer ACSLObjectContainerObserver from plugin CACSL2BoogieTranslator for "CDTParser AST 08.07 04:25:08" (1/1) ...
[2024-07-08 16:25:08,859 INFO  L204        PluginConnector]: Invalid model from CACSL2BoogieTranslator for observer de.uni_freiburg.informatik.ultimate.plugins.generator.cacsl2boogietranslator.ACSLObjectContainerObserver@3fdd8986 and model type de.uni_freiburg.informatik.ultimate.plugins.generator.cacsl2boogietranslator AST 08.07 04:25:08, skipping insertion in model container
[2024-07-08 16:25:08,859 INFO  L184        PluginConnector]: Executing the observer CACSL2BoogieTranslatorObserver from plugin CACSL2BoogieTranslator for "CDTParser AST 08.07 04:25:08" (1/1) ...
[2024-07-08 16:25:08,960 INFO  L177         MainTranslator]: Built tables and reachable declarations
[2024-07-08 16:25:09,359 ERROR L324         MainTranslator]: Unsupported Syntax: Undefined type __uint128_t
[2024-07-08 16:25:09,359 INFO  L204        PluginConnector]: Invalid model from CACSL2BoogieTranslator for observer de.uni_freiburg.informatik.ultimate.plugins.generator.cacsl2boogietranslator.CACSL2BoogieTranslatorObserver@6094dd06 and model type de.uni_freiburg.informatik.ultimate.plugins.generator.cacsl2boogietranslator AST 08.07 04:25:09, skipping insertion in model container
[2024-07-08 16:25:09,360 INFO  L131        PluginConnector]: ------------------------ END CACSL2BoogieTranslator----------------------------
[2024-07-08 16:25:09,360 INFO  L186        ToolchainWalker]: Toolchain execution was canceled (user or tool) before executing de.uni_freiburg.informatik.ultimate.boogie.procedureinliner
[2024-07-08 16:25:09,362 INFO  L158              Benchmark]: Toolchain (without parser) took 513.05ms. Allocated memory is still 73.4MB. Free memory was 42.3MB in the beginning and 36.4MB in the end (delta: 5.9MB). Peak memory consumption was 15.3MB. Max. memory is 16.1GB.
[2024-07-08 16:25:09,363 INFO  L158              Benchmark]: CDTParser took 0.23ms. Allocated memory is still 50.3MB. Free memory was 25.9MB in the beginning and 25.8MB in the end (delta: 69.9kB). There was no memory consumed. Max. memory is 16.1GB.
[2024-07-08 16:25:09,364 INFO  L158              Benchmark]: CACSL2BoogieTranslator took 510.18ms. Allocated memory is still 73.4MB. Free memory was 42.1MB in the beginning and 36.4MB in the end (delta: 5.6MB). Peak memory consumption was 15.3MB. Max. memory is 16.1GB.
[2024-07-08 16:25:09,365 INFO  L338   ainManager$Toolchain]: #######################  End [Toolchain 1] #######################
 --- Results ---
 * Results from de.uni_freiburg.informatik.ultimate.core:
  - StatisticsResult: Toolchain Benchmarks
    Benchmark results are:
 * CDTParser took 0.23ms. Allocated memory is still 50.3MB. Free memory was 25.9MB in the beginning and 25.8MB in the end (delta: 69.9kB). There was no memory consumed. Max. memory is 16.1GB.
 * CACSL2BoogieTranslator took 510.18ms. Allocated memory is still 73.4MB. Free memory was 42.1MB in the beginning and 36.4MB in the end (delta: 5.6MB). Peak memory consumption was 15.3MB. Max. memory is 16.1GB.
 * Results from de.uni_freiburg.informatik.ultimate.plugins.generator.cacsl2boogietranslator:
  - UnsupportedSyntaxResult [Line: 1146]: Unsupported Syntax
    Undefined type __uint128_t
RESULT: Ultimate could not prove your program: Toolchain returned no result.
Received shutdown request...

### Bit-precise run ###
This is Ultimate 0.2.4-dev-0e0057c
[2024-07-08 16:25:11,189 INFO  L188        SettingsManager]: Resetting all preferences to default values...
[2024-07-08 16:25:11,263 INFO  L114        SettingsManager]: Loading settings from /home/qingshi1019/UAutomizer/config/svcomp-Overflow-64bit-Automizer_Bitvector.epf
[2024-07-08 16:25:11,269 WARN  L101        SettingsManager]: Preference file contains the following unknown settings:
[2024-07-08 16:25:11,270 WARN  L103        SettingsManager]:   * de.uni_freiburg.informatik.ultimate.core.Log level for class
[2024-07-08 16:25:11,270 WARN  L103        SettingsManager]:   * de.uni_freiburg.informatik.ultimate.plugins.generator.cacsl2boogietranslator.Checked method. Library mode if empty.
[2024-07-08 16:25:11,298 INFO  L130        SettingsManager]: Preferences different from defaults after loading the file:
[2024-07-08 16:25:11,298 INFO  L151        SettingsManager]: Preferences of UltimateCore differ from their defaults:
[2024-07-08 16:25:11,299 INFO  L153        SettingsManager]:  * Log level for class=de.uni_freiburg.informatik.ultimate.lib.smtlibutils.quantifier.QuantifierPusher=ERROR;
[2024-07-08 16:25:11,299 INFO  L151        SettingsManager]: Preferences of Boogie Preprocessor differ from their defaults:
[2024-07-08 16:25:11,300 INFO  L153        SettingsManager]:  * Use memory slicer=true
[2024-07-08 16:25:11,300 INFO  L151        SettingsManager]: Preferences of Boogie Procedure Inliner differ from their defaults:
[2024-07-08 16:25:11,300 INFO  L153        SettingsManager]:  * Ignore calls to procedures called more than once=ONLY_FOR_SEQUENTIAL_PROGRAMS
[2024-07-08 16:25:11,301 INFO  L151        SettingsManager]: Preferences of BlockEncodingV2 differ from their defaults:
[2024-07-08 16:25:11,302 INFO  L153        SettingsManager]:  * Create parallel compositions if possible=false
[2024-07-08 16:25:11,302 INFO  L153        SettingsManager]:  * Use SBE=true
[2024-07-08 16:25:11,303 INFO  L151        SettingsManager]: Preferences of CACSL2BoogieTranslator differ from their defaults:
[2024-07-08 16:25:11,303 INFO  L153        SettingsManager]:  * Pointer base address is valid at dereference=IGNORE
[2024-07-08 16:25:11,303 INFO  L153        SettingsManager]:  * Check division by zero=IGNORE
[2024-07-08 16:25:11,304 INFO  L153        SettingsManager]:  * Pointer to allocated memory at dereference=IGNORE
[2024-07-08 16:25:11,304 INFO  L153        SettingsManager]:  * If two pointers are subtracted or compared they have the same base address=IGNORE
[2024-07-08 16:25:11,305 INFO  L153        SettingsManager]:  * Check array bounds for arrays that are off heap=IGNORE
[2024-07-08 16:25:11,305 INFO  L153        SettingsManager]:  * Adapt memory model on pointer casts if necessary=true
[2024-07-08 16:25:11,305 INFO  L153        SettingsManager]:  * Use bitvectors instead of ints=true
[2024-07-08 16:25:11,306 INFO  L153        SettingsManager]:  * Check absence of signed integer overflows=true
[2024-07-08 16:25:11,306 INFO  L153        SettingsManager]:  * Memory model=HoenickeLindenmann_4ByteResolution
[2024-07-08 16:25:11,306 INFO  L153        SettingsManager]:  * Check unreachability of reach_error function=false
[2024-07-08 16:25:11,307 INFO  L153        SettingsManager]:  * Check if freed pointer was valid=false
[2024-07-08 16:25:11,307 INFO  L153        SettingsManager]:  * Use constant arrays=true
[2024-07-08 16:25:11,307 INFO  L151        SettingsManager]: Preferences of RCFGBuilder differ from their defaults:
[2024-07-08 16:25:11,308 INFO  L153        SettingsManager]:  * Size of a code block=SequenceOfStatements
[2024-07-08 16:25:11,308 INFO  L153        SettingsManager]:  * Only consider context switches at boundaries of atomic blocks=true
[2024-07-08 16:25:11,308 INFO  L153        SettingsManager]:  * SMT solver=External_DefaultMode
[2024-07-08 16:25:11,309 INFO  L153        SettingsManager]:  * Command for external solver=z3 SMTLIB2_COMPLIANT=true -memory:2024 -smt2 -in -t:4000
[2024-07-08 16:25:11,309 INFO  L151        SettingsManager]: Preferences of TraceAbstraction differ from their defaults:
[2024-07-08 16:25:11,310 INFO  L153        SettingsManager]:  * Compute Interpolants along a Counterexample=FPandBP
[2024-07-08 16:25:11,310 INFO  L153        SettingsManager]:  * Positions where we compute the Hoare Annotation=LoopHeads
[2024-07-08 16:25:11,310 INFO  L153        SettingsManager]:  * Trace refinement strategy=WOLF
[2024-07-08 16:25:11,310 INFO  L153        SettingsManager]:  * Command for external solver=cvc4 --incremental --print-success --lang smt 
[2024-07-08 16:25:11,311 INFO  L153        SettingsManager]:  * Apply one-shot large block encoding in concurrent analysis=false
[2024-07-08 16:25:11,311 INFO  L153        SettingsManager]:  * Automaton type used in concurrency analysis=PETRI_NET
[2024-07-08 16:25:11,312 INFO  L153        SettingsManager]:  * Compute Hoare Annotation of negated interpolant automaton, abstraction and CFG=true
[2024-07-08 16:25:11,312 INFO  L153        SettingsManager]:  * Order on configurations for Petri net unfoldings=DBO
[2024-07-08 16:25:11,312 INFO  L153        SettingsManager]:  * SMT solver=External_ModelsAndUnsatCoreMode
[2024-07-08 16:25:11,312 INFO  L153        SettingsManager]:  * Logic for external solver=AUFBV
[2024-07-08 16:25:11,313 INFO  L153        SettingsManager]:  * Looper check in Petri net analysis=SEMANTIC
WARNING: An illegal reflective access operation has occurred
WARNING: Illegal reflective access by com.sun.xml.bind.v2.runtime.reflect.opt.Injector$1 (file:/home/qingshi1019/UAutomizer/plugins/com.sun.xml.bind_2.2.0.v201505121915.jar) to method java.lang.ClassLoader.defineClass(java.lang.String,byte[],int,int)
WARNING: Please consider reporting this to the maintainers of com.sun.xml.bind.v2.runtime.reflect.opt.Injector$1
WARNING: Use --illegal-access=warn to enable warnings of further illegal reflective access operations
WARNING: All illegal access operations will be denied in a future release
Applying setting for plugin de.uni_freiburg.informatik.ultimate.plugins.generator.cacsl2boogietranslator: Entry function -> main
Applying setting for plugin de.uni_freiburg.informatik.ultimate.witnessprinter: Witness directory -> /home/qingshi1019/UAutomizer
Applying setting for plugin de.uni_freiburg.informatik.ultimate.witnessprinter: Witness filename -> witness
Applying setting for plugin de.uni_freiburg.informatik.ultimate.witnessprinter: Write witness besides input file -> false
Applying setting for plugin de.uni_freiburg.informatik.ultimate.witnessprinter: Graph data specification -> CHECK( init(main()), LTL(G ! overflow) )


Applying setting for plugin de.uni_freiburg.informatik.ultimate.witnessprinter: Graph data producer -> Automizer
Applying setting for plugin de.uni_freiburg.informatik.ultimate.witnessprinter: Graph data architecture -> 64bit
Applying setting for plugin de.uni_freiburg.informatik.ultimate.witnessprinter: Graph data programhash -> 8d519171ce12fdb4fe85888be5b9dedb8b04d3f90972e5ef73488989f5841b49
[2024-07-08 16:25:11,654 INFO  L75    nceAwareModelManager]: Repository-Root is: /tmp
[2024-07-08 16:25:11,679 INFO  L261   ainManager$Toolchain]: [Toolchain 1]: Applicable parser(s) successfully (re)initialized
[2024-07-08 16:25:11,682 INFO  L217   ainManager$Toolchain]: [Toolchain 1]: Toolchain selected.
[2024-07-08 16:25:11,683 INFO  L270        PluginConnector]: Initializing CDTParser...
[2024-07-08 16:25:11,684 INFO  L274        PluginConnector]: CDTParser initialized
[2024-07-08 16:25:11,686 INFO  L431   ainManager$Toolchain]: [Toolchain 1]: Parsing single file: /home/qingshi1019/UAutomizer/repositories/tig.i
[2024-07-08 16:25:12,997 INFO  L533              CDTParser]: Created temporary CDT project at NULL
[2024-07-08 16:25:13,447 INFO  L384              CDTParser]: Found 1 translation units.
[2024-07-08 16:25:13,448 INFO  L180              CDTParser]: Scanning /home/qingshi1019/UAutomizer/repositories/tig.i
[2024-07-08 16:25:13,478 INFO  L427              CDTParser]: About to delete temporary CDT project at /home/qingshi1019/UAutomizer/data/e1884b50a/4a3f2b8081fb4915adf57d05df651936/FLAGa7e53e91a
[2024-07-08 16:25:13,501 INFO  L435              CDTParser]: Successfully deleted /home/qingshi1019/UAutomizer/data/e1884b50a/4a3f2b8081fb4915adf57d05df651936
[2024-07-08 16:25:13,504 INFO  L299   ainManager$Toolchain]: ####################### [Toolchain 1] #######################
[2024-07-08 16:25:13,506 INFO  L133        ToolchainWalker]: Walking toolchain with 6 elements.
[2024-07-08 16:25:13,508 INFO  L112        PluginConnector]: ------------------------CACSL2BoogieTranslator----------------------------
[2024-07-08 16:25:13,508 INFO  L270        PluginConnector]: Initializing CACSL2BoogieTranslator...
[2024-07-08 16:25:13,514 INFO  L274        PluginConnector]: CACSL2BoogieTranslator initialized
[2024-07-08 16:25:13,515 INFO  L184        PluginConnector]: Executing the observer ACSLObjectContainerObserver from plugin CACSL2BoogieTranslator for "CDTParser AST 08.07 04:25:13" (1/1) ...
[2024-07-08 16:25:13,516 INFO  L204        PluginConnector]: Invalid model from CACSL2BoogieTranslator for observer de.uni_freiburg.informatik.ultimate.plugins.generator.cacsl2boogietranslator.ACSLObjectContainerObserver@30b717b9 and model type de.uni_freiburg.informatik.ultimate.plugins.generator.cacsl2boogietranslator AST 08.07 04:25:13, skipping insertion in model container
[2024-07-08 16:25:13,516 INFO  L184        PluginConnector]: Executing the observer CACSL2BoogieTranslatorObserver from plugin CACSL2BoogieTranslator for "CDTParser AST 08.07 04:25:13" (1/1) ...
[2024-07-08 16:25:13,597 INFO  L177         MainTranslator]: Built tables and reachable declarations
[2024-07-08 16:25:14,089 ERROR L324         MainTranslator]: Unsupported Syntax: Undefined type __uint128_t
[2024-07-08 16:25:14,090 INFO  L204        PluginConnector]: Invalid model from CACSL2BoogieTranslator for observer de.uni_freiburg.informatik.ultimate.plugins.generator.cacsl2boogietranslator.CACSL2BoogieTranslatorObserver@5d901c4d and model type de.uni_freiburg.informatik.ultimate.plugins.generator.cacsl2boogietranslator AST 08.07 04:25:14, skipping insertion in model container
[2024-07-08 16:25:14,090 INFO  L131        PluginConnector]: ------------------------ END CACSL2BoogieTranslator----------------------------
[2024-07-08 16:25:14,091 INFO  L186        ToolchainWalker]: Toolchain execution was canceled (user or tool) before executing de.uni_freiburg.informatik.ultimate.boogie.procedureinliner
[2024-07-08 16:25:14,093 INFO  L158              Benchmark]: Toolchain (without parser) took 585.73ms. Allocated memory is still 75.5MB. Free memory was 44.6MB in the beginning and 35.0MB in the end (delta: 9.7MB). Peak memory consumption was 13.3MB. Max. memory is 16.1GB.
[2024-07-08 16:25:14,094 INFO  L158              Benchmark]: CDTParser took 0.29ms. Allocated memory is still 54.5MB. Free memory was 30.4MB in the beginning and 30.3MB in the end (delta: 83.9kB). There was no memory consumed. Max. memory is 16.1GB.
[2024-07-08 16:25:14,094 INFO  L158              Benchmark]: CACSL2BoogieTranslator took 582.68ms. Allocated memory is still 75.5MB. Free memory was 44.5MB in the beginning and 35.0MB in the end (delta: 9.5MB). Peak memory consumption was 13.3MB. Max. memory is 16.1GB.
[2024-07-08 16:25:14,096 INFO  L338   ainManager$Toolchain]: #######################  End [Toolchain 1] #######################
 --- Results ---
 * Results from de.uni_freiburg.informatik.ultimate.core:
  - StatisticsResult: Toolchain Benchmarks
    Benchmark results are:
 * CDTParser took 0.29ms. Allocated memory is still 54.5MB. Free memory was 30.4MB in the beginning and 30.3MB in the end (delta: 83.9kB). There was no memory consumed. Max. memory is 16.1GB.
 * CACSL2BoogieTranslator took 582.68ms. Allocated memory is still 75.5MB. Free memory was 44.5MB in the beginning and 35.0MB in the end (delta: 9.5MB). Peak memory consumption was 13.3MB. Max. memory is 16.1GB.
 * Results from de.uni_freiburg.informatik.ultimate.plugins.generator.cacsl2boogietranslator:
  - UnsupportedSyntaxResult [Line: 1146]: Unsupported Syntax
    Undefined type __uint128_t
RESULT: Ultimate could not prove your program: Toolchain returned no result.
Received shutdown request...
