This is Ultimate 0.2.4-dev-0e0057c
[2024-07-08 16:25:31,149 INFO  L188        SettingsManager]: Resetting all preferences to default values...
[2024-07-08 16:25:31,239 INFO  L114        SettingsManager]: Loading settings from /home/qingshi1019/UAutomizer/config/svcomp-Overflow-64bit-Automizer_Default.epf
[2024-07-08 16:25:31,245 WARN  L101        SettingsManager]: Preference file contains the following unknown settings:
[2024-07-08 16:25:31,246 WARN  L103        SettingsManager]:   * de.uni_freiburg.informatik.ultimate.core.Log level for class
[2024-07-08 16:25:31,273 INFO  L130        SettingsManager]: Preferences different from defaults after loading the file:
[2024-07-08 16:25:31,274 INFO  L151        SettingsManager]: Preferences of UltimateCore differ from their defaults:
[2024-07-08 16:25:31,274 INFO  L153        SettingsManager]:  * Log level for class=de.uni_freiburg.informatik.ultimate.lib.smtlibutils.quantifier.QuantifierPusher=ERROR;
[2024-07-08 16:25:31,275 INFO  L151        SettingsManager]: Preferences of Boogie Preprocessor differ from their defaults:
[2024-07-08 16:25:31,275 INFO  L153        SettingsManager]:  * Use memory slicer=true
[2024-07-08 16:25:31,276 INFO  L151        SettingsManager]: Preferences of Boogie Procedure Inliner differ from their defaults:
[2024-07-08 16:25:31,276 INFO  L153        SettingsManager]:  * Ignore calls to procedures called more than once=ONLY_FOR_SEQUENTIAL_PROGRAMS
[2024-07-08 16:25:31,277 INFO  L151        SettingsManager]: Preferences of BlockEncodingV2 differ from their defaults:
[2024-07-08 16:25:31,277 INFO  L153        SettingsManager]:  * Create parallel compositions if possible=false
[2024-07-08 16:25:31,278 INFO  L153        SettingsManager]:  * Use SBE=true
[2024-07-08 16:25:31,278 INFO  L151        SettingsManager]: Preferences of CACSL2BoogieTranslator differ from their defaults:
[2024-07-08 16:25:31,278 INFO  L153        SettingsManager]:  * Pointer base address is valid at dereference=IGNORE
[2024-07-08 16:25:31,279 INFO  L153        SettingsManager]:  * Overapproximate operations on floating types=true
[2024-07-08 16:25:31,279 INFO  L153        SettingsManager]:  * Check division by zero=IGNORE
[2024-07-08 16:25:31,280 INFO  L153        SettingsManager]:  * Pointer to allocated memory at dereference=IGNORE
[2024-07-08 16:25:31,280 INFO  L153        SettingsManager]:  * If two pointers are subtracted or compared they have the same base address=IGNORE
[2024-07-08 16:25:31,281 INFO  L153        SettingsManager]:  * Check array bounds for arrays that are off heap=IGNORE
[2024-07-08 16:25:31,281 INFO  L153        SettingsManager]:  * Check absence of signed integer overflows=true
[2024-07-08 16:25:31,281 INFO  L153        SettingsManager]:  * Check unreachability of reach_error function=false
[2024-07-08 16:25:31,282 INFO  L153        SettingsManager]:  * Check if freed pointer was valid=false
[2024-07-08 16:25:31,282 INFO  L153        SettingsManager]:  * Use constant arrays=true
[2024-07-08 16:25:31,283 INFO  L151        SettingsManager]: Preferences of RCFGBuilder differ from their defaults:
[2024-07-08 16:25:31,283 INFO  L153        SettingsManager]:  * Size of a code block=SequenceOfStatements
[2024-07-08 16:25:31,283 INFO  L153        SettingsManager]:  * Only consider context switches at boundaries of atomic blocks=true
[2024-07-08 16:25:31,284 INFO  L153        SettingsManager]:  * SMT solver=External_DefaultMode
[2024-07-08 16:25:31,284 INFO  L153        SettingsManager]:  * Command for external solver=z3 SMTLIB2_COMPLIANT=true -memory:2024 -smt2 -in -t:4000
[2024-07-08 16:25:31,285 INFO  L151        SettingsManager]: Preferences of TraceAbstraction differ from their defaults:
[2024-07-08 16:25:31,285 INFO  L153        SettingsManager]:  * Compute Interpolants along a Counterexample=FPandBP
[2024-07-08 16:25:31,285 INFO  L153        SettingsManager]:  * Positions where we compute the Hoare Annotation=LoopHeads
[2024-07-08 16:25:31,286 INFO  L153        SettingsManager]:  * Trace refinement strategy=CAMEL
[2024-07-08 16:25:31,286 INFO  L153        SettingsManager]:  * Command for external solver=z3 SMTLIB2_COMPLIANT=true -memory:2024 -smt2 -in
[2024-07-08 16:25:31,286 INFO  L153        SettingsManager]:  * Apply one-shot large block encoding in concurrent analysis=false
[2024-07-08 16:25:31,287 INFO  L153        SettingsManager]:  * Automaton type used in concurrency analysis=PETRI_NET
[2024-07-08 16:25:31,287 INFO  L153        SettingsManager]:  * Compute Hoare Annotation of negated interpolant automaton, abstraction and CFG=true
[2024-07-08 16:25:31,287 INFO  L153        SettingsManager]:  * Order on configurations for Petri net unfoldings=DBO
[2024-07-08 16:25:31,288 INFO  L153        SettingsManager]:  * SMT solver=External_ModelsAndUnsatCoreMode
[2024-07-08 16:25:31,288 INFO  L153        SettingsManager]:  * Looper check in Petri net analysis=SEMANTIC
WARNING: An illegal reflective access operation has occurred
WARNING: Illegal reflective access by com.sun.xml.bind.v2.runtime.reflect.opt.Injector$1 (file:/home/qingshi1019/UAutomizer/plugins/com.sun.xml.bind_2.2.0.v201505121915.jar) to method java.lang.ClassLoader.defineClass(java.lang.String,byte[],int,int)
WARNING: Please consider reporting this to the maintainers of com.sun.xml.bind.v2.runtime.reflect.opt.Injector$1
WARNING: Use --illegal-access=warn to enable warnings of further illegal reflective access operations
WARNING: All illegal access operations will be denied in a future release
Applying setting for plugin de.uni_freiburg.informatik.ultimate.plugins.generator.cacsl2boogietranslator: Entry function -> main
Applying setting for plugin de.uni_freiburg.informatik.ultimate.witnessprinter: Witness directory -> /home/qingshi1019/UAutomizer
Applying setting for plugin de.uni_freiburg.informatik.ultimate.witnessprinter: Witness filename -> witness
Applying setting for plugin de.uni_freiburg.informatik.ultimate.witnessprinter: Write witness besides input file -> false
Applying setting for plugin de.uni_freiburg.informatik.ultimate.witnessprinter: Graph data specification -> CHECK( init(main()), LTL(G ! overflow) )


Applying setting for plugin de.uni_freiburg.informatik.ultimate.witnessprinter: Graph data producer -> Automizer
Applying setting for plugin de.uni_freiburg.informatik.ultimate.witnessprinter: Graph data architecture -> 64bit
Applying setting for plugin de.uni_freiburg.informatik.ultimate.witnessprinter: Graph data programhash -> f24c18312dd99f80e569176abd3201a1a4098ed23d2d12d9cae3fb21060799c6
[2024-07-08 16:25:31,665 INFO  L75    nceAwareModelManager]: Repository-Root is: /tmp
[2024-07-08 16:25:31,694 INFO  L261   ainManager$Toolchain]: [Toolchain 1]: Applicable parser(s) successfully (re)initialized
[2024-07-08 16:25:31,699 INFO  L217   ainManager$Toolchain]: [Toolchain 1]: Toolchain selected.
[2024-07-08 16:25:31,701 INFO  L270        PluginConnector]: Initializing CDTParser...
[2024-07-08 16:25:31,701 INFO  L274        PluginConnector]: CDTParser initialized
[2024-07-08 16:25:31,703 INFO  L431   ainManager$Toolchain]: [Toolchain 1]: Parsing single file: /home/qingshi1019/UAutomizer/repositories/uftrace.i
[2024-07-08 16:25:33,183 INFO  L533              CDTParser]: Created temporary CDT project at NULL
[2024-07-08 16:25:33,925 INFO  L384              CDTParser]: Found 1 translation units.
[2024-07-08 16:25:33,926 INFO  L180              CDTParser]: Scanning /home/qingshi1019/UAutomizer/repositories/uftrace.i
[2024-07-08 16:25:34,014 INFO  L427              CDTParser]: About to delete temporary CDT project at /home/qingshi1019/UAutomizer/data/0d8b3ff9c/53ca5e29010c40eba85318c365f6b2ce/FLAG08fcc84a3
[2024-07-08 16:25:34,039 INFO  L435              CDTParser]: Successfully deleted /home/qingshi1019/UAutomizer/data/0d8b3ff9c/53ca5e29010c40eba85318c365f6b2ce
[2024-07-08 16:25:34,043 INFO  L299   ainManager$Toolchain]: ####################### [Toolchain 1] #######################
[2024-07-08 16:25:34,045 INFO  L133        ToolchainWalker]: Walking toolchain with 6 elements.
[2024-07-08 16:25:34,046 INFO  L112        PluginConnector]: ------------------------CACSL2BoogieTranslator----------------------------
[2024-07-08 16:25:34,047 INFO  L270        PluginConnector]: Initializing CACSL2BoogieTranslator...
[2024-07-08 16:25:34,053 INFO  L274        PluginConnector]: CACSL2BoogieTranslator initialized
[2024-07-08 16:25:34,054 INFO  L184        PluginConnector]: Executing the observer ACSLObjectContainerObserver from plugin CACSL2BoogieTranslator for "CDTParser AST 08.07 04:25:34" (1/1) ...
[2024-07-08 16:25:34,056 INFO  L204        PluginConnector]: Invalid model from CACSL2BoogieTranslator for observer de.uni_freiburg.informatik.ultimate.plugins.generator.cacsl2boogietranslator.ACSLObjectContainerObserver@5c65fdb3 and model type de.uni_freiburg.informatik.ultimate.plugins.generator.cacsl2boogietranslator AST 08.07 04:25:34, skipping insertion in model container
[2024-07-08 16:25:34,056 INFO  L184        PluginConnector]: Executing the observer CACSL2BoogieTranslatorObserver from plugin CACSL2BoogieTranslator for "CDTParser AST 08.07 04:25:34" (1/1) ...
[2024-07-08 16:25:34,268 INFO  L177         MainTranslator]: Built tables and reachable declarations
[2024-07-08 16:25:35,644 WARN  L638        FunctionHandler]: implicit declaration of function __builtin___sprintf_chk
[2024-07-08 16:25:35,645 WARN  L638        FunctionHandler]: implicit declaration of function __builtin_va_arg_pack
[2024-07-08 16:25:35,646 WARN  L638        FunctionHandler]: implicit declaration of function __builtin___vsprintf_chk
[2024-07-08 16:25:35,663 WARN  L638        FunctionHandler]: implicit declaration of function __builtin___snprintf_chk
[2024-07-08 16:25:35,665 WARN  L638        FunctionHandler]: implicit declaration of function __builtin___vsnprintf_chk
[2024-07-08 16:25:35,944 ERROR L324         MainTranslator]: Unsupported Syntax: Undefined type _Float32
[2024-07-08 16:25:35,945 INFO  L204        PluginConnector]: Invalid model from CACSL2BoogieTranslator for observer de.uni_freiburg.informatik.ultimate.plugins.generator.cacsl2boogietranslator.CACSL2BoogieTranslatorObserver@1ecf4d72 and model type de.uni_freiburg.informatik.ultimate.plugins.generator.cacsl2boogietranslator AST 08.07 04:25:35, skipping insertion in model container
[2024-07-08 16:25:35,945 INFO  L131        PluginConnector]: ------------------------ END CACSL2BoogieTranslator----------------------------
[2024-07-08 16:25:35,945 INFO  L186        ToolchainWalker]: Toolchain execution was canceled (user or tool) before executing de.uni_freiburg.informatik.ultimate.boogie.procedureinliner
[2024-07-08 16:25:35,947 INFO  L158              Benchmark]: Toolchain (without parser) took 1901.98ms. Allocated memory was 75.5MB in the beginning and 92.3MB in the end (delta: 16.8MB). Free memory was 35.2MB in the beginning and 36.9MB in the end (delta: -1.7MB). Peak memory consumption was 17.2MB. Max. memory is 16.1GB.
[2024-07-08 16:25:35,948 INFO  L158              Benchmark]: CDTParser took 0.33ms. Allocated memory is still 56.6MB. Free memory was 32.1MB in the beginning and 32.0MB in the end (delta: 83.9kB). There was no memory consumed. Max. memory is 16.1GB.
[2024-07-08 16:25:35,949 INFO  L158              Benchmark]: CACSL2BoogieTranslator took 1898.94ms. Allocated memory was 75.5MB in the beginning and 92.3MB in the end (delta: 16.8MB). Free memory was 34.8MB in the beginning and 36.9MB in the end (delta: -2.1MB). Peak memory consumption was 15.1MB. Max. memory is 16.1GB.
[2024-07-08 16:25:35,950 INFO  L338   ainManager$Toolchain]: #######################  End [Toolchain 1] #######################
 --- Results ---
 * Results from de.uni_freiburg.informatik.ultimate.core:
  - StatisticsResult: Toolchain Benchmarks
    Benchmark results are:
 * CDTParser took 0.33ms. Allocated memory is still 56.6MB. Free memory was 32.1MB in the beginning and 32.0MB in the end (delta: 83.9kB). There was no memory consumed. Max. memory is 16.1GB.
 * CACSL2BoogieTranslator took 1898.94ms. Allocated memory was 75.5MB in the beginning and 92.3MB in the end (delta: 16.8MB). Free memory was 34.8MB in the beginning and 36.9MB in the end (delta: -2.1MB). Peak memory consumption was 15.1MB. Max. memory is 16.1GB.
 * Results from de.uni_freiburg.informatik.ultimate.plugins.generator.cacsl2boogietranslator:
  - UnsupportedSyntaxResult [Line: 1417]: Unsupported Syntax
    Undefined type _Float32
RESULT: Ultimate could not prove your program: Toolchain returned no result.
Received shutdown request...

### Bit-precise run ###
This is Ultimate 0.2.4-dev-0e0057c
[2024-07-08 16:25:37,814 INFO  L188        SettingsManager]: Resetting all preferences to default values...
[2024-07-08 16:25:37,877 INFO  L114        SettingsManager]: Loading settings from /home/qingshi1019/UAutomizer/config/svcomp-Overflow-64bit-Automizer_Bitvector.epf
[2024-07-08 16:25:37,882 WARN  L101        SettingsManager]: Preference file contains the following unknown settings:
[2024-07-08 16:25:37,883 WARN  L103        SettingsManager]:   * de.uni_freiburg.informatik.ultimate.core.Log level for class
[2024-07-08 16:25:37,883 WARN  L103        SettingsManager]:   * de.uni_freiburg.informatik.ultimate.plugins.generator.cacsl2boogietranslator.Checked method. Library mode if empty.
[2024-07-08 16:25:37,909 INFO  L130        SettingsManager]: Preferences different from defaults after loading the file:
[2024-07-08 16:25:37,909 INFO  L151        SettingsManager]: Preferences of UltimateCore differ from their defaults:
[2024-07-08 16:25:37,910 INFO  L153        SettingsManager]:  * Log level for class=de.uni_freiburg.informatik.ultimate.lib.smtlibutils.quantifier.QuantifierPusher=ERROR;
[2024-07-08 16:25:37,910 INFO  L151        SettingsManager]: Preferences of Boogie Preprocessor differ from their defaults:
[2024-07-08 16:25:37,911 INFO  L153        SettingsManager]:  * Use memory slicer=true
[2024-07-08 16:25:37,911 INFO  L151        SettingsManager]: Preferences of Boogie Procedure Inliner differ from their defaults:
[2024-07-08 16:25:37,911 INFO  L153        SettingsManager]:  * Ignore calls to procedures called more than once=ONLY_FOR_SEQUENTIAL_PROGRAMS
[2024-07-08 16:25:37,912 INFO  L151        SettingsManager]: Preferences of BlockEncodingV2 differ from their defaults:
[2024-07-08 16:25:37,912 INFO  L153        SettingsManager]:  * Create parallel compositions if possible=false
[2024-07-08 16:25:37,913 INFO  L153        SettingsManager]:  * Use SBE=true
[2024-07-08 16:25:37,913 INFO  L151        SettingsManager]: Preferences of CACSL2BoogieTranslator differ from their defaults:
[2024-07-08 16:25:37,914 INFO  L153        SettingsManager]:  * Pointer base address is valid at dereference=IGNORE
[2024-07-08 16:25:37,914 INFO  L153        SettingsManager]:  * Check division by zero=IGNORE
[2024-07-08 16:25:37,914 INFO  L153        SettingsManager]:  * Pointer to allocated memory at dereference=IGNORE
[2024-07-08 16:25:37,915 INFO  L153        SettingsManager]:  * If two pointers are subtracted or compared they have the same base address=IGNORE
[2024-07-08 16:25:37,915 INFO  L153        SettingsManager]:  * Check array bounds for arrays that are off heap=IGNORE
[2024-07-08 16:25:37,916 INFO  L153        SettingsManager]:  * Adapt memory model on pointer casts if necessary=true
[2024-07-08 16:25:37,916 INFO  L153        SettingsManager]:  * Use bitvectors instead of ints=true
[2024-07-08 16:25:37,916 INFO  L153        SettingsManager]:  * Check absence of signed integer overflows=true
[2024-07-08 16:25:37,917 INFO  L153        SettingsManager]:  * Memory model=HoenickeLindenmann_4ByteResolution
[2024-07-08 16:25:37,917 INFO  L153        SettingsManager]:  * Check unreachability of reach_error function=false
[2024-07-08 16:25:37,917 INFO  L153        SettingsManager]:  * Check if freed pointer was valid=false
[2024-07-08 16:25:37,917 INFO  L153        SettingsManager]:  * Use constant arrays=true
[2024-07-08 16:25:37,918 INFO  L151        SettingsManager]: Preferences of RCFGBuilder differ from their defaults:
[2024-07-08 16:25:37,918 INFO  L153        SettingsManager]:  * Size of a code block=SequenceOfStatements
[2024-07-08 16:25:37,918 INFO  L153        SettingsManager]:  * Only consider context switches at boundaries of atomic blocks=true
[2024-07-08 16:25:37,919 INFO  L153        SettingsManager]:  * SMT solver=External_DefaultMode
[2024-07-08 16:25:37,919 INFO  L153        SettingsManager]:  * Command for external solver=z3 SMTLIB2_COMPLIANT=true -memory:2024 -smt2 -in -t:4000
[2024-07-08 16:25:37,920 INFO  L151        SettingsManager]: Preferences of TraceAbstraction differ from their defaults:
[2024-07-08 16:25:37,920 INFO  L153        SettingsManager]:  * Compute Interpolants along a Counterexample=FPandBP
[2024-07-08 16:25:37,920 INFO  L153        SettingsManager]:  * Positions where we compute the Hoare Annotation=LoopHeads
[2024-07-08 16:25:37,920 INFO  L153        SettingsManager]:  * Trace refinement strategy=WOLF
[2024-07-08 16:25:37,921 INFO  L153        SettingsManager]:  * Command for external solver=cvc4 --incremental --print-success --lang smt 
[2024-07-08 16:25:37,921 INFO  L153        SettingsManager]:  * Apply one-shot large block encoding in concurrent analysis=false
[2024-07-08 16:25:37,921 INFO  L153        SettingsManager]:  * Automaton type used in concurrency analysis=PETRI_NET
[2024-07-08 16:25:37,921 INFO  L153        SettingsManager]:  * Compute Hoare Annotation of negated interpolant automaton, abstraction and CFG=true
[2024-07-08 16:25:37,922 INFO  L153        SettingsManager]:  * Order on configurations for Petri net unfoldings=DBO
[2024-07-08 16:25:37,928 INFO  L153        SettingsManager]:  * SMT solver=External_ModelsAndUnsatCoreMode
[2024-07-08 16:25:37,929 INFO  L153        SettingsManager]:  * Logic for external solver=AUFBV
[2024-07-08 16:25:37,929 INFO  L153        SettingsManager]:  * Looper check in Petri net analysis=SEMANTIC
WARNING: An illegal reflective access operation has occurred
WARNING: Illegal reflective access by com.sun.xml.bind.v2.runtime.reflect.opt.Injector$1 (file:/home/qingshi1019/UAutomizer/plugins/com.sun.xml.bind_2.2.0.v201505121915.jar) to method java.lang.ClassLoader.defineClass(java.lang.String,byte[],int,int)
WARNING: Please consider reporting this to the maintainers of com.sun.xml.bind.v2.runtime.reflect.opt.Injector$1
WARNING: Use --illegal-access=warn to enable warnings of further illegal reflective access operations
WARNING: All illegal access operations will be denied in a future release
Applying setting for plugin de.uni_freiburg.informatik.ultimate.plugins.generator.cacsl2boogietranslator: Entry function -> main
Applying setting for plugin de.uni_freiburg.informatik.ultimate.witnessprinter: Witness directory -> /home/qingshi1019/UAutomizer
Applying setting for plugin de.uni_freiburg.informatik.ultimate.witnessprinter: Witness filename -> witness
Applying setting for plugin de.uni_freiburg.informatik.ultimate.witnessprinter: Write witness besides input file -> false
Applying setting for plugin de.uni_freiburg.informatik.ultimate.witnessprinter: Graph data specification -> CHECK( init(main()), LTL(G ! overflow) )


Applying setting for plugin de.uni_freiburg.informatik.ultimate.witnessprinter: Graph data producer -> Automizer
Applying setting for plugin de.uni_freiburg.informatik.ultimate.witnessprinter: Graph data architecture -> 64bit
Applying setting for plugin de.uni_freiburg.informatik.ultimate.witnessprinter: Graph data programhash -> f24c18312dd99f80e569176abd3201a1a4098ed23d2d12d9cae3fb21060799c6
[2024-07-08 16:25:38,291 INFO  L75    nceAwareModelManager]: Repository-Root is: /tmp
[2024-07-08 16:25:38,321 INFO  L261   ainManager$Toolchain]: [Toolchain 1]: Applicable parser(s) successfully (re)initialized
[2024-07-08 16:25:38,324 INFO  L217   ainManager$Toolchain]: [Toolchain 1]: Toolchain selected.
[2024-07-08 16:25:38,325 INFO  L270        PluginConnector]: Initializing CDTParser...
[2024-07-08 16:25:38,325 INFO  L274        PluginConnector]: CDTParser initialized
[2024-07-08 16:25:38,327 INFO  L431   ainManager$Toolchain]: [Toolchain 1]: Parsing single file: /home/qingshi1019/UAutomizer/repositories/uftrace.i
[2024-07-08 16:25:39,700 INFO  L533              CDTParser]: Created temporary CDT project at NULL
[2024-07-08 16:25:40,449 INFO  L384              CDTParser]: Found 1 translation units.
[2024-07-08 16:25:40,450 INFO  L180              CDTParser]: Scanning /home/qingshi1019/UAutomizer/repositories/uftrace.i
[2024-07-08 16:25:40,542 INFO  L427              CDTParser]: About to delete temporary CDT project at /home/qingshi1019/UAutomizer/data/3fccc6692/160c19aa89ec4fcb8492bfdb22ff0a65/FLAG93ffb0e23
[2024-07-08 16:25:40,566 INFO  L435              CDTParser]: Successfully deleted /home/qingshi1019/UAutomizer/data/3fccc6692/160c19aa89ec4fcb8492bfdb22ff0a65
[2024-07-08 16:25:40,570 INFO  L299   ainManager$Toolchain]: ####################### [Toolchain 1] #######################
[2024-07-08 16:25:40,572 INFO  L133        ToolchainWalker]: Walking toolchain with 6 elements.
[2024-07-08 16:25:40,573 INFO  L112        PluginConnector]: ------------------------CACSL2BoogieTranslator----------------------------
[2024-07-08 16:25:40,573 INFO  L270        PluginConnector]: Initializing CACSL2BoogieTranslator...
[2024-07-08 16:25:40,580 INFO  L274        PluginConnector]: CACSL2BoogieTranslator initialized
[2024-07-08 16:25:40,581 INFO  L184        PluginConnector]: Executing the observer ACSLObjectContainerObserver from plugin CACSL2BoogieTranslator for "CDTParser AST 08.07 04:25:40" (1/1) ...
[2024-07-08 16:25:40,582 INFO  L204        PluginConnector]: Invalid model from CACSL2BoogieTranslator for observer de.uni_freiburg.informatik.ultimate.plugins.generator.cacsl2boogietranslator.ACSLObjectContainerObserver@31958d5c and model type de.uni_freiburg.informatik.ultimate.plugins.generator.cacsl2boogietranslator AST 08.07 04:25:40, skipping insertion in model container
[2024-07-08 16:25:40,582 INFO  L184        PluginConnector]: Executing the observer CACSL2BoogieTranslatorObserver from plugin CACSL2BoogieTranslator for "CDTParser AST 08.07 04:25:40" (1/1) ...
[2024-07-08 16:25:40,804 INFO  L177         MainTranslator]: Built tables and reachable declarations
[2024-07-08 16:25:42,071 WARN  L638        FunctionHandler]: implicit declaration of function __builtin___sprintf_chk
[2024-07-08 16:25:42,074 WARN  L638        FunctionHandler]: implicit declaration of function __builtin_va_arg_pack
[2024-07-08 16:25:42,075 WARN  L638        FunctionHandler]: implicit declaration of function __builtin___vsprintf_chk
[2024-07-08 16:25:42,094 WARN  L638        FunctionHandler]: implicit declaration of function __builtin___snprintf_chk
[2024-07-08 16:25:42,096 WARN  L638        FunctionHandler]: implicit declaration of function __builtin___vsnprintf_chk
[2024-07-08 16:25:42,430 ERROR L324         MainTranslator]: Unsupported Syntax: Undefined type _Float32
[2024-07-08 16:25:42,431 INFO  L204        PluginConnector]: Invalid model from CACSL2BoogieTranslator for observer de.uni_freiburg.informatik.ultimate.plugins.generator.cacsl2boogietranslator.CACSL2BoogieTranslatorObserver@56cc9106 and model type de.uni_freiburg.informatik.ultimate.plugins.generator.cacsl2boogietranslator AST 08.07 04:25:42, skipping insertion in model container
[2024-07-08 16:25:42,431 INFO  L131        PluginConnector]: ------------------------ END CACSL2BoogieTranslator----------------------------
[2024-07-08 16:25:42,432 INFO  L186        ToolchainWalker]: Toolchain execution was canceled (user or tool) before executing de.uni_freiburg.informatik.ultimate.boogie.procedureinliner
[2024-07-08 16:25:42,434 INFO  L158              Benchmark]: Toolchain (without parser) took 1861.30ms. Allocated memory is still 86.0MB. Free memory was 48.9MB in the beginning and 47.3MB in the end (delta: 1.6MB). Peak memory consumption was 19.7MB. Max. memory is 16.1GB.
[2024-07-08 16:25:42,435 INFO  L158              Benchmark]: CDTParser took 0.23ms. Allocated memory is still 50.3MB. Free memory was 26.5MB in the beginning and 26.4MB in the end (delta: 52.5kB). There was no memory consumed. Max. memory is 16.1GB.
[2024-07-08 16:25:42,436 INFO  L158              Benchmark]: CACSL2BoogieTranslator took 1858.26ms. Allocated memory is still 86.0MB. Free memory was 48.6MB in the beginning and 47.3MB in the end (delta: 1.3MB). Peak memory consumption was 17.6MB. Max. memory is 16.1GB.
[2024-07-08 16:25:42,437 INFO  L338   ainManager$Toolchain]: #######################  End [Toolchain 1] #######################
 --- Results ---
 * Results from de.uni_freiburg.informatik.ultimate.core:
  - StatisticsResult: Toolchain Benchmarks
    Benchmark results are:
 * CDTParser took 0.23ms. Allocated memory is still 50.3MB. Free memory was 26.5MB in the beginning and 26.4MB in the end (delta: 52.5kB). There was no memory consumed. Max. memory is 16.1GB.
 * CACSL2BoogieTranslator took 1858.26ms. Allocated memory is still 86.0MB. Free memory was 48.6MB in the beginning and 47.3MB in the end (delta: 1.3MB). Peak memory consumption was 17.6MB. Max. memory is 16.1GB.
 * Results from de.uni_freiburg.informatik.ultimate.plugins.generator.cacsl2boogietranslator:
  - UnsupportedSyntaxResult [Line: 1417]: Unsupported Syntax
    Undefined type _Float32
RESULT: Ultimate could not prove your program: Toolchain returned no result.
Received shutdown request...
