This is Ultimate 0.2.4-dev-0e0057c
[2024-10-22 22:29:33,691 INFO  L188        SettingsManager]: Resetting all preferences to default values...
[2024-10-22 22:29:33,797 INFO  L114        SettingsManager]: Loading settings from /home/qingshi1019/UAutomizer/config/svcomp-Overflow-64bit-Automizer_Default.epf
[2024-10-22 22:29:33,806 WARN  L101        SettingsManager]: Preference file contains the following unknown settings:
[2024-10-22 22:29:33,807 WARN  L103        SettingsManager]:   * .-Dinclude.path
[2024-10-22 22:29:33,808 WARN  L103        SettingsManager]:   * de.uni_freiburg.informatik.ultimate.core.Log level for class
[2024-10-22 22:29:33,857 INFO  L130        SettingsManager]: Preferences different from defaults after loading the file:
[2024-10-22 22:29:33,858 INFO  L151        SettingsManager]: Preferences of UltimateCore differ from their defaults:
[2024-10-22 22:29:33,859 INFO  L153        SettingsManager]:  * Log level for class=de.uni_freiburg.informatik.ultimate.lib.smtlibutils.quantifier.QuantifierPusher=ERROR;
[2024-10-22 22:29:33,861 INFO  L151        SettingsManager]: Preferences of Boogie Preprocessor differ from their defaults:
[2024-10-22 22:29:33,862 INFO  L153        SettingsManager]:  * Use memory slicer=true
[2024-10-22 22:29:33,864 INFO  L151        SettingsManager]: Preferences of Boogie Procedure Inliner differ from their defaults:
[2024-10-22 22:29:33,865 INFO  L153        SettingsManager]:  * Ignore calls to procedures called more than once=ONLY_FOR_SEQUENTIAL_PROGRAMS
[2024-10-22 22:29:33,866 INFO  L151        SettingsManager]: Preferences of BlockEncodingV2 differ from their defaults:
[2024-10-22 22:29:33,867 INFO  L153        SettingsManager]:  * Create parallel compositions if possible=false
[2024-10-22 22:29:33,868 INFO  L153        SettingsManager]:  * Use SBE=true
[2024-10-22 22:29:33,869 INFO  L151        SettingsManager]: Preferences of CACSL2BoogieTranslator differ from their defaults:
[2024-10-22 22:29:33,870 INFO  L153        SettingsManager]:  * Pointer base address is valid at dereference=IGNORE
[2024-10-22 22:29:33,871 INFO  L153        SettingsManager]:  * Overapproximate operations on floating types=true
[2024-10-22 22:29:33,872 INFO  L153        SettingsManager]:  * Check division by zero=IGNORE
[2024-10-22 22:29:33,872 INFO  L153        SettingsManager]:  * Pointer to allocated memory at dereference=IGNORE
[2024-10-22 22:29:33,873 INFO  L153        SettingsManager]:  * If two pointers are subtracted or compared they have the same base address=IGNORE
[2024-10-22 22:29:33,873 INFO  L153        SettingsManager]:  * Check array bounds for arrays that are off heap=IGNORE
[2024-10-22 22:29:33,874 INFO  L153        SettingsManager]:  * Check absence of signed integer overflows=true
[2024-10-22 22:29:33,874 INFO  L153        SettingsManager]:  * Check unreachability of reach_error function=false
[2024-10-22 22:29:33,874 INFO  L153        SettingsManager]:  * Check if freed pointer was valid=false
[2024-10-22 22:29:33,875 INFO  L153        SettingsManager]:  * Use constant arrays=true
[2024-10-22 22:29:33,875 INFO  L151        SettingsManager]: Preferences of RCFGBuilder differ from their defaults:
[2024-10-22 22:29:33,876 INFO  L153        SettingsManager]:  * Size of a code block=SequenceOfStatements
[2024-10-22 22:29:33,876 INFO  L153        SettingsManager]:  * Only consider context switches at boundaries of atomic blocks=true
[2024-10-22 22:29:33,876 INFO  L153        SettingsManager]:  * SMT solver=External_DefaultMode
[2024-10-22 22:29:33,877 INFO  L153        SettingsManager]:  * Command for external solver=z3 SMTLIB2_COMPLIANT=true -memory:2024 -smt2 -in -t:4000
[2024-10-22 22:29:33,878 INFO  L151        SettingsManager]: Preferences of TraceAbstraction differ from their defaults:
[2024-10-22 22:29:33,878 INFO  L153        SettingsManager]:  * Compute Interpolants along a Counterexample=FPandBP
[2024-10-22 22:29:33,879 INFO  L153        SettingsManager]:  * Positions where we compute the Hoare Annotation=LoopHeads
[2024-10-22 22:29:33,879 INFO  L153        SettingsManager]:  * Trace refinement strategy=CAMEL
[2024-10-22 22:29:33,880 INFO  L153        SettingsManager]:  * Command for external solver=z3 SMTLIB2_COMPLIANT=true -memory:2024 -smt2 -in
[2024-10-22 22:29:33,881 INFO  L153        SettingsManager]:  * Apply one-shot large block encoding in concurrent analysis=false
[2024-10-22 22:29:33,881 INFO  L153        SettingsManager]:  * Automaton type used in concurrency analysis=PETRI_NET
[2024-10-22 22:29:33,882 INFO  L153        SettingsManager]:  * Compute Hoare Annotation of negated interpolant automaton, abstraction and CFG=true
[2024-10-22 22:29:33,882 INFO  L153        SettingsManager]:  * Order on configurations for Petri net unfoldings=DBO
[2024-10-22 22:29:33,883 INFO  L153        SettingsManager]:  * SMT solver=External_ModelsAndUnsatCoreMode
[2024-10-22 22:29:33,884 INFO  L153        SettingsManager]:  * Looper check in Petri net analysis=SEMANTIC
WARNING: An illegal reflective access operation has occurred
WARNING: Illegal reflective access by com.sun.xml.bind.v2.runtime.reflect.opt.Injector$1 (file:/home/qingshi1019/UAutomizer/plugins/com.sun.xml.bind_2.2.0.v201505121915.jar) to method java.lang.ClassLoader.defineClass(java.lang.String,byte[],int,int)
WARNING: Please consider reporting this to the maintainers of com.sun.xml.bind.v2.runtime.reflect.opt.Injector$1
WARNING: Use --illegal-access=warn to enable warnings of further illegal reflective access operations
WARNING: All illegal access operations will be denied in a future release
Applying setting for plugin de.uni_freiburg.informatik.ultimate.plugins.generator.cacsl2boogietranslator: Entry function -> main
Applying setting for plugin de.uni_freiburg.informatik.ultimate.witnessprinter: Witness directory -> /home/qingshi1019/UAutomizer
Applying setting for plugin de.uni_freiburg.informatik.ultimate.witnessprinter: Witness filename -> witness
Applying setting for plugin de.uni_freiburg.informatik.ultimate.witnessprinter: Write witness besides input file -> false
Applying setting for plugin de.uni_freiburg.informatik.ultimate.witnessprinter: Graph data specification -> CHECK( init(main()), LTL(G ! overflow) )


Applying setting for plugin de.uni_freiburg.informatik.ultimate.witnessprinter: Graph data producer -> Automizer
Applying setting for plugin de.uni_freiburg.informatik.ultimate.witnessprinter: Graph data architecture -> 64bit
Applying setting for plugin de.uni_freiburg.informatik.ultimate.witnessprinter: Graph data programhash -> e3fa26b9d2b0d3ad3e3f203fc3373865210dc149b1333b99dbaa9083ab10415f
[2024-10-22 22:29:34,276 INFO  L75    nceAwareModelManager]: Repository-Root is: /tmp
[2024-10-22 22:29:34,315 INFO  L261   ainManager$Toolchain]: [Toolchain 1]: Applicable parser(s) successfully (re)initialized
[2024-10-22 22:29:34,322 INFO  L217   ainManager$Toolchain]: [Toolchain 1]: Toolchain selected.
[2024-10-22 22:29:34,325 INFO  L270        PluginConnector]: Initializing CDTParser...
[2024-10-22 22:29:34,326 INFO  L274        PluginConnector]: CDTParser initialized
[2024-10-22 22:29:34,329 INFO  L431   ainManager$Toolchain]: [Toolchain 1]: Parsing single file: /home/qingshi1019/UAutomizer/corefreqd_replaced_FloatN.i
[2024-10-22 22:29:35,835 INFO  L533              CDTParser]: Created temporary CDT project at NULL
[2024-10-22 22:29:36,592 INFO  L384              CDTParser]: Found 1 translation units.
[2024-10-22 22:29:36,593 INFO  L180              CDTParser]: Scanning /home/qingshi1019/UAutomizer/corefreqd_replaced_FloatN.i
[2024-10-22 22:29:36,655 INFO  L427              CDTParser]: About to delete temporary CDT project at /home/qingshi1019/UAutomizer/data/21cfdbc70/5aa34115957d4ac3b3e17be6b91c2db0/FLAG33b7408ec
[2024-10-22 22:29:36,960 INFO  L435              CDTParser]: Successfully deleted /home/qingshi1019/UAutomizer/data/21cfdbc70/5aa34115957d4ac3b3e17be6b91c2db0
[2024-10-22 22:29:36,970 INFO  L299   ainManager$Toolchain]: ####################### [Toolchain 1] #######################
[2024-10-22 22:29:36,976 INFO  L133        ToolchainWalker]: Walking toolchain with 6 elements.
[2024-10-22 22:29:36,980 INFO  L112        PluginConnector]: ------------------------CACSL2BoogieTranslator----------------------------
[2024-10-22 22:29:36,981 INFO  L270        PluginConnector]: Initializing CACSL2BoogieTranslator...
[2024-10-22 22:29:37,002 INFO  L274        PluginConnector]: CACSL2BoogieTranslator initialized
[2024-10-22 22:29:37,005 INFO  L184        PluginConnector]: Executing the observer ACSLObjectContainerObserver from plugin CACSL2BoogieTranslator for "CDTParser AST 22.10 10:29:36" (1/1) ...
[2024-10-22 22:29:37,010 INFO  L204        PluginConnector]: Invalid model from CACSL2BoogieTranslator for observer de.uni_freiburg.informatik.ultimate.plugins.generator.cacsl2boogietranslator.ACSLObjectContainerObserver@44c6e809 and model type de.uni_freiburg.informatik.ultimate.plugins.generator.cacsl2boogietranslator AST 22.10 10:29:37, skipping insertion in model container
[2024-10-22 22:29:37,011 INFO  L184        PluginConnector]: Executing the observer CACSL2BoogieTranslatorObserver from plugin CACSL2BoogieTranslator for "CDTParser AST 22.10 10:29:36" (1/1) ...
[2024-10-22 22:29:37,301 INFO  L177         MainTranslator]: Built tables and reachable declarations
[2024-10-22 22:29:37,607 ERROR L324         MainTranslator]: Unsupported Syntax: Undefined type _Float32x
[2024-10-22 22:29:37,608 INFO  L204        PluginConnector]: Invalid model from CACSL2BoogieTranslator for observer de.uni_freiburg.informatik.ultimate.plugins.generator.cacsl2boogietranslator.CACSL2BoogieTranslatorObserver@6a3948ce and model type de.uni_freiburg.informatik.ultimate.plugins.generator.cacsl2boogietranslator AST 22.10 10:29:37, skipping insertion in model container
[2024-10-22 22:29:37,608 INFO  L131        PluginConnector]: ------------------------ END CACSL2BoogieTranslator----------------------------
[2024-10-22 22:29:37,609 INFO  L186        ToolchainWalker]: Toolchain execution was canceled (user or tool) before executing de.uni_freiburg.informatik.ultimate.boogie.procedureinliner
[2024-10-22 22:29:37,612 INFO  L158              Benchmark]: Toolchain (without parser) took 636.93ms. Allocated memory was 71.3MB in the beginning and 86.0MB in the end (delta: 14.7MB). Free memory was 43.6MB in the beginning and 56.3MB in the end (delta: -12.7MB). Peak memory consumption was 22.0MB. Max. memory is 16.1GB.
[2024-10-22 22:29:37,613 INFO  L158              Benchmark]: CDTParser took 0.41ms. Allocated memory is still 50.3MB. Free memory is still 25.6MB. There was no memory consumed. Max. memory is 16.1GB.
[2024-10-22 22:29:37,614 INFO  L158              Benchmark]: CACSL2BoogieTranslator took 628.71ms. Allocated memory was 71.3MB in the beginning and 86.0MB in the end (delta: 14.7MB). Free memory was 43.4MB in the beginning and 56.3MB in the end (delta: -12.9MB). Peak memory consumption was 22.0MB. Max. memory is 16.1GB.
[2024-10-22 22:29:37,616 INFO  L338   ainManager$Toolchain]: #######################  End [Toolchain 1] #######################
 --- Results ---
 * Results from de.uni_freiburg.informatik.ultimate.core:
  - StatisticsResult: Toolchain Benchmarks
    Benchmark results are:
 * CDTParser took 0.41ms. Allocated memory is still 50.3MB. Free memory is still 25.6MB. There was no memory consumed. Max. memory is 16.1GB.
 * CACSL2BoogieTranslator took 628.71ms. Allocated memory was 71.3MB in the beginning and 86.0MB in the end (delta: 14.7MB). Free memory was 43.4MB in the beginning and 56.3MB in the end (delta: -12.9MB). Peak memory consumption was 22.0MB. Max. memory is 16.1GB.
 * Results from de.uni_freiburg.informatik.ultimate.plugins.generator.cacsl2boogietranslator:
  - UnsupportedSyntaxResult [Line: 163]: Unsupported Syntax
    Undefined type _Float32x
RESULT: Ultimate could not prove your program: Toolchain returned no result.
Received shutdown request...

### Bit-precise run ###
This is Ultimate 0.2.4-dev-0e0057c
[2024-10-22 22:29:40,027 INFO  L188        SettingsManager]: Resetting all preferences to default values...
[2024-10-22 22:29:40,119 INFO  L114        SettingsManager]: Loading settings from /home/qingshi1019/UAutomizer/config/svcomp-Overflow-64bit-Automizer_Bitvector.epf
[2024-10-22 22:29:40,130 WARN  L101        SettingsManager]: Preference file contains the following unknown settings:
[2024-10-22 22:29:40,131 WARN  L103        SettingsManager]:   * .-Dinclude.path
[2024-10-22 22:29:40,133 WARN  L103        SettingsManager]:   * de.uni_freiburg.informatik.ultimate.core.Log level for class
[2024-10-22 22:29:40,134 WARN  L103        SettingsManager]:   * de.uni_freiburg.informatik.ultimate.plugins.generator.cacsl2boogietranslator.Checked method. Library mode if empty.
[2024-10-22 22:29:40,181 INFO  L130        SettingsManager]: Preferences different from defaults after loading the file:
[2024-10-22 22:29:40,182 INFO  L151        SettingsManager]: Preferences of UltimateCore differ from their defaults:
[2024-10-22 22:29:40,183 INFO  L153        SettingsManager]:  * Log level for class=de.uni_freiburg.informatik.ultimate.lib.smtlibutils.quantifier.QuantifierPusher=ERROR;
[2024-10-22 22:29:40,184 INFO  L151        SettingsManager]: Preferences of Boogie Preprocessor differ from their defaults:
[2024-10-22 22:29:40,185 INFO  L153        SettingsManager]:  * Use memory slicer=true
[2024-10-22 22:29:40,185 INFO  L151        SettingsManager]: Preferences of Boogie Procedure Inliner differ from their defaults:
[2024-10-22 22:29:40,186 INFO  L153        SettingsManager]:  * Ignore calls to procedures called more than once=ONLY_FOR_SEQUENTIAL_PROGRAMS
[2024-10-22 22:29:40,187 INFO  L151        SettingsManager]: Preferences of BlockEncodingV2 differ from their defaults:
[2024-10-22 22:29:40,187 INFO  L153        SettingsManager]:  * Create parallel compositions if possible=false
[2024-10-22 22:29:40,188 INFO  L153        SettingsManager]:  * Use SBE=true
[2024-10-22 22:29:40,189 INFO  L151        SettingsManager]: Preferences of CACSL2BoogieTranslator differ from their defaults:
[2024-10-22 22:29:40,189 INFO  L153        SettingsManager]:  * Pointer base address is valid at dereference=IGNORE
[2024-10-22 22:29:40,190 INFO  L153        SettingsManager]:  * Check division by zero=IGNORE
[2024-10-22 22:29:40,190 INFO  L153        SettingsManager]:  * Pointer to allocated memory at dereference=IGNORE
[2024-10-22 22:29:40,191 INFO  L153        SettingsManager]:  * If two pointers are subtracted or compared they have the same base address=IGNORE
[2024-10-22 22:29:40,192 INFO  L153        SettingsManager]:  * Check array bounds for arrays that are off heap=IGNORE
[2024-10-22 22:29:40,194 INFO  L153        SettingsManager]:  * Adapt memory model on pointer casts if necessary=true
[2024-10-22 22:29:40,195 INFO  L153        SettingsManager]:  * Use bitvectors instead of ints=true
[2024-10-22 22:29:40,195 INFO  L153        SettingsManager]:  * Check absence of signed integer overflows=true
[2024-10-22 22:29:40,196 INFO  L153        SettingsManager]:  * Memory model=HoenickeLindenmann_4ByteResolution
[2024-10-22 22:29:40,196 INFO  L153        SettingsManager]:  * Check unreachability of reach_error function=false
[2024-10-22 22:29:40,197 INFO  L153        SettingsManager]:  * Check if freed pointer was valid=false
[2024-10-22 22:29:40,197 INFO  L153        SettingsManager]:  * Use constant arrays=true
[2024-10-22 22:29:40,197 INFO  L151        SettingsManager]: Preferences of RCFGBuilder differ from their defaults:
[2024-10-22 22:29:40,198 INFO  L153        SettingsManager]:  * Size of a code block=SequenceOfStatements
[2024-10-22 22:29:40,198 INFO  L153        SettingsManager]:  * Only consider context switches at boundaries of atomic blocks=true
[2024-10-22 22:29:40,199 INFO  L153        SettingsManager]:  * SMT solver=External_DefaultMode
[2024-10-22 22:29:40,199 INFO  L153        SettingsManager]:  * Command for external solver=z3 SMTLIB2_COMPLIANT=true -memory:2024 -smt2 -in -t:4000
[2024-10-22 22:29:40,200 INFO  L151        SettingsManager]: Preferences of TraceAbstraction differ from their defaults:
[2024-10-22 22:29:40,200 INFO  L153        SettingsManager]:  * Compute Interpolants along a Counterexample=FPandBP
[2024-10-22 22:29:40,201 INFO  L153        SettingsManager]:  * Positions where we compute the Hoare Annotation=LoopHeads
[2024-10-22 22:29:40,202 INFO  L153        SettingsManager]:  * Trace refinement strategy=WOLF
[2024-10-22 22:29:40,202 INFO  L153        SettingsManager]:  * Command for external solver=cvc4 --incremental --print-success --lang smt 
[2024-10-22 22:29:40,202 INFO  L153        SettingsManager]:  * Apply one-shot large block encoding in concurrent analysis=false
[2024-10-22 22:29:40,203 INFO  L153        SettingsManager]:  * Automaton type used in concurrency analysis=PETRI_NET
[2024-10-22 22:29:40,203 INFO  L153        SettingsManager]:  * Compute Hoare Annotation of negated interpolant automaton, abstraction and CFG=true
[2024-10-22 22:29:40,203 INFO  L153        SettingsManager]:  * Order on configurations for Petri net unfoldings=DBO
[2024-10-22 22:29:40,204 INFO  L153        SettingsManager]:  * SMT solver=External_ModelsAndUnsatCoreMode
[2024-10-22 22:29:40,204 INFO  L153        SettingsManager]:  * Logic for external solver=AUFBV
[2024-10-22 22:29:40,204 INFO  L153        SettingsManager]:  * Looper check in Petri net analysis=SEMANTIC
WARNING: An illegal reflective access operation has occurred
WARNING: Illegal reflective access by com.sun.xml.bind.v2.runtime.reflect.opt.Injector$1 (file:/home/qingshi1019/UAutomizer/plugins/com.sun.xml.bind_2.2.0.v201505121915.jar) to method java.lang.ClassLoader.defineClass(java.lang.String,byte[],int,int)
WARNING: Please consider reporting this to the maintainers of com.sun.xml.bind.v2.runtime.reflect.opt.Injector$1
WARNING: Use --illegal-access=warn to enable warnings of further illegal reflective access operations
WARNING: All illegal access operations will be denied in a future release
Applying setting for plugin de.uni_freiburg.informatik.ultimate.plugins.generator.cacsl2boogietranslator: Entry function -> main
Applying setting for plugin de.uni_freiburg.informatik.ultimate.witnessprinter: Witness directory -> /home/qingshi1019/UAutomizer
Applying setting for plugin de.uni_freiburg.informatik.ultimate.witnessprinter: Witness filename -> witness
Applying setting for plugin de.uni_freiburg.informatik.ultimate.witnessprinter: Write witness besides input file -> false
Applying setting for plugin de.uni_freiburg.informatik.ultimate.witnessprinter: Graph data specification -> CHECK( init(main()), LTL(G ! overflow) )


Applying setting for plugin de.uni_freiburg.informatik.ultimate.witnessprinter: Graph data producer -> Automizer
Applying setting for plugin de.uni_freiburg.informatik.ultimate.witnessprinter: Graph data architecture -> 64bit
Applying setting for plugin de.uni_freiburg.informatik.ultimate.witnessprinter: Graph data programhash -> e3fa26b9d2b0d3ad3e3f203fc3373865210dc149b1333b99dbaa9083ab10415f
[2024-10-22 22:29:40,634 INFO  L75    nceAwareModelManager]: Repository-Root is: /tmp
[2024-10-22 22:29:40,669 INFO  L261   ainManager$Toolchain]: [Toolchain 1]: Applicable parser(s) successfully (re)initialized
[2024-10-22 22:29:40,674 INFO  L217   ainManager$Toolchain]: [Toolchain 1]: Toolchain selected.
[2024-10-22 22:29:40,677 INFO  L270        PluginConnector]: Initializing CDTParser...
[2024-10-22 22:29:40,678 INFO  L274        PluginConnector]: CDTParser initialized
[2024-10-22 22:29:40,681 INFO  L431   ainManager$Toolchain]: [Toolchain 1]: Parsing single file: /home/qingshi1019/UAutomizer/corefreqd_replaced_FloatN.i
[2024-10-22 22:29:42,197 INFO  L533              CDTParser]: Created temporary CDT project at NULL
[2024-10-22 22:29:42,823 INFO  L384              CDTParser]: Found 1 translation units.
[2024-10-22 22:29:42,824 INFO  L180              CDTParser]: Scanning /home/qingshi1019/UAutomizer/corefreqd_replaced_FloatN.i
[2024-10-22 22:29:42,871 INFO  L427              CDTParser]: About to delete temporary CDT project at /home/qingshi1019/UAutomizer/data/208b3b193/57f11a81a0044a78a2a98e9cc8b22bb3/FLAG4f13ab13a
[2024-10-22 22:29:42,898 INFO  L435              CDTParser]: Successfully deleted /home/qingshi1019/UAutomizer/data/208b3b193/57f11a81a0044a78a2a98e9cc8b22bb3
[2024-10-22 22:29:42,903 INFO  L299   ainManager$Toolchain]: ####################### [Toolchain 1] #######################
[2024-10-22 22:29:42,905 INFO  L133        ToolchainWalker]: Walking toolchain with 6 elements.
[2024-10-22 22:29:42,907 INFO  L112        PluginConnector]: ------------------------CACSL2BoogieTranslator----------------------------
[2024-10-22 22:29:42,907 INFO  L270        PluginConnector]: Initializing CACSL2BoogieTranslator...
[2024-10-22 22:29:42,914 INFO  L274        PluginConnector]: CACSL2BoogieTranslator initialized
[2024-10-22 22:29:42,915 INFO  L184        PluginConnector]: Executing the observer ACSLObjectContainerObserver from plugin CACSL2BoogieTranslator for "CDTParser AST 22.10 10:29:42" (1/1) ...
[2024-10-22 22:29:42,917 INFO  L204        PluginConnector]: Invalid model from CACSL2BoogieTranslator for observer de.uni_freiburg.informatik.ultimate.plugins.generator.cacsl2boogietranslator.ACSLObjectContainerObserver@3be2d803 and model type de.uni_freiburg.informatik.ultimate.plugins.generator.cacsl2boogietranslator AST 22.10 10:29:42, skipping insertion in model container
[2024-10-22 22:29:42,917 INFO  L184        PluginConnector]: Executing the observer CACSL2BoogieTranslatorObserver from plugin CACSL2BoogieTranslator for "CDTParser AST 22.10 10:29:42" (1/1) ...
[2024-10-22 22:29:43,125 INFO  L177         MainTranslator]: Built tables and reachable declarations
[2024-10-22 22:29:43,399 ERROR L324         MainTranslator]: Unsupported Syntax: Undefined type _Float32x
[2024-10-22 22:29:43,399 INFO  L204        PluginConnector]: Invalid model from CACSL2BoogieTranslator for observer de.uni_freiburg.informatik.ultimate.plugins.generator.cacsl2boogietranslator.CACSL2BoogieTranslatorObserver@a0753ce and model type de.uni_freiburg.informatik.ultimate.plugins.generator.cacsl2boogietranslator AST 22.10 10:29:43, skipping insertion in model container
[2024-10-22 22:29:43,400 INFO  L131        PluginConnector]: ------------------------ END CACSL2BoogieTranslator----------------------------
[2024-10-22 22:29:43,400 INFO  L186        ToolchainWalker]: Toolchain execution was canceled (user or tool) before executing de.uni_freiburg.informatik.ultimate.boogie.procedureinliner
[2024-10-22 22:29:43,404 INFO  L158              Benchmark]: Toolchain (without parser) took 497.15ms. Allocated memory was 65.0MB in the beginning and 79.7MB in the end (delta: 14.7MB). Free memory was 36.0MB in the beginning and 45.8MB in the end (delta: -9.8MB). Peak memory consumption was 16.7MB. Max. memory is 16.1GB.
[2024-10-22 22:29:43,404 INFO  L158              Benchmark]: CDTParser took 0.34ms. Allocated memory is still 48.2MB. Free memory was 24.4MB in the beginning and 24.4MB in the end (delta: 54.0kB). There was no memory consumed. Max. memory is 16.1GB.
[2024-10-22 22:29:43,406 INFO  L158              Benchmark]: CACSL2BoogieTranslator took 493.85ms. Allocated memory was 65.0MB in the beginning and 79.7MB in the end (delta: 14.7MB). Free memory was 35.8MB in the beginning and 45.8MB in the end (delta: -10.0MB). Peak memory consumption was 16.7MB. Max. memory is 16.1GB.
[2024-10-22 22:29:43,408 INFO  L338   ainManager$Toolchain]: #######################  End [Toolchain 1] #######################
 --- Results ---
 * Results from de.uni_freiburg.informatik.ultimate.core:
  - StatisticsResult: Toolchain Benchmarks
    Benchmark results are:
 * CDTParser took 0.34ms. Allocated memory is still 48.2MB. Free memory was 24.4MB in the beginning and 24.4MB in the end (delta: 54.0kB). There was no memory consumed. Max. memory is 16.1GB.
 * CACSL2BoogieTranslator took 493.85ms. Allocated memory was 65.0MB in the beginning and 79.7MB in the end (delta: 14.7MB). Free memory was 35.8MB in the beginning and 45.8MB in the end (delta: -10.0MB). Peak memory consumption was 16.7MB. Max. memory is 16.1GB.
 * Results from de.uni_freiburg.informatik.ultimate.plugins.generator.cacsl2boogietranslator:
  - UnsupportedSyntaxResult [Line: 163]: Unsupported Syntax
    Undefined type _Float32x
RESULT: Ultimate could not prove your program: Toolchain returned no result.
Received shutdown request...
