This is Ultimate 0.2.4-dev-0e0057c
[2024-08-23 15:41:01,804 INFO  L188        SettingsManager]: Resetting all preferences to default values...
[2024-08-23 15:41:01,913 INFO  L114        SettingsManager]: Loading settings from /home/qingshi1019/UAutomizer/config/svcomp-Overflow-64bit-Automizer_Default.epf
[2024-08-23 15:41:01,922 WARN  L101        SettingsManager]: Preference file contains the following unknown settings:
[2024-08-23 15:41:01,923 WARN  L103        SettingsManager]:   * .-Dinclude.path
[2024-08-23 15:41:01,923 WARN  L103        SettingsManager]:   * de.uni_freiburg.informatik.ultimate.core.Log level for class
[2024-08-23 15:41:01,961 INFO  L130        SettingsManager]: Preferences different from defaults after loading the file:
[2024-08-23 15:41:01,962 INFO  L151        SettingsManager]: Preferences of UltimateCore differ from their defaults:
[2024-08-23 15:41:01,963 INFO  L153        SettingsManager]:  * Log level for class=de.uni_freiburg.informatik.ultimate.lib.smtlibutils.quantifier.QuantifierPusher=ERROR;
[2024-08-23 15:41:01,964 INFO  L151        SettingsManager]: Preferences of Boogie Preprocessor differ from their defaults:
[2024-08-23 15:41:01,964 INFO  L153        SettingsManager]:  * Use memory slicer=true
[2024-08-23 15:41:01,965 INFO  L151        SettingsManager]: Preferences of Boogie Procedure Inliner differ from their defaults:
[2024-08-23 15:41:01,966 INFO  L153        SettingsManager]:  * Ignore calls to procedures called more than once=ONLY_FOR_SEQUENTIAL_PROGRAMS
[2024-08-23 15:41:01,967 INFO  L151        SettingsManager]: Preferences of BlockEncodingV2 differ from their defaults:
[2024-08-23 15:41:01,968 INFO  L153        SettingsManager]:  * Create parallel compositions if possible=false
[2024-08-23 15:41:01,969 INFO  L153        SettingsManager]:  * Use SBE=true
[2024-08-23 15:41:01,970 INFO  L151        SettingsManager]: Preferences of CACSL2BoogieTranslator differ from their defaults:
[2024-08-23 15:41:01,970 INFO  L153        SettingsManager]:  * Pointer base address is valid at dereference=IGNORE
[2024-08-23 15:41:01,971 INFO  L153        SettingsManager]:  * Overapproximate operations on floating types=true
[2024-08-23 15:41:01,972 INFO  L153        SettingsManager]:  * Check division by zero=IGNORE
[2024-08-23 15:41:01,972 INFO  L153        SettingsManager]:  * Pointer to allocated memory at dereference=IGNORE
[2024-08-23 15:41:01,974 INFO  L153        SettingsManager]:  * If two pointers are subtracted or compared they have the same base address=IGNORE
[2024-08-23 15:41:01,975 INFO  L153        SettingsManager]:  * Check array bounds for arrays that are off heap=IGNORE
[2024-08-23 15:41:01,975 INFO  L153        SettingsManager]:  * Check absence of signed integer overflows=true
[2024-08-23 15:41:01,976 INFO  L153        SettingsManager]:  * Check unreachability of reach_error function=false
[2024-08-23 15:41:01,976 INFO  L153        SettingsManager]:  * Check if freed pointer was valid=false
[2024-08-23 15:41:01,977 INFO  L153        SettingsManager]:  * Use constant arrays=true
[2024-08-23 15:41:01,978 INFO  L151        SettingsManager]: Preferences of RCFGBuilder differ from their defaults:
[2024-08-23 15:41:01,978 INFO  L153        SettingsManager]:  * Size of a code block=SequenceOfStatements
[2024-08-23 15:41:01,979 INFO  L153        SettingsManager]:  * Only consider context switches at boundaries of atomic blocks=true
[2024-08-23 15:41:01,980 INFO  L153        SettingsManager]:  * SMT solver=External_DefaultMode
[2024-08-23 15:41:01,980 INFO  L153        SettingsManager]:  * Command for external solver=z3 SMTLIB2_COMPLIANT=true -memory:2024 -smt2 -in -t:4000
[2024-08-23 15:41:01,981 INFO  L151        SettingsManager]: Preferences of TraceAbstraction differ from their defaults:
[2024-08-23 15:41:01,982 INFO  L153        SettingsManager]:  * Compute Interpolants along a Counterexample=FPandBP
[2024-08-23 15:41:01,982 INFO  L153        SettingsManager]:  * Positions where we compute the Hoare Annotation=LoopHeads
[2024-08-23 15:41:01,983 INFO  L153        SettingsManager]:  * Trace refinement strategy=CAMEL
[2024-08-23 15:41:01,983 INFO  L153        SettingsManager]:  * Command for external solver=z3 SMTLIB2_COMPLIANT=true -memory:2024 -smt2 -in
[2024-08-23 15:41:01,984 INFO  L153        SettingsManager]:  * Apply one-shot large block encoding in concurrent analysis=false
[2024-08-23 15:41:01,985 INFO  L153        SettingsManager]:  * Automaton type used in concurrency analysis=PETRI_NET
[2024-08-23 15:41:01,985 INFO  L153        SettingsManager]:  * Compute Hoare Annotation of negated interpolant automaton, abstraction and CFG=true
[2024-08-23 15:41:01,985 INFO  L153        SettingsManager]:  * Order on configurations for Petri net unfoldings=DBO
[2024-08-23 15:41:01,986 INFO  L153        SettingsManager]:  * SMT solver=External_ModelsAndUnsatCoreMode
[2024-08-23 15:41:01,986 INFO  L153        SettingsManager]:  * Looper check in Petri net analysis=SEMANTIC
WARNING: An illegal reflective access operation has occurred
WARNING: Illegal reflective access by com.sun.xml.bind.v2.runtime.reflect.opt.Injector$1 (file:/home/qingshi1019/UAutomizer/plugins/com.sun.xml.bind_2.2.0.v201505121915.jar) to method java.lang.ClassLoader.defineClass(java.lang.String,byte[],int,int)
WARNING: Please consider reporting this to the maintainers of com.sun.xml.bind.v2.runtime.reflect.opt.Injector$1
WARNING: Use --illegal-access=warn to enable warnings of further illegal reflective access operations
WARNING: All illegal access operations will be denied in a future release
Applying setting for plugin de.uni_freiburg.informatik.ultimate.plugins.generator.cacsl2boogietranslator: Entry function -> main
Applying setting for plugin de.uni_freiburg.informatik.ultimate.witnessprinter: Witness directory -> /home/qingshi1019/UAutomizer
Applying setting for plugin de.uni_freiburg.informatik.ultimate.witnessprinter: Witness filename -> witness
Applying setting for plugin de.uni_freiburg.informatik.ultimate.witnessprinter: Write witness besides input file -> false
Applying setting for plugin de.uni_freiburg.informatik.ultimate.witnessprinter: Graph data specification -> CHECK( init(main()), LTL(G ! overflow) )


Applying setting for plugin de.uni_freiburg.informatik.ultimate.witnessprinter: Graph data producer -> Automizer
Applying setting for plugin de.uni_freiburg.informatik.ultimate.witnessprinter: Graph data architecture -> 64bit
Applying setting for plugin de.uni_freiburg.informatik.ultimate.witnessprinter: Graph data programhash -> 1153443c56bae80f6beeca9d94ee279177b479b95c4965b1967801f1ed92af26
[2024-08-23 15:41:02,393 INFO  L75    nceAwareModelManager]: Repository-Root is: /tmp
[2024-08-23 15:41:02,425 INFO  L261   ainManager$Toolchain]: [Toolchain 1]: Applicable parser(s) successfully (re)initialized
[2024-08-23 15:41:02,429 INFO  L217   ainManager$Toolchain]: [Toolchain 1]: Toolchain selected.
[2024-08-23 15:41:02,432 INFO  L270        PluginConnector]: Initializing CDTParser...
[2024-08-23 15:41:02,433 INFO  L274        PluginConnector]: CDTParser initialized
[2024-08-23 15:41:02,436 INFO  L431   ainManager$Toolchain]: [Toolchain 1]: Parsing single file: /home/qingshi1019/UAutomizer/corefreqd_replaced_all.i
[2024-08-23 15:41:03,829 INFO  L533              CDTParser]: Created temporary CDT project at NULL
[2024-08-23 15:41:04,566 INFO  L384              CDTParser]: Found 1 translation units.
[2024-08-23 15:41:04,568 INFO  L180              CDTParser]: Scanning /home/qingshi1019/UAutomizer/corefreqd_replaced_all.i
[2024-08-23 15:41:04,653 INFO  L427              CDTParser]: About to delete temporary CDT project at /home/qingshi1019/UAutomizer/data/d0bd1d287/57f04ae510b2491594b91e1fac4a72e8/FLAG70e3473d3
[2024-08-23 15:41:04,676 INFO  L435              CDTParser]: Successfully deleted /home/qingshi1019/UAutomizer/data/d0bd1d287/57f04ae510b2491594b91e1fac4a72e8
[2024-08-23 15:41:04,679 INFO  L299   ainManager$Toolchain]: ####################### [Toolchain 1] #######################
[2024-08-23 15:41:04,681 INFO  L133        ToolchainWalker]: Walking toolchain with 6 elements.
[2024-08-23 15:41:04,682 INFO  L112        PluginConnector]: ------------------------CACSL2BoogieTranslator----------------------------
[2024-08-23 15:41:04,683 INFO  L270        PluginConnector]: Initializing CACSL2BoogieTranslator...
[2024-08-23 15:41:04,692 INFO  L274        PluginConnector]: CACSL2BoogieTranslator initialized
[2024-08-23 15:41:04,693 INFO  L184        PluginConnector]: Executing the observer ACSLObjectContainerObserver from plugin CACSL2BoogieTranslator for "CDTParser AST 23.08 03:41:04" (1/1) ...
[2024-08-23 15:41:04,696 INFO  L204        PluginConnector]: Invalid model from CACSL2BoogieTranslator for observer de.uni_freiburg.informatik.ultimate.plugins.generator.cacsl2boogietranslator.ACSLObjectContainerObserver@35c1bd3d and model type de.uni_freiburg.informatik.ultimate.plugins.generator.cacsl2boogietranslator AST 23.08 03:41:04, skipping insertion in model container
[2024-08-23 15:41:04,696 INFO  L184        PluginConnector]: Executing the observer CACSL2BoogieTranslatorObserver from plugin CACSL2BoogieTranslator for "CDTParser AST 23.08 03:41:04" (1/1) ...
[2024-08-23 15:41:04,863 INFO  L177         MainTranslator]: Built tables and reachable declarations
[2024-08-23 15:41:08,317 ERROR L324         MainTranslator]: Incorrect Syntax: Unable to translate int! For input string: "b1000"
[2024-08-23 15:41:08,318 INFO  L204        PluginConnector]: Invalid model from CACSL2BoogieTranslator for observer de.uni_freiburg.informatik.ultimate.plugins.generator.cacsl2boogietranslator.CACSL2BoogieTranslatorObserver@2bbe3806 and model type de.uni_freiburg.informatik.ultimate.plugins.generator.cacsl2boogietranslator AST 23.08 03:41:08, skipping insertion in model container
[2024-08-23 15:41:08,318 INFO  L131        PluginConnector]: ------------------------ END CACSL2BoogieTranslator----------------------------
[2024-08-23 15:41:08,319 INFO  L186        ToolchainWalker]: Toolchain execution was canceled (user or tool) before executing de.uni_freiburg.informatik.ultimate.boogie.procedureinliner
[2024-08-23 15:41:08,321 INFO  L158              Benchmark]: Toolchain (without parser) took 3639.26ms. Allocated memory was 77.6MB in the beginning and 94.4MB in the end (delta: 16.8MB). Free memory was 39.1MB in the beginning and 43.9MB in the end (delta: -4.8MB). Peak memory consumption was 13.1MB. Max. memory is 16.1GB.
[2024-08-23 15:41:08,322 INFO  L158              Benchmark]: CDTParser took 0.53ms. Allocated memory is still 58.7MB. Free memory is still 34.1MB. There was no memory consumed. Max. memory is 16.1GB.
[2024-08-23 15:41:08,323 INFO  L158              Benchmark]: CACSL2BoogieTranslator took 3636.33ms. Allocated memory was 77.6MB in the beginning and 94.4MB in the end (delta: 16.8MB). Free memory was 38.9MB in the beginning and 43.9MB in the end (delta: -4.9MB). Peak memory consumption was 13.1MB. Max. memory is 16.1GB.
[2024-08-23 15:41:08,326 INFO  L338   ainManager$Toolchain]: #######################  End [Toolchain 1] #######################
 --- Results ---
 * Results from de.uni_freiburg.informatik.ultimate.core:
  - StatisticsResult: Toolchain Benchmarks
    Benchmark results are:
 * CDTParser took 0.53ms. Allocated memory is still 58.7MB. Free memory is still 34.1MB. There was no memory consumed. Max. memory is 16.1GB.
 * CACSL2BoogieTranslator took 3636.33ms. Allocated memory was 77.6MB in the beginning and 94.4MB in the end (delta: 16.8MB). Free memory was 38.9MB in the beginning and 43.9MB in the end (delta: -4.9MB). Peak memory consumption was 13.1MB. Max. memory is 16.1GB.
 * Results from de.uni_freiburg.informatik.ultimate.plugins.generator.cacsl2boogietranslator:
  - SyntaxErrorResult [Line: 7133]: Incorrect Syntax
    Unable to translate int! For input string: "b1000"
RESULT: Ultimate could not prove your program: Incorrect Syntax
Received shutdown request...

### Bit-precise run ###
This is Ultimate 0.2.4-dev-0e0057c
[2024-08-23 15:41:10,289 INFO  L188        SettingsManager]: Resetting all preferences to default values...
[2024-08-23 15:41:10,396 INFO  L114        SettingsManager]: Loading settings from /home/qingshi1019/UAutomizer/config/svcomp-Overflow-64bit-Automizer_Bitvector.epf
[2024-08-23 15:41:10,405 WARN  L101        SettingsManager]: Preference file contains the following unknown settings:
[2024-08-23 15:41:10,406 WARN  L103        SettingsManager]:   * .-Dinclude.path
[2024-08-23 15:41:10,407 WARN  L103        SettingsManager]:   * de.uni_freiburg.informatik.ultimate.core.Log level for class
[2024-08-23 15:41:10,408 WARN  L103        SettingsManager]:   * de.uni_freiburg.informatik.ultimate.plugins.generator.cacsl2boogietranslator.Checked method. Library mode if empty.
[2024-08-23 15:41:10,451 INFO  L130        SettingsManager]: Preferences different from defaults after loading the file:
[2024-08-23 15:41:10,452 INFO  L151        SettingsManager]: Preferences of UltimateCore differ from their defaults:
[2024-08-23 15:41:10,452 INFO  L153        SettingsManager]:  * Log level for class=de.uni_freiburg.informatik.ultimate.lib.smtlibutils.quantifier.QuantifierPusher=ERROR;
[2024-08-23 15:41:10,453 INFO  L151        SettingsManager]: Preferences of Boogie Preprocessor differ from their defaults:
[2024-08-23 15:41:10,454 INFO  L153        SettingsManager]:  * Use memory slicer=true
[2024-08-23 15:41:10,455 INFO  L151        SettingsManager]: Preferences of Boogie Procedure Inliner differ from their defaults:
[2024-08-23 15:41:10,455 INFO  L153        SettingsManager]:  * Ignore calls to procedures called more than once=ONLY_FOR_SEQUENTIAL_PROGRAMS
[2024-08-23 15:41:10,457 INFO  L151        SettingsManager]: Preferences of BlockEncodingV2 differ from their defaults:
[2024-08-23 15:41:10,458 INFO  L153        SettingsManager]:  * Create parallel compositions if possible=false
[2024-08-23 15:41:10,459 INFO  L153        SettingsManager]:  * Use SBE=true
[2024-08-23 15:41:10,460 INFO  L151        SettingsManager]: Preferences of CACSL2BoogieTranslator differ from their defaults:
[2024-08-23 15:41:10,461 INFO  L153        SettingsManager]:  * Pointer base address is valid at dereference=IGNORE
[2024-08-23 15:41:10,461 INFO  L153        SettingsManager]:  * Check division by zero=IGNORE
[2024-08-23 15:41:10,462 INFO  L153        SettingsManager]:  * Pointer to allocated memory at dereference=IGNORE
[2024-08-23 15:41:10,463 INFO  L153        SettingsManager]:  * If two pointers are subtracted or compared they have the same base address=IGNORE
[2024-08-23 15:41:10,464 INFO  L153        SettingsManager]:  * Check array bounds for arrays that are off heap=IGNORE
[2024-08-23 15:41:10,464 INFO  L153        SettingsManager]:  * Adapt memory model on pointer casts if necessary=true
[2024-08-23 15:41:10,465 INFO  L153        SettingsManager]:  * Use bitvectors instead of ints=true
[2024-08-23 15:41:10,465 INFO  L153        SettingsManager]:  * Check absence of signed integer overflows=true
[2024-08-23 15:41:10,466 INFO  L153        SettingsManager]:  * Memory model=HoenickeLindenmann_4ByteResolution
[2024-08-23 15:41:10,466 INFO  L153        SettingsManager]:  * Check unreachability of reach_error function=false
[2024-08-23 15:41:10,467 INFO  L153        SettingsManager]:  * Check if freed pointer was valid=false
[2024-08-23 15:41:10,467 INFO  L153        SettingsManager]:  * Use constant arrays=true
[2024-08-23 15:41:10,468 INFO  L151        SettingsManager]: Preferences of RCFGBuilder differ from their defaults:
[2024-08-23 15:41:10,469 INFO  L153        SettingsManager]:  * Size of a code block=SequenceOfStatements
[2024-08-23 15:41:10,469 INFO  L153        SettingsManager]:  * Only consider context switches at boundaries of atomic blocks=true
[2024-08-23 15:41:10,470 INFO  L153        SettingsManager]:  * SMT solver=External_DefaultMode
[2024-08-23 15:41:10,470 INFO  L153        SettingsManager]:  * Command for external solver=z3 SMTLIB2_COMPLIANT=true -memory:2024 -smt2 -in -t:4000
[2024-08-23 15:41:10,471 INFO  L151        SettingsManager]: Preferences of TraceAbstraction differ from their defaults:
[2024-08-23 15:41:10,471 INFO  L153        SettingsManager]:  * Compute Interpolants along a Counterexample=FPandBP
[2024-08-23 15:41:10,471 INFO  L153        SettingsManager]:  * Positions where we compute the Hoare Annotation=LoopHeads
[2024-08-23 15:41:10,472 INFO  L153        SettingsManager]:  * Trace refinement strategy=WOLF
[2024-08-23 15:41:10,472 INFO  L153        SettingsManager]:  * Command for external solver=cvc4 --incremental --print-success --lang smt 
[2024-08-23 15:41:10,473 INFO  L153        SettingsManager]:  * Apply one-shot large block encoding in concurrent analysis=false
[2024-08-23 15:41:10,473 INFO  L153        SettingsManager]:  * Automaton type used in concurrency analysis=PETRI_NET
[2024-08-23 15:41:10,474 INFO  L153        SettingsManager]:  * Compute Hoare Annotation of negated interpolant automaton, abstraction and CFG=true
[2024-08-23 15:41:10,474 INFO  L153        SettingsManager]:  * Order on configurations for Petri net unfoldings=DBO
[2024-08-23 15:41:10,475 INFO  L153        SettingsManager]:  * SMT solver=External_ModelsAndUnsatCoreMode
[2024-08-23 15:41:10,475 INFO  L153        SettingsManager]:  * Logic for external solver=AUFBV
[2024-08-23 15:41:10,476 INFO  L153        SettingsManager]:  * Looper check in Petri net analysis=SEMANTIC
WARNING: An illegal reflective access operation has occurred
WARNING: Illegal reflective access by com.sun.xml.bind.v2.runtime.reflect.opt.Injector$1 (file:/home/qingshi1019/UAutomizer/plugins/com.sun.xml.bind_2.2.0.v201505121915.jar) to method java.lang.ClassLoader.defineClass(java.lang.String,byte[],int,int)
WARNING: Please consider reporting this to the maintainers of com.sun.xml.bind.v2.runtime.reflect.opt.Injector$1
WARNING: Use --illegal-access=warn to enable warnings of further illegal reflective access operations
WARNING: All illegal access operations will be denied in a future release
Applying setting for plugin de.uni_freiburg.informatik.ultimate.plugins.generator.cacsl2boogietranslator: Entry function -> main
Applying setting for plugin de.uni_freiburg.informatik.ultimate.witnessprinter: Witness directory -> /home/qingshi1019/UAutomizer
Applying setting for plugin de.uni_freiburg.informatik.ultimate.witnessprinter: Witness filename -> witness
Applying setting for plugin de.uni_freiburg.informatik.ultimate.witnessprinter: Write witness besides input file -> false
Applying setting for plugin de.uni_freiburg.informatik.ultimate.witnessprinter: Graph data specification -> CHECK( init(main()), LTL(G ! overflow) )


Applying setting for plugin de.uni_freiburg.informatik.ultimate.witnessprinter: Graph data producer -> Automizer
Applying setting for plugin de.uni_freiburg.informatik.ultimate.witnessprinter: Graph data architecture -> 64bit
Applying setting for plugin de.uni_freiburg.informatik.ultimate.witnessprinter: Graph data programhash -> 1153443c56bae80f6beeca9d94ee279177b479b95c4965b1967801f1ed92af26
[2024-08-23 15:41:10,859 INFO  L75    nceAwareModelManager]: Repository-Root is: /tmp
[2024-08-23 15:41:10,897 INFO  L261   ainManager$Toolchain]: [Toolchain 1]: Applicable parser(s) successfully (re)initialized
[2024-08-23 15:41:10,902 INFO  L217   ainManager$Toolchain]: [Toolchain 1]: Toolchain selected.
[2024-08-23 15:41:10,905 INFO  L270        PluginConnector]: Initializing CDTParser...
[2024-08-23 15:41:10,906 INFO  L274        PluginConnector]: CDTParser initialized
[2024-08-23 15:41:10,910 INFO  L431   ainManager$Toolchain]: [Toolchain 1]: Parsing single file: /home/qingshi1019/UAutomizer/corefreqd_replaced_all.i
[2024-08-23 15:41:12,393 INFO  L533              CDTParser]: Created temporary CDT project at NULL
[2024-08-23 15:41:13,068 INFO  L384              CDTParser]: Found 1 translation units.
[2024-08-23 15:41:13,069 INFO  L180              CDTParser]: Scanning /home/qingshi1019/UAutomizer/corefreqd_replaced_all.i
[2024-08-23 15:41:13,120 INFO  L427              CDTParser]: About to delete temporary CDT project at /home/qingshi1019/UAutomizer/data/4dfa3ede2/43cc13ca45b0476b9a7363b28c2febe3/FLAG4b96c12a7
[2024-08-23 15:41:13,161 INFO  L435              CDTParser]: Successfully deleted /home/qingshi1019/UAutomizer/data/4dfa3ede2/43cc13ca45b0476b9a7363b28c2febe3
[2024-08-23 15:41:13,164 INFO  L299   ainManager$Toolchain]: ####################### [Toolchain 1] #######################
[2024-08-23 15:41:13,166 INFO  L133        ToolchainWalker]: Walking toolchain with 6 elements.
[2024-08-23 15:41:13,169 INFO  L112        PluginConnector]: ------------------------CACSL2BoogieTranslator----------------------------
[2024-08-23 15:41:13,169 INFO  L270        PluginConnector]: Initializing CACSL2BoogieTranslator...
[2024-08-23 15:41:13,178 INFO  L274        PluginConnector]: CACSL2BoogieTranslator initialized
[2024-08-23 15:41:13,180 INFO  L184        PluginConnector]: Executing the observer ACSLObjectContainerObserver from plugin CACSL2BoogieTranslator for "CDTParser AST 23.08 03:41:13" (1/1) ...
[2024-08-23 15:41:13,181 INFO  L204        PluginConnector]: Invalid model from CACSL2BoogieTranslator for observer de.uni_freiburg.informatik.ultimate.plugins.generator.cacsl2boogietranslator.ACSLObjectContainerObserver@1d3bdc1d and model type de.uni_freiburg.informatik.ultimate.plugins.generator.cacsl2boogietranslator AST 23.08 03:41:13, skipping insertion in model container
[2024-08-23 15:41:13,182 INFO  L184        PluginConnector]: Executing the observer CACSL2BoogieTranslatorObserver from plugin CACSL2BoogieTranslator for "CDTParser AST 23.08 03:41:13" (1/1) ...
[2024-08-23 15:41:13,325 INFO  L177         MainTranslator]: Built tables and reachable declarations
[2024-08-23 15:41:16,740 ERROR L324         MainTranslator]: Incorrect Syntax: Unable to translate int! For input string: "b1000"
[2024-08-23 15:41:16,741 INFO  L204        PluginConnector]: Invalid model from CACSL2BoogieTranslator for observer de.uni_freiburg.informatik.ultimate.plugins.generator.cacsl2boogietranslator.CACSL2BoogieTranslatorObserver@62e702b9 and model type de.uni_freiburg.informatik.ultimate.plugins.generator.cacsl2boogietranslator AST 23.08 03:41:16, skipping insertion in model container
[2024-08-23 15:41:16,741 INFO  L131        PluginConnector]: ------------------------ END CACSL2BoogieTranslator----------------------------
[2024-08-23 15:41:16,742 INFO  L186        ToolchainWalker]: Toolchain execution was canceled (user or tool) before executing de.uni_freiburg.informatik.ultimate.boogie.procedureinliner
[2024-08-23 15:41:16,744 INFO  L158              Benchmark]: Toolchain (without parser) took 3577.06ms. Allocated memory was 77.6MB in the beginning and 98.6MB in the end (delta: 21.0MB). Free memory was 51.7MB in the beginning and 41.9MB in the end (delta: 9.8MB). Peak memory consumption was 32.8MB. Max. memory is 16.1GB.
[2024-08-23 15:41:16,745 INFO  L158              Benchmark]: CDTParser took 0.64ms. Allocated memory is still 56.6MB. Free memory was 31.8MB in the beginning and 31.8MB in the end (delta: 48.4kB). There was no memory consumed. Max. memory is 16.1GB.
[2024-08-23 15:41:16,746 INFO  L158              Benchmark]: CACSL2BoogieTranslator took 3572.98ms. Allocated memory was 77.6MB in the beginning and 98.6MB in the end (delta: 21.0MB). Free memory was 51.4MB in the beginning and 41.9MB in the end (delta: 9.6MB). Peak memory consumption was 32.8MB. Max. memory is 16.1GB.
[2024-08-23 15:41:16,748 INFO  L338   ainManager$Toolchain]: #######################  End [Toolchain 1] #######################
 --- Results ---
 * Results from de.uni_freiburg.informatik.ultimate.core:
  - StatisticsResult: Toolchain Benchmarks
    Benchmark results are:
 * CDTParser took 0.64ms. Allocated memory is still 56.6MB. Free memory was 31.8MB in the beginning and 31.8MB in the end (delta: 48.4kB). There was no memory consumed. Max. memory is 16.1GB.
 * CACSL2BoogieTranslator took 3572.98ms. Allocated memory was 77.6MB in the beginning and 98.6MB in the end (delta: 21.0MB). Free memory was 51.4MB in the beginning and 41.9MB in the end (delta: 9.6MB). Peak memory consumption was 32.8MB. Max. memory is 16.1GB.
 * Results from de.uni_freiburg.informatik.ultimate.plugins.generator.cacsl2boogietranslator:
  - SyntaxErrorResult [Line: 7133]: Incorrect Syntax
    Unable to translate int! For input string: "b1000"
RESULT: Ultimate could not prove your program: Incorrect Syntax
Received shutdown request...
