This is Ultimate 0.2.4-dev-0e0057c
[2024-08-23 17:57:39,726 INFO  L188        SettingsManager]: Resetting all preferences to default values...
[2024-08-23 17:57:39,799 INFO  L114        SettingsManager]: Loading settings from /home/qingshi1019/UAutomizer/config/svcomp-Overflow-64bit-Automizer_Default.epf
[2024-08-23 17:57:39,806 WARN  L101        SettingsManager]: Preference file contains the following unknown settings:
[2024-08-23 17:57:39,807 WARN  L103        SettingsManager]:   * .-Dinclude.path
[2024-08-23 17:57:39,807 WARN  L103        SettingsManager]:   * de.uni_freiburg.informatik.ultimate.core.Log level for class
[2024-08-23 17:57:39,838 INFO  L130        SettingsManager]: Preferences different from defaults after loading the file:
[2024-08-23 17:57:39,839 INFO  L151        SettingsManager]: Preferences of UltimateCore differ from their defaults:
[2024-08-23 17:57:39,839 INFO  L153        SettingsManager]:  * Log level for class=de.uni_freiburg.informatik.ultimate.lib.smtlibutils.quantifier.QuantifierPusher=ERROR;
[2024-08-23 17:57:39,840 INFO  L151        SettingsManager]: Preferences of Boogie Preprocessor differ from their defaults:
[2024-08-23 17:57:39,840 INFO  L153        SettingsManager]:  * Use memory slicer=true
[2024-08-23 17:57:39,841 INFO  L151        SettingsManager]: Preferences of Boogie Procedure Inliner differ from their defaults:
[2024-08-23 17:57:39,841 INFO  L153        SettingsManager]:  * Ignore calls to procedures called more than once=ONLY_FOR_SEQUENTIAL_PROGRAMS
[2024-08-23 17:57:39,842 INFO  L151        SettingsManager]: Preferences of BlockEncodingV2 differ from their defaults:
[2024-08-23 17:57:39,842 INFO  L153        SettingsManager]:  * Create parallel compositions if possible=false
[2024-08-23 17:57:39,843 INFO  L153        SettingsManager]:  * Use SBE=true
[2024-08-23 17:57:39,843 INFO  L151        SettingsManager]: Preferences of CACSL2BoogieTranslator differ from their defaults:
[2024-08-23 17:57:39,844 INFO  L153        SettingsManager]:  * Pointer base address is valid at dereference=IGNORE
[2024-08-23 17:57:39,844 INFO  L153        SettingsManager]:  * Overapproximate operations on floating types=true
[2024-08-23 17:57:39,844 INFO  L153        SettingsManager]:  * Check division by zero=IGNORE
[2024-08-23 17:57:39,845 INFO  L153        SettingsManager]:  * Pointer to allocated memory at dereference=IGNORE
[2024-08-23 17:57:39,845 INFO  L153        SettingsManager]:  * If two pointers are subtracted or compared they have the same base address=IGNORE
[2024-08-23 17:57:39,846 INFO  L153        SettingsManager]:  * Check array bounds for arrays that are off heap=IGNORE
[2024-08-23 17:57:39,846 INFO  L153        SettingsManager]:  * Check absence of signed integer overflows=true
[2024-08-23 17:57:39,846 INFO  L153        SettingsManager]:  * Check unreachability of reach_error function=false
[2024-08-23 17:57:39,847 INFO  L153        SettingsManager]:  * Check if freed pointer was valid=false
[2024-08-23 17:57:39,847 INFO  L153        SettingsManager]:  * Use constant arrays=true
[2024-08-23 17:57:39,847 INFO  L151        SettingsManager]: Preferences of RCFGBuilder differ from their defaults:
[2024-08-23 17:57:39,848 INFO  L153        SettingsManager]:  * Size of a code block=SequenceOfStatements
[2024-08-23 17:57:39,848 INFO  L153        SettingsManager]:  * Only consider context switches at boundaries of atomic blocks=true
[2024-08-23 17:57:39,849 INFO  L153        SettingsManager]:  * SMT solver=External_DefaultMode
[2024-08-23 17:57:39,849 INFO  L153        SettingsManager]:  * Command for external solver=z3 SMTLIB2_COMPLIANT=true -memory:2024 -smt2 -in -t:4000
[2024-08-23 17:57:39,849 INFO  L151        SettingsManager]: Preferences of TraceAbstraction differ from their defaults:
[2024-08-23 17:57:39,850 INFO  L153        SettingsManager]:  * Compute Interpolants along a Counterexample=FPandBP
[2024-08-23 17:57:39,858 INFO  L153        SettingsManager]:  * Positions where we compute the Hoare Annotation=LoopHeads
[2024-08-23 17:57:39,859 INFO  L153        SettingsManager]:  * Trace refinement strategy=CAMEL
[2024-08-23 17:57:39,859 INFO  L153        SettingsManager]:  * Command for external solver=z3 SMTLIB2_COMPLIANT=true -memory:2024 -smt2 -in
[2024-08-23 17:57:39,860 INFO  L153        SettingsManager]:  * Apply one-shot large block encoding in concurrent analysis=false
[2024-08-23 17:57:39,860 INFO  L153        SettingsManager]:  * Automaton type used in concurrency analysis=PETRI_NET
[2024-08-23 17:57:39,860 INFO  L153        SettingsManager]:  * Compute Hoare Annotation of negated interpolant automaton, abstraction and CFG=true
[2024-08-23 17:57:39,861 INFO  L153        SettingsManager]:  * Order on configurations for Petri net unfoldings=DBO
[2024-08-23 17:57:39,861 INFO  L153        SettingsManager]:  * SMT solver=External_ModelsAndUnsatCoreMode
[2024-08-23 17:57:39,862 INFO  L153        SettingsManager]:  * Looper check in Petri net analysis=SEMANTIC
WARNING: An illegal reflective access operation has occurred
WARNING: Illegal reflective access by com.sun.xml.bind.v2.runtime.reflect.opt.Injector$1 (file:/home/qingshi1019/UAutomizer/plugins/com.sun.xml.bind_2.2.0.v201505121915.jar) to method java.lang.ClassLoader.defineClass(java.lang.String,byte[],int,int)
WARNING: Please consider reporting this to the maintainers of com.sun.xml.bind.v2.runtime.reflect.opt.Injector$1
WARNING: Use --illegal-access=warn to enable warnings of further illegal reflective access operations
WARNING: All illegal access operations will be denied in a future release
Applying setting for plugin de.uni_freiburg.informatik.ultimate.plugins.generator.cacsl2boogietranslator: Entry function -> main
Applying setting for plugin de.uni_freiburg.informatik.ultimate.witnessprinter: Witness directory -> /home/qingshi1019/UAutomizer
Applying setting for plugin de.uni_freiburg.informatik.ultimate.witnessprinter: Witness filename -> witness
Applying setting for plugin de.uni_freiburg.informatik.ultimate.witnessprinter: Write witness besides input file -> false
Applying setting for plugin de.uni_freiburg.informatik.ultimate.witnessprinter: Graph data specification -> CHECK( init(main()), LTL(G ! overflow) )


Applying setting for plugin de.uni_freiburg.informatik.ultimate.witnessprinter: Graph data producer -> Automizer
Applying setting for plugin de.uni_freiburg.informatik.ultimate.witnessprinter: Graph data architecture -> 64bit
Applying setting for plugin de.uni_freiburg.informatik.ultimate.witnessprinter: Graph data programhash -> 889b0bcf17b94b4413a5559fee82146347b88a804959c56f5fc9a3e63c6a998d
[2024-08-23 17:57:40,227 INFO  L75    nceAwareModelManager]: Repository-Root is: /tmp
[2024-08-23 17:57:40,255 INFO  L261   ainManager$Toolchain]: [Toolchain 1]: Applicable parser(s) successfully (re)initialized
[2024-08-23 17:57:40,258 INFO  L217   ainManager$Toolchain]: [Toolchain 1]: Toolchain selected.
[2024-08-23 17:57:40,260 INFO  L270        PluginConnector]: Initializing CDTParser...
[2024-08-23 17:57:40,260 INFO  L274        PluginConnector]: CDTParser initialized
[2024-08-23 17:57:40,262 INFO  L431   ainManager$Toolchain]: [Toolchain 1]: Parsing single file: /home/qingshi1019/UAutomizer/pigpio_replaced.i
[2024-08-23 17:57:41,814 INFO  L533              CDTParser]: Created temporary CDT project at NULL
[2024-08-23 17:57:42,636 INFO  L384              CDTParser]: Found 1 translation units.
[2024-08-23 17:57:42,637 INFO  L180              CDTParser]: Scanning /home/qingshi1019/UAutomizer/pigpio_replaced.i
[2024-08-23 17:57:42,705 INFO  L427              CDTParser]: About to delete temporary CDT project at /home/qingshi1019/UAutomizer/data/0e3c44fb0/f24380b14fc041b495d99c4c4d463548/FLAGe48000651
[2024-08-23 17:57:42,730 INFO  L435              CDTParser]: Successfully deleted /home/qingshi1019/UAutomizer/data/0e3c44fb0/f24380b14fc041b495d99c4c4d463548
[2024-08-23 17:57:42,733 INFO  L299   ainManager$Toolchain]: ####################### [Toolchain 1] #######################
[2024-08-23 17:57:42,735 INFO  L133        ToolchainWalker]: Walking toolchain with 6 elements.
[2024-08-23 17:57:42,737 INFO  L112        PluginConnector]: ------------------------CACSL2BoogieTranslator----------------------------
[2024-08-23 17:57:42,737 INFO  L270        PluginConnector]: Initializing CACSL2BoogieTranslator...
[2024-08-23 17:57:42,745 INFO  L274        PluginConnector]: CACSL2BoogieTranslator initialized
[2024-08-23 17:57:42,747 INFO  L184        PluginConnector]: Executing the observer ACSLObjectContainerObserver from plugin CACSL2BoogieTranslator for "CDTParser AST 23.08 05:57:42" (1/1) ...
[2024-08-23 17:57:42,749 INFO  L204        PluginConnector]: Invalid model from CACSL2BoogieTranslator for observer de.uni_freiburg.informatik.ultimate.plugins.generator.cacsl2boogietranslator.ACSLObjectContainerObserver@57d432e2 and model type de.uni_freiburg.informatik.ultimate.plugins.generator.cacsl2boogietranslator AST 23.08 05:57:42, skipping insertion in model container
[2024-08-23 17:57:42,749 INFO  L184        PluginConnector]: Executing the observer CACSL2BoogieTranslatorObserver from plugin CACSL2BoogieTranslator for "CDTParser AST 23.08 05:57:42" (1/1) ...
[2024-08-23 17:57:43,009 INFO  L177         MainTranslator]: Built tables and reachable declarations
[2024-08-23 17:57:44,203 WARN  L638        FunctionHandler]: implicit declaration of function __builtin___sprintf_chk
[2024-08-23 17:57:44,204 WARN  L638        FunctionHandler]: implicit declaration of function __builtin_va_arg_pack
[2024-08-23 17:57:44,205 WARN  L638        FunctionHandler]: implicit declaration of function __builtin___vsprintf_chk
[2024-08-23 17:57:44,223 WARN  L638        FunctionHandler]: implicit declaration of function __builtin___snprintf_chk
[2024-08-23 17:57:44,225 WARN  L638        FunctionHandler]: implicit declaration of function __builtin___vsnprintf_chk
[2024-08-23 17:57:44,821 WARN  L638        FunctionHandler]: implicit declaration of function __builtin___memmove_chk
[2024-08-23 17:57:44,822 WARN  L638        FunctionHandler]: implicit declaration of function __builtin___memset_chk
[2024-08-23 17:57:44,921 WARN  L638        FunctionHandler]: implicit declaration of function __builtin___memcpy_chk
[2024-08-23 17:57:44,922 WARN  L638        FunctionHandler]: implicit declaration of function __builtin___mempcpy_chk
[2024-08-23 17:57:44,933 WARN  L638        FunctionHandler]: implicit declaration of function __builtin___strcpy_chk
[2024-08-23 17:57:44,934 WARN  L638        FunctionHandler]: implicit declaration of function __builtin___stpcpy_chk
[2024-08-23 17:57:44,934 WARN  L638        FunctionHandler]: implicit declaration of function __builtin___strncpy_chk
[2024-08-23 17:57:44,935 WARN  L638        FunctionHandler]: implicit declaration of function __builtin___stpncpy_chk
[2024-08-23 17:57:44,936 WARN  L638        FunctionHandler]: implicit declaration of function __builtin___strcat_chk
[2024-08-23 17:57:44,937 WARN  L638        FunctionHandler]: implicit declaration of function __builtin___strncat_chk
[2024-08-23 17:57:48,159 WARN  L638        FunctionHandler]: implicit declaration of function __builtin_va_arg_pack_len
[2024-08-23 17:57:52,969 FATAL L?                        ?]: The Plugin de.uni_freiburg.informatik.ultimate.plugins.generator.cacsl2boogietranslator has thrown an exception:
java.lang.IllegalArgumentException: Field 's' not in struct!
	at de.uni_freiburg.informatik.ultimate.cdt.translation.implementation.container.c.CStructOrUnion.getFieldType(CStructOrUnion.java:137)
	at de.uni_freiburg.informatik.ultimate.cdt.translation.implementation.base.chandler.StructHandler.handleFieldReference(StructHandler.java:115)
	at de.uni_freiburg.informatik.ultimate.cdt.translation.implementation.base.CHandler.visit(CHandler.java:1464)
	at de.uni_freiburg.informatik.ultimate.cdt.translation.implementation.base.PRDispatcher.dispatch(PRDispatcher.java:272)
	at de.uni_freiburg.informatik.ultimate.cdt.translation.implementation.base.chandler.StructHandler.handleFieldReference(StructHandler.java:102)
	at de.uni_freiburg.informatik.ultimate.cdt.translation.implementation.base.CHandler.visit(CHandler.java:1464)
	at de.uni_freiburg.informatik.ultimate.cdt.translation.implementation.base.PRDispatcher.dispatch(PRDispatcher.java:272)
	at de.uni_freiburg.informatik.ultimate.cdt.translation.implementation.base.CHandler.visit(CHandler.java:728)
	at de.uni_freiburg.informatik.ultimate.cdt.translation.implementation.base.PRDispatcher.dispatch(PRDispatcher.java:284)
	at de.uni_freiburg.informatik.ultimate.cdt.translation.implementation.base.CHandler.visit(CHandler.java:728)
	at de.uni_freiburg.informatik.ultimate.cdt.translation.implementation.base.PRDispatcher.dispatch(PRDispatcher.java:284)
	at de.uni_freiburg.informatik.ultimate.cdt.translation.implementation.base.CHandler.visit(CHandler.java:1427)
	at de.uni_freiburg.informatik.ultimate.cdt.translation.implementation.base.PRDispatcher.dispatch(PRDispatcher.java:222)
	at de.uni_freiburg.informatik.ultimate.cdt.translation.implementation.base.CHandler.handleCompoundStatement(CHandler.java:1088)
	at de.uni_freiburg.informatik.ultimate.cdt.translation.implementation.base.CHandler.visit(CHandler.java:1073)
	at de.uni_freiburg.informatik.ultimate.cdt.translation.implementation.base.PRDispatcher.dispatch(PRDispatcher.java:234)
	at de.uni_freiburg.informatik.ultimate.cdt.translation.implementation.base.chandler.FunctionHandler.handleFunctionDefinition(FunctionHandler.java:386)
	at de.uni_freiburg.informatik.ultimate.cdt.translation.implementation.base.CHandler.visit(CHandler.java:1512)
	at de.uni_freiburg.informatik.ultimate.cdt.translation.implementation.base.PRDispatcher.dispatch(PRDispatcher.java:157)
	at de.uni_freiburg.informatik.ultimate.cdt.translation.implementation.base.CHandler.processTUchild(CHandler.java:3421)
	at de.uni_freiburg.informatik.ultimate.cdt.translation.implementation.base.CHandler.visit(CHandler.java:2441)
	at de.uni_freiburg.informatik.ultimate.cdt.translation.implementation.base.CHandler.visit(CHandler.java:611)
	at de.uni_freiburg.informatik.ultimate.cdt.translation.implementation.base.PRDispatcher.dispatch(PRDispatcher.java:133)
	at de.uni_freiburg.informatik.ultimate.cdt.translation.implementation.base.MainTranslator.translate(MainTranslator.java:191)
	at de.uni_freiburg.informatik.ultimate.cdt.translation.implementation.base.MainTranslator.run(MainTranslator.java:117)
	at de.uni_freiburg.informatik.ultimate.cdt.translation.implementation.base.MainTranslator.<init>(MainTranslator.java:95)
	at de.uni_freiburg.informatik.ultimate.plugins.generator.cacsl2boogietranslator.CACSL2BoogieTranslatorObserver.finish(CACSL2BoogieTranslatorObserver.java:147)
	at de.uni_freiburg.informatik.ultimate.core.coreplugin.PluginConnector.runObserver(PluginConnector.java:167)
	at de.uni_freiburg.informatik.ultimate.core.coreplugin.PluginConnector.runTool(PluginConnector.java:150)
	at de.uni_freiburg.informatik.ultimate.core.coreplugin.PluginConnector.run(PluginConnector.java:127)
	at de.uni_freiburg.informatik.ultimate.core.coreplugin.ToolchainWalker.executePluginConnector(ToolchainWalker.java:233)
	at de.uni_freiburg.informatik.ultimate.core.coreplugin.ToolchainWalker.processPlugin(ToolchainWalker.java:227)
	at de.uni_freiburg.informatik.ultimate.core.coreplugin.ToolchainWalker.walkUnprotected(ToolchainWalker.java:144)
	at de.uni_freiburg.informatik.ultimate.core.coreplugin.ToolchainWalker.walk(ToolchainWalker.java:106)
	at de.uni_freiburg.informatik.ultimate.core.coreplugin.ToolchainManager$Toolchain.processToolchain(ToolchainManager.java:319)
	at de.uni_freiburg.informatik.ultimate.core.coreplugin.toolchain.DefaultToolchainJob.run(DefaultToolchainJob.java:145)
	at org.eclipse.core.internal.jobs.Worker.run(Worker.java:63)
[2024-08-23 17:57:52,977 INFO  L158              Benchmark]: Toolchain (without parser) took 10239.84ms. Allocated memory was 73.4MB in the beginning and 102.8MB in the end (delta: 29.4MB). Free memory was 34.8MB in the beginning and 54.2MB in the end (delta: -19.4MB). Peak memory consumption was 49.4MB. Max. memory is 16.1GB.
[2024-08-23 17:57:52,978 INFO  L158              Benchmark]: CDTParser took 0.26ms. Allocated memory is still 56.6MB. Free memory is still 32.9MB. There was no memory consumed. Max. memory is 16.1GB.
[2024-08-23 17:57:52,979 INFO  L158              Benchmark]: CACSL2BoogieTranslator took 10236.89ms. Allocated memory was 73.4MB in the beginning and 102.8MB in the end (delta: 29.4MB). Free memory was 34.5MB in the beginning and 54.2MB in the end (delta: -19.6MB). Peak memory consumption was 49.4MB. Max. memory is 16.1GB.
[2024-08-23 17:57:52,981 INFO  L338   ainManager$Toolchain]: #######################  End [Toolchain 1] #######################
 --- Results ---
 * Results from de.uni_freiburg.informatik.ultimate.core:
  - StatisticsResult: Toolchain Benchmarks
    Benchmark results are:
 * CDTParser took 0.26ms. Allocated memory is still 56.6MB. Free memory is still 32.9MB. There was no memory consumed. Max. memory is 16.1GB.
 * CACSL2BoogieTranslator took 10236.89ms. Allocated memory was 73.4MB in the beginning and 102.8MB in the end (delta: 29.4MB). Free memory was 34.5MB in the beginning and 54.2MB in the end (delta: -19.6MB). Peak memory consumption was 49.4MB. Max. memory is 16.1GB.
 * Results from de.uni_freiburg.informatik.ultimate.plugins.generator.cacsl2boogietranslator:
  - ExceptionOrErrorResult: IllegalArgumentException: Field 's' not in struct!
    de.uni_freiburg.informatik.ultimate.plugins.generator.cacsl2boogietranslator: IllegalArgumentException: Field 's' not in struct!: de.uni_freiburg.informatik.ultimate.cdt.translation.implementation.container.c.CStructOrUnion.getFieldType(CStructOrUnion.java:137)
RESULT: Ultimate could not prove your program: Toolchain returned no result.
Received shutdown request...

### Bit-precise run ###
This is Ultimate 0.2.4-dev-0e0057c
[2024-08-23 17:57:55,034 INFO  L188        SettingsManager]: Resetting all preferences to default values...
[2024-08-23 17:57:55,137 INFO  L114        SettingsManager]: Loading settings from /home/qingshi1019/UAutomizer/config/svcomp-Overflow-64bit-Automizer_Bitvector.epf
[2024-08-23 17:57:55,144 WARN  L101        SettingsManager]: Preference file contains the following unknown settings:
[2024-08-23 17:57:55,145 WARN  L103        SettingsManager]:   * .-Dinclude.path
[2024-08-23 17:57:55,146 WARN  L103        SettingsManager]:   * de.uni_freiburg.informatik.ultimate.core.Log level for class
[2024-08-23 17:57:55,146 WARN  L103        SettingsManager]:   * de.uni_freiburg.informatik.ultimate.plugins.generator.cacsl2boogietranslator.Checked method. Library mode if empty.
[2024-08-23 17:57:55,186 INFO  L130        SettingsManager]: Preferences different from defaults after loading the file:
[2024-08-23 17:57:55,187 INFO  L151        SettingsManager]: Preferences of UltimateCore differ from their defaults:
[2024-08-23 17:57:55,188 INFO  L153        SettingsManager]:  * Log level for class=de.uni_freiburg.informatik.ultimate.lib.smtlibutils.quantifier.QuantifierPusher=ERROR;
[2024-08-23 17:57:55,189 INFO  L151        SettingsManager]: Preferences of Boogie Preprocessor differ from their defaults:
[2024-08-23 17:57:55,189 INFO  L153        SettingsManager]:  * Use memory slicer=true
[2024-08-23 17:57:55,190 INFO  L151        SettingsManager]: Preferences of Boogie Procedure Inliner differ from their defaults:
[2024-08-23 17:57:55,191 INFO  L153        SettingsManager]:  * Ignore calls to procedures called more than once=ONLY_FOR_SEQUENTIAL_PROGRAMS
[2024-08-23 17:57:55,192 INFO  L151        SettingsManager]: Preferences of BlockEncodingV2 differ from their defaults:
[2024-08-23 17:57:55,192 INFO  L153        SettingsManager]:  * Create parallel compositions if possible=false
[2024-08-23 17:57:55,193 INFO  L153        SettingsManager]:  * Use SBE=true
[2024-08-23 17:57:55,194 INFO  L151        SettingsManager]: Preferences of CACSL2BoogieTranslator differ from their defaults:
[2024-08-23 17:57:55,195 INFO  L153        SettingsManager]:  * Pointer base address is valid at dereference=IGNORE
[2024-08-23 17:57:55,195 INFO  L153        SettingsManager]:  * Check division by zero=IGNORE
[2024-08-23 17:57:55,196 INFO  L153        SettingsManager]:  * Pointer to allocated memory at dereference=IGNORE
[2024-08-23 17:57:55,197 INFO  L153        SettingsManager]:  * If two pointers are subtracted or compared they have the same base address=IGNORE
[2024-08-23 17:57:55,197 INFO  L153        SettingsManager]:  * Check array bounds for arrays that are off heap=IGNORE
[2024-08-23 17:57:55,198 INFO  L153        SettingsManager]:  * Adapt memory model on pointer casts if necessary=true
[2024-08-23 17:57:55,198 INFO  L153        SettingsManager]:  * Use bitvectors instead of ints=true
[2024-08-23 17:57:55,199 INFO  L153        SettingsManager]:  * Check absence of signed integer overflows=true
[2024-08-23 17:57:55,199 INFO  L153        SettingsManager]:  * Memory model=HoenickeLindenmann_4ByteResolution
[2024-08-23 17:57:55,200 INFO  L153        SettingsManager]:  * Check unreachability of reach_error function=false
[2024-08-23 17:57:55,200 INFO  L153        SettingsManager]:  * Check if freed pointer was valid=false
[2024-08-23 17:57:55,201 INFO  L153        SettingsManager]:  * Use constant arrays=true
[2024-08-23 17:57:55,201 INFO  L151        SettingsManager]: Preferences of RCFGBuilder differ from their defaults:
[2024-08-23 17:57:55,202 INFO  L153        SettingsManager]:  * Size of a code block=SequenceOfStatements
[2024-08-23 17:57:55,203 INFO  L153        SettingsManager]:  * Only consider context switches at boundaries of atomic blocks=true
[2024-08-23 17:57:55,203 INFO  L153        SettingsManager]:  * SMT solver=External_DefaultMode
[2024-08-23 17:57:55,204 INFO  L153        SettingsManager]:  * Command for external solver=z3 SMTLIB2_COMPLIANT=true -memory:2024 -smt2 -in -t:4000
[2024-08-23 17:57:55,204 INFO  L151        SettingsManager]: Preferences of TraceAbstraction differ from their defaults:
[2024-08-23 17:57:55,205 INFO  L153        SettingsManager]:  * Compute Interpolants along a Counterexample=FPandBP
[2024-08-23 17:57:55,205 INFO  L153        SettingsManager]:  * Positions where we compute the Hoare Annotation=LoopHeads
[2024-08-23 17:57:55,206 INFO  L153        SettingsManager]:  * Trace refinement strategy=WOLF
[2024-08-23 17:57:55,206 INFO  L153        SettingsManager]:  * Command for external solver=cvc4 --incremental --print-success --lang smt 
[2024-08-23 17:57:55,206 INFO  L153        SettingsManager]:  * Apply one-shot large block encoding in concurrent analysis=false
[2024-08-23 17:57:55,207 INFO  L153        SettingsManager]:  * Automaton type used in concurrency analysis=PETRI_NET
[2024-08-23 17:57:55,207 INFO  L153        SettingsManager]:  * Compute Hoare Annotation of negated interpolant automaton, abstraction and CFG=true
[2024-08-23 17:57:55,207 INFO  L153        SettingsManager]:  * Order on configurations for Petri net unfoldings=DBO
[2024-08-23 17:57:55,208 INFO  L153        SettingsManager]:  * SMT solver=External_ModelsAndUnsatCoreMode
[2024-08-23 17:57:55,208 INFO  L153        SettingsManager]:  * Logic for external solver=AUFBV
[2024-08-23 17:57:55,208 INFO  L153        SettingsManager]:  * Looper check in Petri net analysis=SEMANTIC
WARNING: An illegal reflective access operation has occurred
WARNING: Illegal reflective access by com.sun.xml.bind.v2.runtime.reflect.opt.Injector$1 (file:/home/qingshi1019/UAutomizer/plugins/com.sun.xml.bind_2.2.0.v201505121915.jar) to method java.lang.ClassLoader.defineClass(java.lang.String,byte[],int,int)
WARNING: Please consider reporting this to the maintainers of com.sun.xml.bind.v2.runtime.reflect.opt.Injector$1
WARNING: Use --illegal-access=warn to enable warnings of further illegal reflective access operations
WARNING: All illegal access operations will be denied in a future release
Applying setting for plugin de.uni_freiburg.informatik.ultimate.plugins.generator.cacsl2boogietranslator: Entry function -> main
Applying setting for plugin de.uni_freiburg.informatik.ultimate.witnessprinter: Witness directory -> /home/qingshi1019/UAutomizer
Applying setting for plugin de.uni_freiburg.informatik.ultimate.witnessprinter: Witness filename -> witness
Applying setting for plugin de.uni_freiburg.informatik.ultimate.witnessprinter: Write witness besides input file -> false
Applying setting for plugin de.uni_freiburg.informatik.ultimate.witnessprinter: Graph data specification -> CHECK( init(main()), LTL(G ! overflow) )


Applying setting for plugin de.uni_freiburg.informatik.ultimate.witnessprinter: Graph data producer -> Automizer
Applying setting for plugin de.uni_freiburg.informatik.ultimate.witnessprinter: Graph data architecture -> 64bit
Applying setting for plugin de.uni_freiburg.informatik.ultimate.witnessprinter: Graph data programhash -> 889b0bcf17b94b4413a5559fee82146347b88a804959c56f5fc9a3e63c6a998d
[2024-08-23 17:57:55,644 INFO  L75    nceAwareModelManager]: Repository-Root is: /tmp
[2024-08-23 17:57:55,682 INFO  L261   ainManager$Toolchain]: [Toolchain 1]: Applicable parser(s) successfully (re)initialized
[2024-08-23 17:57:55,687 INFO  L217   ainManager$Toolchain]: [Toolchain 1]: Toolchain selected.
[2024-08-23 17:57:55,689 INFO  L270        PluginConnector]: Initializing CDTParser...
[2024-08-23 17:57:55,690 INFO  L274        PluginConnector]: CDTParser initialized
[2024-08-23 17:57:55,692 INFO  L431   ainManager$Toolchain]: [Toolchain 1]: Parsing single file: /home/qingshi1019/UAutomizer/pigpio_replaced.i
[2024-08-23 17:57:57,257 INFO  L533              CDTParser]: Created temporary CDT project at NULL
[2024-08-23 17:57:58,258 INFO  L384              CDTParser]: Found 1 translation units.
[2024-08-23 17:57:58,259 INFO  L180              CDTParser]: Scanning /home/qingshi1019/UAutomizer/pigpio_replaced.i
[2024-08-23 17:57:58,365 INFO  L427              CDTParser]: About to delete temporary CDT project at /home/qingshi1019/UAutomizer/data/f849b56bd/4bd53ccc0ea3462283c92ca05b7f1efd/FLAGf6802be90
[2024-08-23 17:57:58,385 INFO  L435              CDTParser]: Successfully deleted /home/qingshi1019/UAutomizer/data/f849b56bd/4bd53ccc0ea3462283c92ca05b7f1efd
[2024-08-23 17:57:58,388 INFO  L299   ainManager$Toolchain]: ####################### [Toolchain 1] #######################
[2024-08-23 17:57:58,391 INFO  L133        ToolchainWalker]: Walking toolchain with 6 elements.
[2024-08-23 17:57:58,392 INFO  L112        PluginConnector]: ------------------------CACSL2BoogieTranslator----------------------------
[2024-08-23 17:57:58,393 INFO  L270        PluginConnector]: Initializing CACSL2BoogieTranslator...
[2024-08-23 17:57:58,402 INFO  L274        PluginConnector]: CACSL2BoogieTranslator initialized
[2024-08-23 17:57:58,404 INFO  L184        PluginConnector]: Executing the observer ACSLObjectContainerObserver from plugin CACSL2BoogieTranslator for "CDTParser AST 23.08 05:57:58" (1/1) ...
[2024-08-23 17:57:58,406 INFO  L204        PluginConnector]: Invalid model from CACSL2BoogieTranslator for observer de.uni_freiburg.informatik.ultimate.plugins.generator.cacsl2boogietranslator.ACSLObjectContainerObserver@68e0ea5b and model type de.uni_freiburg.informatik.ultimate.plugins.generator.cacsl2boogietranslator AST 23.08 05:57:58, skipping insertion in model container
[2024-08-23 17:57:58,406 INFO  L184        PluginConnector]: Executing the observer CACSL2BoogieTranslatorObserver from plugin CACSL2BoogieTranslator for "CDTParser AST 23.08 05:57:58" (1/1) ...
[2024-08-23 17:57:58,645 INFO  L177         MainTranslator]: Built tables and reachable declarations
[2024-08-23 17:57:59,788 WARN  L638        FunctionHandler]: implicit declaration of function __builtin___sprintf_chk
[2024-08-23 17:57:59,792 WARN  L638        FunctionHandler]: implicit declaration of function __builtin_va_arg_pack
[2024-08-23 17:57:59,793 WARN  L638        FunctionHandler]: implicit declaration of function __builtin___vsprintf_chk
[2024-08-23 17:57:59,811 WARN  L638        FunctionHandler]: implicit declaration of function __builtin___snprintf_chk
[2024-08-23 17:57:59,813 WARN  L638        FunctionHandler]: implicit declaration of function __builtin___vsnprintf_chk
[2024-08-23 17:58:00,424 WARN  L638        FunctionHandler]: implicit declaration of function __builtin___memmove_chk
[2024-08-23 17:58:00,426 WARN  L638        FunctionHandler]: implicit declaration of function __builtin___memset_chk
[2024-08-23 17:58:00,523 WARN  L638        FunctionHandler]: implicit declaration of function __builtin___memcpy_chk
[2024-08-23 17:58:00,525 WARN  L638        FunctionHandler]: implicit declaration of function __builtin___mempcpy_chk
[2024-08-23 17:58:00,535 WARN  L638        FunctionHandler]: implicit declaration of function __builtin___strcpy_chk
[2024-08-23 17:58:00,536 WARN  L638        FunctionHandler]: implicit declaration of function __builtin___stpcpy_chk
[2024-08-23 17:58:00,536 WARN  L638        FunctionHandler]: implicit declaration of function __builtin___strncpy_chk
[2024-08-23 17:58:00,537 WARN  L638        FunctionHandler]: implicit declaration of function __builtin___stpncpy_chk
[2024-08-23 17:58:00,538 WARN  L638        FunctionHandler]: implicit declaration of function __builtin___strcat_chk
[2024-08-23 17:58:00,540 WARN  L638        FunctionHandler]: implicit declaration of function __builtin___strncat_chk
[2024-08-23 17:58:03,634 WARN  L638        FunctionHandler]: implicit declaration of function __builtin_va_arg_pack_len
[2024-08-23 17:58:08,356 FATAL L?                        ?]: The Plugin de.uni_freiburg.informatik.ultimate.plugins.generator.cacsl2boogietranslator has thrown an exception:
java.lang.IllegalArgumentException: Field 's' not in struct!
	at de.uni_freiburg.informatik.ultimate.cdt.translation.implementation.container.c.CStructOrUnion.getFieldType(CStructOrUnion.java:137)
	at de.uni_freiburg.informatik.ultimate.cdt.translation.implementation.base.chandler.StructHandler.handleFieldReference(StructHandler.java:115)
	at de.uni_freiburg.informatik.ultimate.cdt.translation.implementation.base.CHandler.visit(CHandler.java:1464)
	at de.uni_freiburg.informatik.ultimate.cdt.translation.implementation.base.PRDispatcher.dispatch(PRDispatcher.java:272)
	at de.uni_freiburg.informatik.ultimate.cdt.translation.implementation.base.chandler.StructHandler.handleFieldReference(StructHandler.java:102)
	at de.uni_freiburg.informatik.ultimate.cdt.translation.implementation.base.CHandler.visit(CHandler.java:1464)
	at de.uni_freiburg.informatik.ultimate.cdt.translation.implementation.base.PRDispatcher.dispatch(PRDispatcher.java:272)
	at de.uni_freiburg.informatik.ultimate.cdt.translation.implementation.base.CHandler.visit(CHandler.java:728)
	at de.uni_freiburg.informatik.ultimate.cdt.translation.implementation.base.PRDispatcher.dispatch(PRDispatcher.java:284)
	at de.uni_freiburg.informatik.ultimate.cdt.translation.implementation.base.CHandler.visit(CHandler.java:728)
	at de.uni_freiburg.informatik.ultimate.cdt.translation.implementation.base.PRDispatcher.dispatch(PRDispatcher.java:284)
	at de.uni_freiburg.informatik.ultimate.cdt.translation.implementation.base.CHandler.visit(CHandler.java:1427)
	at de.uni_freiburg.informatik.ultimate.cdt.translation.implementation.base.PRDispatcher.dispatch(PRDispatcher.java:222)
	at de.uni_freiburg.informatik.ultimate.cdt.translation.implementation.base.CHandler.handleCompoundStatement(CHandler.java:1088)
	at de.uni_freiburg.informatik.ultimate.cdt.translation.implementation.base.CHandler.visit(CHandler.java:1073)
	at de.uni_freiburg.informatik.ultimate.cdt.translation.implementation.base.PRDispatcher.dispatch(PRDispatcher.java:234)
	at de.uni_freiburg.informatik.ultimate.cdt.translation.implementation.base.chandler.FunctionHandler.handleFunctionDefinition(FunctionHandler.java:386)
	at de.uni_freiburg.informatik.ultimate.cdt.translation.implementation.base.CHandler.visit(CHandler.java:1512)
	at de.uni_freiburg.informatik.ultimate.cdt.translation.implementation.base.PRDispatcher.dispatch(PRDispatcher.java:157)
	at de.uni_freiburg.informatik.ultimate.cdt.translation.implementation.base.CHandler.processTUchild(CHandler.java:3421)
	at de.uni_freiburg.informatik.ultimate.cdt.translation.implementation.base.CHandler.visit(CHandler.java:2441)
	at de.uni_freiburg.informatik.ultimate.cdt.translation.implementation.base.CHandler.visit(CHandler.java:611)
	at de.uni_freiburg.informatik.ultimate.cdt.translation.implementation.base.PRDispatcher.dispatch(PRDispatcher.java:133)
	at de.uni_freiburg.informatik.ultimate.cdt.translation.implementation.base.MainTranslator.translate(MainTranslator.java:191)
	at de.uni_freiburg.informatik.ultimate.cdt.translation.implementation.base.MainTranslator.run(MainTranslator.java:117)
	at de.uni_freiburg.informatik.ultimate.cdt.translation.implementation.base.MainTranslator.<init>(MainTranslator.java:95)
	at de.uni_freiburg.informatik.ultimate.plugins.generator.cacsl2boogietranslator.CACSL2BoogieTranslatorObserver.finish(CACSL2BoogieTranslatorObserver.java:147)
	at de.uni_freiburg.informatik.ultimate.core.coreplugin.PluginConnector.runObserver(PluginConnector.java:167)
	at de.uni_freiburg.informatik.ultimate.core.coreplugin.PluginConnector.runTool(PluginConnector.java:150)
	at de.uni_freiburg.informatik.ultimate.core.coreplugin.PluginConnector.run(PluginConnector.java:127)
	at de.uni_freiburg.informatik.ultimate.core.coreplugin.ToolchainWalker.executePluginConnector(ToolchainWalker.java:233)
	at de.uni_freiburg.informatik.ultimate.core.coreplugin.ToolchainWalker.processPlugin(ToolchainWalker.java:227)
	at de.uni_freiburg.informatik.ultimate.core.coreplugin.ToolchainWalker.walkUnprotected(ToolchainWalker.java:144)
	at de.uni_freiburg.informatik.ultimate.core.coreplugin.ToolchainWalker.walk(ToolchainWalker.java:106)
	at de.uni_freiburg.informatik.ultimate.core.coreplugin.ToolchainManager$Toolchain.processToolchain(ToolchainManager.java:319)
	at de.uni_freiburg.informatik.ultimate.core.coreplugin.toolchain.DefaultToolchainJob.run(DefaultToolchainJob.java:145)
	at org.eclipse.core.internal.jobs.Worker.run(Worker.java:63)
[2024-08-23 17:58:08,363 INFO  L158              Benchmark]: Toolchain (without parser) took 9970.92ms. Allocated memory was 90.2MB in the beginning and 109.1MB in the end (delta: 18.9MB). Free memory was 53.7MB in the beginning and 35.3MB in the end (delta: 18.4MB). Peak memory consumption was 47.0MB. Max. memory is 16.1GB.
[2024-08-23 17:58:08,363 INFO  L158              Benchmark]: CDTParser took 0.47ms. Allocated memory is still 62.9MB. Free memory is still 38.0MB. There was no memory consumed. Max. memory is 16.1GB.
[2024-08-23 17:58:08,364 INFO  L158              Benchmark]: CACSL2BoogieTranslator took 9967.76ms. Allocated memory was 90.2MB in the beginning and 109.1MB in the end (delta: 18.9MB). Free memory was 53.7MB in the beginning and 35.3MB in the end (delta: 18.3MB). Peak memory consumption was 47.0MB. Max. memory is 16.1GB.
[2024-08-23 17:58:08,366 INFO  L338   ainManager$Toolchain]: #######################  End [Toolchain 1] #######################
 --- Results ---
 * Results from de.uni_freiburg.informatik.ultimate.core:
  - StatisticsResult: Toolchain Benchmarks
    Benchmark results are:
 * CDTParser took 0.47ms. Allocated memory is still 62.9MB. Free memory is still 38.0MB. There was no memory consumed. Max. memory is 16.1GB.
 * CACSL2BoogieTranslator took 9967.76ms. Allocated memory was 90.2MB in the beginning and 109.1MB in the end (delta: 18.9MB). Free memory was 53.7MB in the beginning and 35.3MB in the end (delta: 18.3MB). Peak memory consumption was 47.0MB. Max. memory is 16.1GB.
 * Results from de.uni_freiburg.informatik.ultimate.plugins.generator.cacsl2boogietranslator:
  - ExceptionOrErrorResult: IllegalArgumentException: Field 's' not in struct!
    de.uni_freiburg.informatik.ultimate.plugins.generator.cacsl2boogietranslator: IllegalArgumentException: Field 's' not in struct!: de.uni_freiburg.informatik.ultimate.cdt.translation.implementation.container.c.CStructOrUnion.getFieldType(CStructOrUnion.java:137)
RESULT: Ultimate could not prove your program: Toolchain returned no result.
Received shutdown request...
